{"numFailedTestSuites":2,"numFailedTests":18,"numPassedTestSuites":0,"numPassedTests":20,"numPendingTestSuites":0,"numPendingTests":0,"numRuntimeErrorTestSuites":0,"numTodoTests":0,"numTotalTestSuites":2,"numTotalTests":38,"openHandles":[],"snapshot":{"added":0,"didUpdate":false,"failure":false,"filesAdded":0,"filesRemoved":0,"filesRemovedList":[],"filesUnmatched":0,"filesUpdated":0,"matched":0,"total":0,"unchecked":0,"uncheckedKeysByFile":[],"unmatched":0,"updated":0},"startTime":1775757782755,"success":false,"testResults":[{"assertionResults":[{"ancestorTitles":["NeedsRegistry"],"duration":63,"failing":false,"failureDetails":[{"name":"TestingLibraryElementError"}],"failureMessages":["TestingLibraryElementError: Unable to find an accessible element with the role \"status\"\n\nThere are no accessible roles. But there might be some inaccessible roles. If you wish to access them, then set the `hidden` option to `true`. Learn more about this here: https://testing-library.com/docs/dom-testing-library/api-queries#byrole\n\nIgnored nodes: comments, script, style\n\u001b[36m<body>\u001b[39m\n  \u001b[36m<div>\u001b[39m\n    \u001b[36m<div\u001b[39m\n      \u001b[33mclass\u001b[39m=\u001b[32m\"flex justify-center items-center h-64\"\u001b[39m\n    \u001b[36m>\u001b[39m\n      \u001b[36m<div\u001b[39m\n        \u001b[33mclass\u001b[39m=\u001b[32m\"animate-spin rounded-full h-10 w-10 border-b-2 border-[#4CAF50]\"\u001b[39m\n      \u001b[36m/>\u001b[39m\n    \u001b[36m</div>\u001b[39m\n  \u001b[36m</div>\u001b[39m\n\u001b[36m</body>\u001b[39m\n    at Object.getElementError (C:\\Users\\tharu\\Documents\\GitHub\\LearnBridge\\apps\\web\\node_modules\\@testing-library\\dom\\dist\\config.js:37:19)\n    at C:\\Users\\tharu\\Documents\\GitHub\\LearnBridge\\apps\\web\\node_modules\\@testing-library\\dom\\dist\\query-helpers.js:76:38\n    at C:\\Users\\tharu\\Documents\\GitHub\\LearnBridge\\apps\\web\\node_modules\\@testing-library\\dom\\dist\\query-helpers.js:52:17\n    at C:\\Users\\tharu\\Documents\\GitHub\\LearnBridge\\apps\\web\\node_modules\\@testing-library\\dom\\dist\\query-helpers.js:95:19\n    at Object.getByRole (C:\\Users\\tharu\\Documents\\GitHub\\LearnBridge\\apps\\web\\src\\__tests__\\NeedsRegistry.test.jsx:59:19)\n    at Promise.finally.completed (C:\\Users\\tharu\\Documents\\GitHub\\LearnBridge\\apps\\web\\node_modules\\jest-circus\\build\\jestAdapterInit.js:1557:28)\n    at new Promise (<anonymous>)\n    at callAsyncCircusFn (C:\\Users\\tharu\\Documents\\GitHub\\LearnBridge\\apps\\web\\node_modules\\jest-circus\\build\\jestAdapterInit.js:1497:10)\n    at _callCircusTest (C:\\Users\\tharu\\Documents\\GitHub\\LearnBridge\\apps\\web\\node_modules\\jest-circus\\build\\jestAdapterInit.js:1007:40)\n    at _runTest (C:\\Users\\tharu\\Documents\\GitHub\\LearnBridge\\apps\\web\\node_modules\\jest-circus\\build\\jestAdapterInit.js:947:3)\n    at C:\\Users\\tharu\\Documents\\GitHub\\LearnBridge\\apps\\web\\node_modules\\jest-circus\\build\\jestAdapterInit.js:849:7\n    at _runTestsForDescribeBlock (C:\\Users\\tharu\\Documents\\GitHub\\LearnBridge\\apps\\web\\node_modules\\jest-circus\\build\\jestAdapterInit.js:862:11)\n    at _runTestsForDescribeBlock (C:\\Users\\tharu\\Documents\\GitHub\\LearnBridge\\apps\\web\\node_modules\\jest-circus\\build\\jestAdapterInit.js:857:11)\n    at run (C:\\Users\\tharu\\Documents\\GitHub\\LearnBridge\\apps\\web\\node_modules\\jest-circus\\build\\jestAdapterInit.js:761:3)\n    at runAndTransformResultsToJestFormat (C:\\Users\\tharu\\Documents\\GitHub\\LearnBridge\\apps\\web\\node_modules\\jest-circus\\build\\jestAdapterInit.js:1918:21)\n    at jestAdapter (C:\\Users\\tharu\\Documents\\GitHub\\LearnBridge\\apps\\web\\node_modules\\jest-circus\\build\\runner.js:101:19)\n    at runTestInternal (C:\\Users\\tharu\\Documents\\GitHub\\LearnBridge\\apps\\web\\node_modules\\jest-runner\\build\\index.js:275:16)\n    at runTest (C:\\Users\\tharu\\Documents\\GitHub\\LearnBridge\\apps\\web\\node_modules\\jest-runner\\build\\index.js:343:7)"],"fullName":"NeedsRegistry renders loading spinner initially","invocations":1,"location":null,"numPassingAsserts":0,"retryReasons":[],"startAt":1775757783774,"status":"failed","title":"renders loading spinner initially"},{"ancestorTitles":["NeedsRegistry"],"duration":42,"failing":false,"failureDetails":[],"failureMessages":[],"fullName":"NeedsRegistry renders needs registry heading","invocations":1,"location":null,"numPassingAsserts":1,"retryReasons":[],"startAt":1775757783847,"status":"passed","title":"renders needs registry heading"},{"ancestorTitles":["NeedsRegistry"],"duration":1013,"failing":false,"failureDetails":[{"name":"TestingLibraryElementError"}],"failureMessages":["Error: Found multiple elements with the text: Geometry Boxes\n\nHere are the matching elements:\n\nIgnored nodes: comments, script, style\n\u001b[36m<p\u001b[39m\n  \u001b[33mclass\u001b[39m=\u001b[32m\"font-semibold text-[#0A1D32]\"\u001b[39m\n\u001b[36m>\u001b[39m\n  \u001b[0mGeometry Boxes\u001b[0m\n\u001b[36m</p>\u001b[39m\n\nIgnored nodes: comments, script, style\n\u001b[36m<p\u001b[39m\n  \u001b[33mclass\u001b[39m=\u001b[32m\"font-semibold text-[#0A1D32] text-sm\"\u001b[39m\n\u001b[36m>\u001b[39m\n  \u001b[0mGeometry Boxes\u001b[0m\n\u001b[36m</p>\u001b[39m\n\n(If this is intentional, then use the `*AllBy*` variant of the query (like `queryAllByText`, `getAllByText`, or `findAllByText`)).\n\nIgnored nodes: comments, script, style\n\u001b[36m<body>\u001b[39m\n  \u001b[36m<div>\u001b[39m\n    \u001b[36m<div\u001b[39m\n      \u001b[33mclass\u001b[39m=\u001b[32m\"p-4 sm:p-8 min-h-screen\"\u001b[39m\n    \u001b[36m>\u001b[39m\n      \u001b[36m<div\u001b[39m\n        \u001b[33mclass\u001b[39m=\u001b[32m\"flex flex-col sm:flex-row sm:items-center justify-between gap-3 mb-1\"\u001b[39m\n      \u001b[36m>\u001b[39m\n        \u001b[36m<div>\u001b[39m\n          \u001b[36m<h1\u001b[39m\n            \u001b[33mclass\u001b[39m=\u001b[32m\"text-xl sm:text-2xl font-bold text-[#0A1D32]\"\u001b[39m\n          \u001b[36m>\u001b[39m\n            \u001b[0mNeeds Registry\u001b[0m\n          \u001b[36m</h1>\u001b[39m\n          \u001b[36m<p\u001b[39m\n            \u001b[33mclass\u001b[39m=\u001b[32m\"text-slate-500 text-sm mt-0.5\"\u001b[39m\n          \u001b[36m>\u001b[39m\n            \u001b[0mPost and manage your school's resource requirements.\u001b[0m\n          \u001b[36m</p>\u001b[39m\n        \u001b[36m</div>\u001b[39m\n        \u001b[36m<button\u001b[39m\n          \u001b[33mclass\u001b[39m=\u001b[32m\"w-full sm:w-auto px-5 py-2.5 text-sm font-semibold rounded-xl bg-linear-to-r from-[#207D86] to-[#4CAF50] text-white hover:shadow-lg hover:scale-[1.02] transition-all duration-200\"\u001b[39m\n        \u001b[36m>\u001b[39m\n          \u001b[0m+ Post New Need\u001b[0m\n        \u001b[36m</button>\u001b[39m\n      \u001b[36m</div>\u001b[39m\n      \u001b[36m<div\u001b[39m\n        \u001b[33mclass\u001b[39m=\u001b[32m\"grid grid-cols-2 lg:grid-cols-4 gap-3 sm:gap-4 mt-6 mb-8\"\u001b[39m\n      \u001b[36m>\u001b[39m\n        \u001b[36m<div\u001b[39m\n          \u001b[33mclass\u001b[39m=\u001b[32m\"bg-linear-to-r from-[#207D86] to-[#4CAF50] rounded-2xl p-4 sm:p-5 text-white shadow-lg\"\u001b[39m\n        \u001b[36m>\u001b[39m\n          \u001b[36m<div\u001b[39m\n            \u001b[33mclass\u001b[39m=\u001b[32m\"flex items-center justify-between\"\u001b[39m\n          \u001b[36m>\u001b[39m\n            \u001b[36m<div>\u001b[39m\n              \u001b[36m<p\u001b[39m\n                \u001b[33mclass\u001b[39m=\u001b[32m\"text-xs text-white/70 font-medium\"\u001b[39m\n              \u001b[36m>\u001b[39m\n                \u001b[0mTotal Posted\u001b[0m\n              \u001b[36m</p>\u001b[39m\n              \u001b[36m<p\u001b[39m\n                \u001b[33mclass\u001b[39m=\u001b[32m\"text-2xl sm:text-3xl font-bold mt-1\"\u001b[39m\n              \u001b[36m>\u001b[39m\n                \u001b[0m2\u001b[0m\n              \u001b[36m</p>\u001b[39m\n            \u001b[36m</div>\u001b[39m\n            \u001b[36m<span\u001b[39m\n              \u001b[33mclass\u001b[39m=\u001b[32m\"text-2xl sm:text-3xl\"\u001b[39m\n            \u001b[36m>\u001b[39m\n              \u001b[0m📋\u001b[0m\n            \u001b[36m</span>\u001b[39m\n          \u001b[36m</div>\u001b[39m\n        \u001b[36m</div>\u001b[39m\n        \u001b[36m<div\u001b[39m\n          \u001b[33mclass\u001b[39m=\u001b[32m\"bg-linear-to-r from-blue-500 to-blue-600 rounded-2xl p-4 sm:p-5 text-white shadow-lg\"\u001b[39m\n        \u001b[36m>\u001b[39m\n          \u001b[36m<div\u001b[39m\n            \u001b[33mclass\u001b[39m=\u001b[32m\"flex items-center justify-between\"\u001b[39m\n          \u001b[36m>\u001b[39m\n            \u001b[36m<div>\u001b[39m\n              \u001b[36m<p\u001b[39m\n                \u001b[33mclass\u001b[39m=\u001b[32m\"text-xs text-white/70 font-medium\"\u001b[39m\n              \u001b[36m>\u001b[39m\n                \u001b[0mOpen\u001b[0m\n              \u001b[36m</p>\u001b[39m\n              \u001b[36m<p\u001b[39m\n                \u001b[33mclass\u001b[39m=\u001b[32m\"text-2xl sm:text-3xl font-bold mt-1\"\u001b[39m\n              \u001b[36m>\u001b[39m\n                \u001b[0m1\u001b[0m\n              \u001b[36m</p>\u001b[39m\n            \u001b[36m</div>\u001b[39m\n            \u001b[36m<span\u001b[39m\n              \u001b[33mclass\u001b[39m=\u001b[32m\"text-2xl sm:text-3xl\"\u001b[39m\n            \u001b[36m>\u001b[39m\n              \u001b[0m🟢\u001b[0m\n            \u001b[36m</span>\u001b[39m\n          \u001b[36m</div>\u001b[39m\n        \u001b[36m</div>\u001b[39m\n        \u001b[36m<div\u001b[39m\n          \u001b[33mclass\u001b[39m=\u001b[32m\"bg-linear-to-r from-yellow-400 to-yellow-500 rounded-2xl p-4 sm:p-5 text-white shadow-lg\"\u001b[39m\n        \u001b[36m>\u001b[39m\n          \u001b[36m<div\u001b[39m\n            \u001b[33mclass\u001b[39m=\u001b[32m\"flex items-center justify-between\"\u001b[39m\n          \u001b[36m>\u001b[39m\n            \u001b[36m<div>\u001b[39m\n              \u001b[36m<p\u001b[39m\n                \u001b[33mclass\u001b[39m=\u001b[32m\"text-xs text-white/70 font-medium\"\u001b[39m\n              \u001b[36m>\u001b[39m\n                \u001b[0mPledged\u001b[0m\n              \u001b[36m</p>\u001b[39m\n              \u001b[36m<p\u001b[39m\n                \u001b[33mclass\u001b[39m=\u001b[32m\"text-2xl sm:text-3xl font-bold mt-1\"\u001b[39m\n              \u001b[36m>\u001b[39m\n                \u001b[0m0\u001b[0m\n              \u001b[36m</p>\u001b[39m\n            \u001b[36m</div>\u001b[39m\n            \u001b[36m<span\u001b[39m\n              \u001b[33mclass\u001b[39m=\u001b[32m\"text-2xl sm:text-3xl\"\u001b[39m\n            \u001b[36m>\u001b[39m\n              \u001b[0m⏳\u001b[0m\n            \u001b[36m</span>\u001b[39m\n          \u001b[36m</div>\u001b[39m\n        \u001b[36m</div>\u001b[39m\n        \u001b[36m<div\u001b[39m\n          \u001b[33mclass\u001b[39m=\u001b[32m\"bg-linear-to-r from-green-400 to-green-600 rounded-2xl p-4 sm:p-5 text-white shadow-lg\"\u001b[39m\n        \u001b[36m>\u001b[39m\n          \u001b[36m<div\u001b[39m\n            \u001b[33mclass\u001b[39m=\u001b[32m\"flex items-center justify-between\"\u001b[39m\n          \u001b[36m>\u001b[39m\n            \u001b[36m<div>\u001b[39m\n              \u001b[36m<p\u001b[39m\n                \u001b[33mclass\u001b[39m=\u001b[32m\"text-xs text-white/70 font-medium\"\u001b[39m\n              \u001b[36m>\u001b[39m\n                \u001b[0mFulfilled\u001b[0m\n              \u001b[36m</p>\u001b[39m\n              \u001b[36m<p\u001b[39m\n                \u001b[33mclass\u001b[39m=\u001b[32m\"text-2xl sm:text-3xl font-bold mt-1\"\u001b[39m\n              \u001b[36m>\u001b[39m\n                \u001b[0m1\u001b[0m\n              \u001b[36m</p>\u001b[39m\n            \u001b[36m</div>\u001b[39m\n            \u001b[36m<span\u001b[39m\n              \u001b[33mclass\u001b[39m=\u001b[32m\"text-2xl sm:text-3xl\"\u001b[39m\n            \u001b[36m>\u001b[39m\n              \u001b[0m✅\u001b[0m\n            \u001b[36m</span>\u001b[39m\n          \u001b[36m</div>\u001b[39m\n        \u001b[36m</div>\u001b[39m\n      \u001b[36m</div>\u001b[39m\n      \u001b[36m<div\u001b[39m\n        \u001b[33mclass\u001b[39m=\u001b[32m\"hidden md:block bg-white rounded-2xl border border-slate-100 shadow-sm overflow-hidden\"\u001b[39m\n      \u001b[36m>\u001b[39m\n        \u001b[36m<table\u001b[39m\n          \u001b[33mclass\u001b[39m=\u001b[32m\"w-full text-sm\"\u001b[39m\n        \u001b[36m>\u001b[39m\n          \u001b[36m<thead>\u001b[39m\n            \u001b[36m<tr\u001b[39m\n              \u001b[33mclass\u001b[39m=\u001b[32m\"bg-slate-50 text-slate-400 text-xs uppercase tracking-widest\"\u001b[39m\n            \u001b[36m>\u001b[39m\n              \u001b[36m<th\u001b[39m\n                \u001b[33mclass\u001b[39m=\u001b[32m\"text-left px-6 py-4 font-semibold\"\u001b[39m\n              \u001b[36m>\u001b[39m\n                \u001b[0mItem\u001b[0m\n              \u001b[36m</th>\u001b[39m\n              \u001b[36m<th\u001b[39m\n                \u001b[33mclass\u001b[39m=\u001b[32m\"text-left px-6 py-4 font-semibold\"\u001b[39m\n              \u001b[36m>\u001b[39m\n                \u001b[0mQty\u001b[0m\n              \u001b[36m</th>\u001b[39m\n              \u001b[36m<th\u001b[39m\n                \u001b[33mclass\u001b[39m=\u001b[32m\"text-left px-6 py-4 font-semibold\"\u001b[39m\n              \u001b[36m>\u001b[39m\n                \u001b[0mAmount (LKR)\u001b[0m\n              \u001b[36m</th>\u001b[39m\n              \u001b[36m<th\u001b[39m\n                \u001b[33mclass\u001b[39m=\u001b[32m\"text-left px-6 py-4 font-semibold\"\u001b[39m\n              \u001b[36m>\u001b[39m\n                \u001b[0mUrgency\u001b[0m\n              \u001b[36m</th>\u001b[39m\n              \u001b[36m<th\u001b[39m\n                \u001b[33mclass\u001b[39m=\u001b[32m\"text-left px-6 py-4 font-semibold\"\u001b[39m\n              \u001b[36m>\u001b[39m\n                \u001b[0mStatus\u001b[0m\n              \u001b[36m</th>\u001b[39m\n              \u001b[36m<th\u001b[39m\n                \u001b[33mclass\u001b[39m=\u001b[32m\"text-left px-6 py-4 font-semibold\"\u001b[39m\n              \u001b[36m>\u001b[39m\n                \u001b[0mPosted\u001b[0m\n              \u001b[36m</th>\u001b[39m\n              \u001b[36m<th\u001b[39m\n                \u001b[33mclass\u001b[39m=\u001b[32m\"text-right px-6 py-4 font-semibold\"\u001b[39m\n              \u001b[36m>\u001b[39m\n                \u001b[0mActions\u001b[0m\n              \u001b[36m</th>\u001b[39m\n            \u001b[36m</tr>\u001b[39m\n          \u001b[36m</thead>\u001b[39m\n          \u001b[36m<tbody>\u001b[39m\n            \u001b[36m<tr\u001b[39m\n              \u001b[33mclass\u001b[39m=\u001b[32m\"border-t border-slate-50 hover:bg-[#207D86]/5 transition-all duration-150 bg-white\"\u001b[39m\n            \u001b[36m>\u001b[39m\n              \u001b[36m<td\u001b[39m\n                \u001b[33mclass\u001b[39m=\u001b[32m\"px-6 py-4\"\u001b[39m\n              \u001b[36m>\u001b[39m\n                \u001b[36m<p\u001b[39m\n                  \u001b[33mclass\u001b[39m=\u001b[32m\"font-semibold text-[#0A1D32]\"\u001b[39m\n                \u001b[36m>\u001b[39m\n                  \u001b[0mGeometry Boxes\u001b[0m\n                \u001b[36m</p>\u001b[39m\n                \u001b[36m<p\u001b[39m\n                  \u001b[33mclass\u001b[39m=\u001b[32m\"text-xs text-slate-400 mt-0.5 line-clamp-1\"\u001b[39m\n                \u001b[36m>\u001b[39m\n                  \u001b[0mFor grade 10\u001b[0m\n                \u001b[36m</p>\u001b[39m\n              \u001b[36m</td>\u001b[39m\n              \u001b[36m<td\u001b[39m\n                \u001b[33mclass\u001b[39m=\u001b[32m\"px-6 py-4 text-slate-600 font-medium\"\u001b[39m\n              \u001b[36m>\u001b[39m\n                \u001b[0m5\u001b[0m\n              \u001b[36m</td>\u001b[39m\n              \u001b[36m<td\u001b[39m\n                \u001b[33mclass\u001b[39m=\u001b[32m\"px-6 py-4 text-slate-600 font-medium\"\u001b[39m\n              \u001b[36m>\u001b[39m\n                \u001b[0mRs. 2,500\u001b[0m\n              \u001b[36m</td>\u001b[39m\n              \u001b[36m<td\u001b[39m\n                \u001b[33mclass\u001b[39m=\u001b[32m\"px-6 py-4\"\u001b[39m\n              \u001b[36m>\u001b[39m\n                \u001b[36m<span\u001b[39m\n                  \u001b[33mclass\u001b[39m=\u001b[32m\"text-xs font-semibold px-2.5 py-1 rounded-full bg-red-500/10 text-red-400 border border-red-500/30\"\u001b[39m\n                \u001b[36m>\u001b[39m\n                  \u001b[0mHigh\u001b[0m\n                \u001b[36m</span>\u001b[39m\n              \u001b[36m</td>\u001b[39m\n              \u001b[36m<td\u001b[39m\n                \u001b[33mclass\u001b[39m=\u001b[32m\"px-6 py-4\"\u001b[39m\n              \u001b[36m>\u001b[39m\n                \u001b[36m<span\u001b[39m\n                  \u001b[33mclass\u001b[39m=\u001b[32m\"text-xs font-semibold px-2.5 py-1 rounded-full bg-[#207D86]/10 text-[#207D86]\"\u001b[39m\n                \u001b[36m>\u001b[39m\n                  \u001b[0mOpen\u001b[0m\n                \u001b[36m</span>\u001b[39m\n              \u001b[36m</td>\u001b[39m\n              \u001b[36m<td\u001b[39m\n                \u001b[33mclass\u001b[39m=\u001b[32m\"px-6 py-4 text-xs text-slate-400\"\u001b[39m\n              \u001b[36m>\u001b[39m\n                \u001b[0m4/9/2026\u001b[0m\n              \u001b[36m</td>\u001b[39m\n              \u001b[36m<td\u001b[39m\n                \u001b[33mclass\u001b[39m=\u001b[32m\"px-6 py-4\"\u001b[39m\n              \u001b[36m>\u001b[39m\n                \u001b[36m<div\u001b[39m\n                  \u001b[33mclass\u001b[39m=\u001b[32m\"flex gap-2 justify-end\"\u001b[39m\n                \u001b[36m>\u001b[39m\n                  \u001b[36m<button\u001b[39m\n                    \u001b[33mclass\u001b[39m=\u001b[32m\"px-3 py-1.5 text-xs font-medium rounded-lg bg-[#207D86]/10 text-[#207D86] hover:bg-[#207D86]/20 transition\"\u001b[39m\n                  \u001b[36m>\u001b[39m\n                    \u001b[0mEdit\u001b[0m\n                  \u001b[36m</button>\u001b[39m\n                  \u001b[36m<button\u001b[39m\n                    \u001b[33mclass\u001b[39m=\u001b[32m\"px-3 py-1.5 text-xs font-medium rounded-lg bg-red-500/10 text-red-400 hover:bg-red-500/20 transition disabled:opacity-50\"\u001b[39m\n                  \u001b[36m>\u001b[39m\n                    \u001b[0mDelete\u001b[0m\n                  \u001b[36m</button>\u001b[39m\n                \u001b[36m</div>\u001b[39m\n              \u001b[36m</td>\u001b[39m\n            \u001b[36m</tr>\u001b[39m\n            \u001b[36m<tr\u001b[39m\n              \u001b[33mclass\u001b[39m=\u001b[32m\"border-t border-slate-50 hover:bg-[#207D86]/5 transition-all duration-150 bg-slate-50/30\"\u001b[39m\n            \u001b[36m>\u001b[39m\n              \u001b[36m<td\u001b[39m\n                \u001b[33mclass\u001b[39m=\u001b[32m\"px-6 py-4\"\u001b[39m\n              \u001b[36m>\u001b[39m\n                \u001b[36m<p\u001b[39m\n                  \u001b[33mclass\u001b[39m=\u001b[32m\"font-semibold text-[#0A1D32]\"\u001b[39m\n                \u001b[36m>\u001b[39m\n                  \u001b[0mNotebooks\u001b[0m\n                \u001b[36m</p>\u001b[39m\n                \u001b[36m<p\u001b[39m\n                  \u001b[33mclass\u001b[39m=\u001b[32m\"text-xs text-slate-400 mt-0.5 line-clamp-1\"\u001b[39m\n                \u001b[36m>\u001b[39m\n                  \u001b[0mA4 notebooks\u001b[0m\n                \u001b[36m</p>\u001b[39m\n              \u001b[36m</td>\u001b[39m\n              \u001b[36m<td\u001b[39m\n                \u001b[33mclass\u001b[39m=\u001b[32m\"px-6 py-4 text-slate-600 font-medium\"\u001b[39m\n              \u001b[36m>\u001b[39m\n                \u001b[0m20\u001b[0m\n              \u001b[36m</td>\u001b[39m\n              \u001b[36m<td\u001b[39m\n                \u001b[33mclass\u001b[39m=\u001b[32m\"px-6 py-4 text-slate-600 font-medium\"\u001b[39m\n              \u001b[36m>\u001b[39m\n                \u001b[0mRs. 1,500\u001b[0m\n              \u001b[36m</td>\u001b[39m\n              \u001b[36m<td\u001b[39m\n                \u001b[33mclass\u001b[39m=\u001b[32m\"px-6 py-4\"\u001b[39m\n              \u001b[36m>\u001b[39m\n                \u001b[36m<span\u001b[39m\n                  \u001b[33mclass\u001b[39m=\u001b[32m\"text-xs font-semibold px-2.5 py-1 rounded-full bg-yellow-500/10 text-yellow-400 border border-yellow-500/30\"\u001b[39m\n                \u001b[36m>\u001b[39m\n                  \u001b[0mMedium\u001b[0m\n                \u001b[36m</span>\u001b[39m\n              \u001b[36m</td>\u001b[39m\n              \u001b[36m<td\u001b[39m\n                \u001b[33mclass\u001b[39m=\u001b[32m\"px-6 py-4\"\u001b[39m\n              \u001b[36m>\u001b[39m\n                \u001b[36m<span\u001b[39m\n                  \u001b[33mclass\u001b[39m=\u001b[32m\"text-xs font-semibold px-2.5 py-1 rounded-full bg-green-500/10 text-green-500\"\u001b[39m\n                \u001b[36m>\u001b[39m\n                  \u001b[0mFulfilled\u001b[0m\n                \u001b[36m</span>\u001b[39m\n              \u001b[36m</td>\u001b[39m\n              \u001b[36m<td\u001b[39m\n                \u001b[33mclass\u001b[39m=\u001b[32m\"px-6 py-4 text-xs text-slate-400\"\u001b[39m\n              \u001b[36m>\u001b[39m\n                \u001b[0m4/9/2026\u001b[0m\n              \u001b[36m</td>\u001b[39m\n              \u001b[36m<td\u001b[39m\n                \u001b[33mclass\u001b[39m=\u001b[32m\"px-6 py-4\"\u001b[39m\n              \u001b[36m>\u001b[39m\n                \u001b[36m<div\u001b[39m\n                  \u001b[33mclass\u001b[39m=\u001b[32m\"flex gap-2 justify-end\"\u001b[39m\n                \u001b[36m>\u001b[39m\n                  \u001b[36m<span\u001b[39m\n                    \u001b[33mclass\u001b[39m=\u001b[32m\"text-xs text-slate-300 italic\"\u001b[39m\n                  \u001b[36m>\u001b[39m\n                    \u001b[0mLocked\u001b[0m\n                  \u001b[36m</span>\u001b[39m\n                \u001b[36m</div>\u001b[39m\n              \u001b[36m</td>\u001b[39m\n            \u001b[36m</tr>\u001b[39m\n          \u001b[36m</tbody>\u001b[39m\n        \u001b[36m</table>\u001b[39m\n      \u001b[36m</div>\u001b[39m\n      \u001b[36m<div\u001b[39m\n        \u001b[33mclass\u001b[39m=\u001b[32m\"md:hidden flex flex-col gap-4\"\u001b[39m\n      \u001b[36m>\u001b[39m\n        \u001b[36m<div\u001b[39m\n          \u001b[33mclass\u001b[39m=\u001b[32m\"bg-white rounded-2xl border border-slate-100 shadow-sm p-5 flex flex-col gap-3\"\u001b[39m\n        \u001b[36m>\u001b[39m\n          \u001b[36m<div\u001b[39m\n            \u001b[33mclass\u001b[39m=\u001b[32m\"flex items-start justify-between gap-2\"\u001b[39m\n          \u001b[36m>\u001b[39m\n            \u001b[36m<div\u001b[39m\n              \u001b[33mclass\u001b[39m=\u001b[32m\"flex-1\"\u001b[39m\n            \u001b[36m>\u001b[39m\n              \u001b[36m<p\u001b[39m\n                \u001b[33mclass\u001b[39m=\u001b[32m\"font-semibold text-[#0A1D32] text-sm\"\u001b[39m\n              \u001b[36m>\u001b[39m\n                \u001b[0mGeometry Boxes\u001b[0m\n              \u001b[36m</p>\u001b[39m\n              \u001b[36m<p\u001b[39m\n                \u001b[33mclass\u001b[39m=\u001b[32m\"text-xs text-slate-400 mt-0.5 line-clamp-2\"\u001b[39m\n              \u001b[36m>\u001b[39m\n                \u001b[0mFor grade 10\u001b[0m\n              \u001b[36m</p>\u001b[39m\n            \u001b[36m</div>\u001b[39m\n            \u001b[36m<span\u001b[39m\n              \u001b[33mclass\u001b[39m=\u001b[32m\"text-xs font-semibold px-2.5 py-1 rounded-full shrink-0 bg-red-500/10 text-red-400 border border-red-500/30\"\u001b[39m\n            \u001b[36m>\u001b[39m\n              \u001b[0mHigh\u001b[0m\n            \u001b[36m</span>\u001b[39m\n          \u001b[36m</div>\u001b[39m\n          \u001b[36m<div\u001b[39m\n            \u001b[33mclass\u001b[39m=\u001b[32m\"flex flex-wrap gap-3 text-xs text-slate-500\"\u001b[39m\n          \u001b[36m>\u001b[39m\n            \u001b[36m<span>\u001b[39m\n              \u001b[0m📦 Qty: \u001b[0m\n              \u001b[36m<strong\u001b[39m\n                \u001b[33mclass\u001b[39m=\u001b[32m\"text-slate-700\"\u001b[39m\n              \u001b[36m>\u001b[39m\n                \u001b[0m5\u001b[0m\n              \u001b[36m</strong>\u001b[39m\n            \u001b[36m</span>\u001b[39m\n            \u001b[36m<span>\u001b[39m\n              \u001b[0m💰 \u001b[0m\n              \u001b[36m<strong\u001b[39m\n                \u001b[33mclass\u001b[39m=\u001b[32m\"text-slate-700\"\u001b[39m\n              \u001b[36m>\u001b[39m\n                \u001b[0mRs. 2,500\u001b[0m\n              \u001b[36m</strong>\u001b[39m\n            \u001b[36m</span>\u001b[39m\n            \u001b[36m<span>\u001b[39m\n              \u001b[0m📅 \u001b[0m\n              \u001b[0m4/9/2026\u001b[0m\n            \u001b[36m</span>\u001b[39m\n          \u001b[36m</div>\u001b[39m\n          \u001b[36m<div\u001b[39m\n            \u001b[33mclass\u001b[39m=\u001b[32m\"flex items-center justify-between pt-2 border-t border-slate-100\"\u001b[39m\n          \u001b[36m>\u001b[39m\n            \u001b[36m<span\u001b[39m\n              \u001b[33mclass\u001b[39m=\u001b[32m\"text-xs font-semibold px-2.5 py-1 rounded-full bg-[#207D86]/10 text-[#207D86]\"\u001b[39m\n            \u001b[36m>\u001b[39m\n              \u001b[0mOpen\u001b[0m\n            \u001b[36m</span>\u001b[39m\n            \u001b[36m<div\u001b[39m\n              \u001b[33mclass\u001b[39m=\u001b[32m\"flex gap-2\"\u001b[39m\n            \u001b[36m>\u001b[39m\n              \u001b[36m<button\u001b[39m\n                \u001b[33mclass\u001b[39m=\u001b[32m\"px-3 py-1.5 text-xs font-medium rounded-lg bg-[#207D86]/10 text-[#207D86] hover:bg-[#207D86]/20 transition\"\u001b[39m\n              \u001b[36m>\u001b[39m\n                \u001b[0mEdit\u001b[0m\n              \u001b[36m</button>\u001b[39m\n              \u001b[36m<button\u001b[39m\n                \u001b[33mclass\u001b[39m=\u001b[32m\"px-3 py-1.5 text-xs font-medium rounded-lg bg-red-500/10 text-red-400 hover:bg-red-500/20 transition disabled:opacity-50\"\u001b[39m\n              \u001b[36m>\u001b[39m\n                \u001b[0mDelete\u001b[0m\n              \u001b[36m</button>\u001b[39m\n            \u001b[36m</div>\u001b[39m\n          \u001b[36m</div>\u001b[39m\n        \u001b[36m</div>\u001b[39m\n        \u001b[36m<div\u001b[39m\n          \u001b[33mclass\u001b[39m=\u001b[32m\"bg-white rounded-2xl border border-slate-100 shadow-sm p-5 flex flex-col gap-3\"\u001b[39m\n        \u001b[36m>\u001b[39m\n          \u001b[36m<div\u001b[39m\n            \u001b[33mclass\u001b[39m=\u001b[32m\"flex items-start justify-between gap-2\"\u001b[39m\n          \u001b[36m>\u001b[39m\n            \u001b[36m<div\u001b[39m\n              \u001b[33mclass\u001b[39m=\u001b[32m\"flex-1\"\u001b[39m\n            \u001b[36m>\u001b[39m\n              \u001b[36m<p\u001b[39m\n                \u001b[33mclass\u001b[39m=\u001b[32m\"font-semibold text-[#0A1D32] text-sm\"\u001b[39m\n              \u001b[36m>\u001b[39m\n                \u001b[0mNotebooks\u001b[0m\n              \u001b[36m</p>\u001b[39m\n              \u001b[36m<p\u001b[39m\n                \u001b[33mclass\u001b[39m=\u001b[32m\"text-xs text-slate-400 mt-0.5 line-clamp-2\"\u001b[39m\n              \u001b[36m>\u001b[39m\n                \u001b[0mA4 notebooks\u001b[0m\n              \u001b[36m</p>\u001b[39m\n            \u001b[36m</div>\u001b[39m\n            \u001b[36m<span\u001b[39m\n              \u001b[33mclass\u001b[39m=\u001b[32m\"text-xs font-semibold px-2.5 py-1 rounded-full shrink-0 bg-yellow-500/10 text-yellow-400 border border-yellow-500/30\"\u001b[39m\n            \u001b[36m>\u001b[39m\n              \u001b[0mMedium\u001b[0m\n            \u001b[36m</span>\u001b[39m\n          \u001b[36m</div>\u001b[39m\n          \u001b[36m<div\u001b[39m\n            \u001b[33mclass\u001b[39m=\u001b[32m\"flex flex-wrap gap-3 text-xs text-slate-500\"\u001b[39m\n          \u001b[36m>\u001b[39m\n            \u001b[36m<span>\u001b[39m\n              \u001b[0m📦 Qty: \u001b[0m\n              \u001b[36m<strong\u001b[39m\n                \u001b[33mclass\u001b[39m=\u001b[32m\"text-slate-700\"\u001b[39m\n              \u001b[36m>\u001b[39m\n                \u001b[0m20\u001b[0m\n              \u001b[36m</strong>\u001b[39m\n            \u001b[36m</span>\u001b[39m\n            \u001b[36m<span>\u001b[39m\n              \u001b[0m💰 \u001b[0m\n              \u001b[36m<strong\u001b[39m\n                \u001b[33mclass\u001b[39m=\u001b[32m\"text-slate-700\"\u001b[39m\n              \u001b[36m>\u001b[39m\n                \u001b[0mRs. 1,500\u001b[0m\n              \u001b[36m</strong>\u001b[39m\n            \u001b[36m</span>\u001b[39m\n            \u001b[36m<span>\u001b[39m\n              \u001b[0m📅 \u001b[0m\n              \u001b[0m4/9/2026\u001b[0m\n            \u001b[36m</span>\u001b[39m\n          \u001b[36m</div>\u001b[39m\n          \u001b[36m<div\u001b[39m\n            \u001b[33mclass\u001b[39m=\u001b[32m\"flex items-center justify-between pt-2 border-t border-slate-100\"\u001b[39m\n          \u001b[36m>\u001b[39m\n            \u001b[36m<span\u001b[39m\n              \u001b[33mclass\u001b[39m=\u001b[32m\"text-xs font-semibold px-2.5 py-1 rounded-full bg-green-500/10 text-green-500\"\u001b[39m\n            \u001b[36m>\u001b[39m\n              \u001b[0mFulfilled\u001b[0m\n            \u001b[36m</span>\u001b[39m\n            \u001b[36m<span\u001b[39m\n              \u001b[33mclass\u001b[39m=\u001b[32m\"text-xs text-slate-300 italic\"\u001b[39m\n            \u001b[36m>\u001b[39m\n              \u001b[0mLocked\u001b[0m\n            \u001b[36m</span>\u001b[39m\n          \u001b[36m</div>\u001b[39m\n        \u001b[36m</div>\u001b[39m\n      \u001b[36m</div>\u001b[39m\n    \u001b[36m</div>\u001b[39m\n  \u001b[36m</div>\u001b[39m\n\u001b[36m</body>\u001b[39m\n    at waitForWrapper (C:\\Users\\tharu\\Documents\\GitHub\\LearnBridge\\apps\\web\\node_modules\\@testing-library\\dom\\dist\\wait-for.js:163:27)\n    at Object.<anonymous> (C:\\Users\\tharu\\Documents\\GitHub\\LearnBridge\\apps\\web\\src\\__tests__\\NeedsRegistry.test.jsx:72:18)\n    at Promise.finally.completed (C:\\Users\\tharu\\Documents\\GitHub\\LearnBridge\\apps\\web\\node_modules\\jest-circus\\build\\jestAdapterInit.js:1557:28)\n    at new Promise (<anonymous>)\n    at callAsyncCircusFn (C:\\Users\\tharu\\Documents\\GitHub\\LearnBridge\\apps\\web\\node_modules\\jest-circus\\build\\jestAdapterInit.js:1497:10)\n    at _callCircusTest (C:\\Users\\tharu\\Documents\\GitHub\\LearnBridge\\apps\\web\\node_modules\\jest-circus\\build\\jestAdapterInit.js:1007:40)\n    at _runTest (C:\\Users\\tharu\\Documents\\GitHub\\LearnBridge\\apps\\web\\node_modules\\jest-circus\\build\\jestAdapterInit.js:947:3)\n    at C:\\Users\\tharu\\Documents\\GitHub\\LearnBridge\\apps\\web\\node_modules\\jest-circus\\build\\jestAdapterInit.js:849:7\n    at _runTestsForDescribeBlock (C:\\Users\\tharu\\Documents\\GitHub\\LearnBridge\\apps\\web\\node_modules\\jest-circus\\build\\jestAdapterInit.js:862:11)\n    at _runTestsForDescribeBlock (C:\\Users\\tharu\\Documents\\GitHub\\LearnBridge\\apps\\web\\node_modules\\jest-circus\\build\\jestAdapterInit.js:857:11)\n    at run (C:\\Users\\tharu\\Documents\\GitHub\\LearnBridge\\apps\\web\\node_modules\\jest-circus\\build\\jestAdapterInit.js:761:3)\n    at runAndTransformResultsToJestFormat (C:\\Users\\tharu\\Documents\\GitHub\\LearnBridge\\apps\\web\\node_modules\\jest-circus\\build\\jestAdapterInit.js:1918:21)\n    at jestAdapter (C:\\Users\\tharu\\Documents\\GitHub\\LearnBridge\\apps\\web\\node_modules\\jest-circus\\build\\runner.js:101:19)\n    at runTestInternal (C:\\Users\\tharu\\Documents\\GitHub\\LearnBridge\\apps\\web\\node_modules\\jest-runner\\build\\index.js:275:16)\n    at runTest (C:\\Users\\tharu\\Documents\\GitHub\\LearnBridge\\apps\\web\\node_modules\\jest-runner\\build\\index.js:343:7)"],"fullName":"NeedsRegistry renders all needs from API","invocations":1,"location":null,"numPassingAsserts":0,"retryReasons":[],"startAt":1775757783890,"status":"failed","title":"renders all needs from API"},{"ancestorTitles":["NeedsRegistry"],"duration":1011,"failing":false,"failureDetails":[{"name":"TestingLibraryElementError"}],"failureMessages":["Error: Found multiple elements with the text: Open\n\nHere are the matching elements:\n\nIgnored nodes: comments, script, style\n\u001b[36m<p\u001b[39m\n  \u001b[33mclass\u001b[39m=\u001b[32m\"text-xs text-white/70 font-medium\"\u001b[39m\n\u001b[36m>\u001b[39m\n  \u001b[0mOpen\u001b[0m\n\u001b[36m</p>\u001b[39m\n\nIgnored nodes: comments, script, style\n\u001b[36m<span\u001b[39m\n  \u001b[33mclass\u001b[39m=\u001b[32m\"text-xs font-semibold px-2.5 py-1 rounded-full bg-[#207D86]/10 text-[#207D86]\"\u001b[39m\n\u001b[36m>\u001b[39m\n  \u001b[0mOpen\u001b[0m\n\u001b[36m</span>\u001b[39m\n\nIgnored nodes: comments, script, style\n\u001b[36m<span\u001b[39m\n  \u001b[33mclass\u001b[39m=\u001b[32m\"text-xs font-semibold px-2.5 py-1 rounded-full bg-[#207D86]/10 text-[#207D86]\"\u001b[39m\n\u001b[36m>\u001b[39m\n  \u001b[0mOpen\u001b[0m\n\u001b[36m</span>\u001b[39m\n\n(If this is intentional, then use the `*AllBy*` variant of the query (like `queryAllByText`, `getAllByText`, or `findAllByText`)).\n\nIgnored nodes: comments, script, style\n\u001b[36m<body>\u001b[39m\n  \u001b[36m<div>\u001b[39m\n    \u001b[36m<div\u001b[39m\n      \u001b[33mclass\u001b[39m=\u001b[32m\"p-4 sm:p-8 min-h-screen\"\u001b[39m\n    \u001b[36m>\u001b[39m\n      \u001b[36m<div\u001b[39m\n        \u001b[33mclass\u001b[39m=\u001b[32m\"flex flex-col sm:flex-row sm:items-center justify-between gap-3 mb-1\"\u001b[39m\n      \u001b[36m>\u001b[39m\n        \u001b[36m<div>\u001b[39m\n          \u001b[36m<h1\u001b[39m\n            \u001b[33mclass\u001b[39m=\u001b[32m\"text-xl sm:text-2xl font-bold text-[#0A1D32]\"\u001b[39m\n          \u001b[36m>\u001b[39m\n            \u001b[0mNeeds Registry\u001b[0m\n          \u001b[36m</h1>\u001b[39m\n          \u001b[36m<p\u001b[39m\n            \u001b[33mclass\u001b[39m=\u001b[32m\"text-slate-500 text-sm mt-0.5\"\u001b[39m\n          \u001b[36m>\u001b[39m\n            \u001b[0mPost and manage your school's resource requirements.\u001b[0m\n          \u001b[36m</p>\u001b[39m\n        \u001b[36m</div>\u001b[39m\n        \u001b[36m<button\u001b[39m\n          \u001b[33mclass\u001b[39m=\u001b[32m\"w-full sm:w-auto px-5 py-2.5 text-sm font-semibold rounded-xl bg-linear-to-r from-[#207D86] to-[#4CAF50] text-white hover:shadow-lg hover:scale-[1.02] transition-all duration-200\"\u001b[39m\n        \u001b[36m>\u001b[39m\n          \u001b[0m+ Post New Need\u001b[0m\n        \u001b[36m</button>\u001b[39m\n      \u001b[36m</div>\u001b[39m\n      \u001b[36m<div\u001b[39m\n        \u001b[33mclass\u001b[39m=\u001b[32m\"grid grid-cols-2 lg:grid-cols-4 gap-3 sm:gap-4 mt-6 mb-8\"\u001b[39m\n      \u001b[36m>\u001b[39m\n        \u001b[36m<div\u001b[39m\n          \u001b[33mclass\u001b[39m=\u001b[32m\"bg-linear-to-r from-[#207D86] to-[#4CAF50] rounded-2xl p-4 sm:p-5 text-white shadow-lg\"\u001b[39m\n        \u001b[36m>\u001b[39m\n          \u001b[36m<div\u001b[39m\n            \u001b[33mclass\u001b[39m=\u001b[32m\"flex items-center justify-between\"\u001b[39m\n          \u001b[36m>\u001b[39m\n            \u001b[36m<div>\u001b[39m\n              \u001b[36m<p\u001b[39m\n                \u001b[33mclass\u001b[39m=\u001b[32m\"text-xs text-white/70 font-medium\"\u001b[39m\n              \u001b[36m>\u001b[39m\n                \u001b[0mTotal Posted\u001b[0m\n              \u001b[36m</p>\u001b[39m\n              \u001b[36m<p\u001b[39m\n                \u001b[33mclass\u001b[39m=\u001b[32m\"text-2xl sm:text-3xl font-bold mt-1\"\u001b[39m\n              \u001b[36m>\u001b[39m\n                \u001b[0m2\u001b[0m\n              \u001b[36m</p>\u001b[39m\n            \u001b[36m</div>\u001b[39m\n            \u001b[36m<span\u001b[39m\n              \u001b[33mclass\u001b[39m=\u001b[32m\"text-2xl sm:text-3xl\"\u001b[39m\n            \u001b[36m>\u001b[39m\n              \u001b[0m📋\u001b[0m\n            \u001b[36m</span>\u001b[39m\n          \u001b[36m</div>\u001b[39m\n        \u001b[36m</div>\u001b[39m\n        \u001b[36m<div\u001b[39m\n          \u001b[33mclass\u001b[39m=\u001b[32m\"bg-linear-to-r from-blue-500 to-blue-600 rounded-2xl p-4 sm:p-5 text-white shadow-lg\"\u001b[39m\n        \u001b[36m>\u001b[39m\n          \u001b[36m<div\u001b[39m\n            \u001b[33mclass\u001b[39m=\u001b[32m\"flex items-center justify-between\"\u001b[39m\n          \u001b[36m>\u001b[39m\n            \u001b[36m<div>\u001b[39m\n              \u001b[36m<p\u001b[39m\n                \u001b[33mclass\u001b[39m=\u001b[32m\"text-xs text-white/70 font-medium\"\u001b[39m\n              \u001b[36m>\u001b[39m\n                \u001b[0mOpen\u001b[0m\n              \u001b[36m</p>\u001b[39m\n              \u001b[36m<p\u001b[39m\n                \u001b[33mclass\u001b[39m=\u001b[32m\"text-2xl sm:text-3xl font-bold mt-1\"\u001b[39m\n              \u001b[36m>\u001b[39m\n                \u001b[0m1\u001b[0m\n              \u001b[36m</p>\u001b[39m\n            \u001b[36m</div>\u001b[39m\n            \u001b[36m<span\u001b[39m\n              \u001b[33mclass\u001b[39m=\u001b[32m\"text-2xl sm:text-3xl\"\u001b[39m\n            \u001b[36m>\u001b[39m\n              \u001b[0m🟢\u001b[0m\n            \u001b[36m</span>\u001b[39m\n          \u001b[36m</div>\u001b[39m\n        \u001b[36m</div>\u001b[39m\n        \u001b[36m<div\u001b[39m\n          \u001b[33mclass\u001b[39m=\u001b[32m\"bg-linear-to-r from-yellow-400 to-yellow-500 rounded-2xl p-4 sm:p-5 text-white shadow-lg\"\u001b[39m\n        \u001b[36m>\u001b[39m\n          \u001b[36m<div\u001b[39m\n            \u001b[33mclass\u001b[39m=\u001b[32m\"flex items-center justify-between\"\u001b[39m\n          \u001b[36m>\u001b[39m\n            \u001b[36m<div>\u001b[39m\n              \u001b[36m<p\u001b[39m\n                \u001b[33mclass\u001b[39m=\u001b[32m\"text-xs text-white/70 font-medium\"\u001b[39m\n              \u001b[36m>\u001b[39m\n                \u001b[0mPledged\u001b[0m\n              \u001b[36m</p>\u001b[39m\n              \u001b[36m<p\u001b[39m\n                \u001b[33mclass\u001b[39m=\u001b[32m\"text-2xl sm:text-3xl font-bold mt-1\"\u001b[39m\n              \u001b[36m>\u001b[39m\n                \u001b[0m0\u001b[0m\n              \u001b[36m</p>\u001b[39m\n            \u001b[36m</div>\u001b[39m\n            \u001b[36m<span\u001b[39m\n              \u001b[33mclass\u001b[39m=\u001b[32m\"text-2xl sm:text-3xl\"\u001b[39m\n            \u001b[36m>\u001b[39m\n              \u001b[0m⏳\u001b[0m\n            \u001b[36m</span>\u001b[39m\n          \u001b[36m</div>\u001b[39m\n        \u001b[36m</div>\u001b[39m\n        \u001b[36m<div\u001b[39m\n          \u001b[33mclass\u001b[39m=\u001b[32m\"bg-linear-to-r from-green-400 to-green-600 rounded-2xl p-4 sm:p-5 text-white shadow-lg\"\u001b[39m\n        \u001b[36m>\u001b[39m\n          \u001b[36m<div\u001b[39m\n            \u001b[33mclass\u001b[39m=\u001b[32m\"flex items-center justify-between\"\u001b[39m\n          \u001b[36m>\u001b[39m\n            \u001b[36m<div>\u001b[39m\n              \u001b[36m<p\u001b[39m\n                \u001b[33mclass\u001b[39m=\u001b[32m\"text-xs text-white/70 font-medium\"\u001b[39m\n              \u001b[36m>\u001b[39m\n                \u001b[0mFulfilled\u001b[0m\n              \u001b[36m</p>\u001b[39m\n              \u001b[36m<p\u001b[39m\n                \u001b[33mclass\u001b[39m=\u001b[32m\"text-2xl sm:text-3xl font-bold mt-1\"\u001b[39m\n              \u001b[36m>\u001b[39m\n                \u001b[0m1\u001b[0m\n              \u001b[36m</p>\u001b[39m\n            \u001b[36m</div>\u001b[39m\n            \u001b[36m<span\u001b[39m\n              \u001b[33mclass\u001b[39m=\u001b[32m\"text-2xl sm:text-3xl\"\u001b[39m\n            \u001b[36m>\u001b[39m\n              \u001b[0m✅\u001b[0m\n            \u001b[36m</span>\u001b[39m\n          \u001b[36m</div>\u001b[39m\n        \u001b[36m</div>\u001b[39m\n      \u001b[36m</div>\u001b[39m\n      \u001b[36m<div\u001b[39m\n        \u001b[33mclass\u001b[39m=\u001b[32m\"hidden md:block bg-white rounded-2xl border border-slate-100 shadow-sm overflow-hidden\"\u001b[39m\n      \u001b[36m>\u001b[39m\n        \u001b[36m<table\u001b[39m\n          \u001b[33mclass\u001b[39m=\u001b[32m\"w-full text-sm\"\u001b[39m\n        \u001b[36m>\u001b[39m\n          \u001b[36m<thead>\u001b[39m\n            \u001b[36m<tr\u001b[39m\n              \u001b[33mclass\u001b[39m=\u001b[32m\"bg-slate-50 text-slate-400 text-xs uppercase tracking-widest\"\u001b[39m\n            \u001b[36m>\u001b[39m\n              \u001b[36m<th\u001b[39m\n                \u001b[33mclass\u001b[39m=\u001b[32m\"text-left px-6 py-4 font-semibold\"\u001b[39m\n              \u001b[36m>\u001b[39m\n                \u001b[0mItem\u001b[0m\n              \u001b[36m</th>\u001b[39m\n              \u001b[36m<th\u001b[39m\n                \u001b[33mclass\u001b[39m=\u001b[32m\"text-left px-6 py-4 font-semibold\"\u001b[39m\n              \u001b[36m>\u001b[39m\n                \u001b[0mQty\u001b[0m\n              \u001b[36m</th>\u001b[39m\n              \u001b[36m<th\u001b[39m\n                \u001b[33mclass\u001b[39m=\u001b[32m\"text-left px-6 py-4 font-semibold\"\u001b[39m\n              \u001b[36m>\u001b[39m\n                \u001b[0mAmount (LKR)\u001b[0m\n              \u001b[36m</th>\u001b[39m\n              \u001b[36m<th\u001b[39m\n                \u001b[33mclass\u001b[39m=\u001b[32m\"text-left px-6 py-4 font-semibold\"\u001b[39m\n              \u001b[36m>\u001b[39m\n                \u001b[0mUrgency\u001b[0m\n              \u001b[36m</th>\u001b[39m\n              \u001b[36m<th\u001b[39m\n                \u001b[33mclass\u001b[39m=\u001b[32m\"text-left px-6 py-4 font-semibold\"\u001b[39m\n              \u001b[36m>\u001b[39m\n                \u001b[0mStatus\u001b[0m\n              \u001b[36m</th>\u001b[39m\n              \u001b[36m<th\u001b[39m\n                \u001b[33mclass\u001b[39m=\u001b[32m\"text-left px-6 py-4 font-semibold\"\u001b[39m\n              \u001b[36m>\u001b[39m\n                \u001b[0mPosted\u001b[0m\n              \u001b[36m</th>\u001b[39m\n              \u001b[36m<th\u001b[39m\n                \u001b[33mclass\u001b[39m=\u001b[32m\"text-right px-6 py-4 font-semibold\"\u001b[39m\n              \u001b[36m>\u001b[39m\n                \u001b[0mActions\u001b[0m\n              \u001b[36m</th>\u001b[39m\n            \u001b[36m</tr>\u001b[39m\n          \u001b[36m</thead>\u001b[39m\n          \u001b[36m<tbody>\u001b[39m\n            \u001b[36m<tr\u001b[39m\n              \u001b[33mclass\u001b[39m=\u001b[32m\"border-t border-slate-50 hover:bg-[#207D86]/5 transition-all duration-150 bg-white\"\u001b[39m\n            \u001b[36m>\u001b[39m\n              \u001b[36m<td\u001b[39m\n                \u001b[33mclass\u001b[39m=\u001b[32m\"px-6 py-4\"\u001b[39m\n              \u001b[36m>\u001b[39m\n                \u001b[36m<p\u001b[39m\n                  \u001b[33mclass\u001b[39m=\u001b[32m\"font-semibold text-[#0A1D32]\"\u001b[39m\n                \u001b[36m>\u001b[39m\n                  \u001b[0mGeometry Boxes\u001b[0m\n                \u001b[36m</p>\u001b[39m\n                \u001b[36m<p\u001b[39m\n                  \u001b[33mclass\u001b[39m=\u001b[32m\"text-xs text-slate-400 mt-0.5 line-clamp-1\"\u001b[39m\n                \u001b[36m>\u001b[39m\n                  \u001b[0mFor grade 10\u001b[0m\n                \u001b[36m</p>\u001b[39m\n              \u001b[36m</td>\u001b[39m\n              \u001b[36m<td\u001b[39m\n                \u001b[33mclass\u001b[39m=\u001b[32m\"px-6 py-4 text-slate-600 font-medium\"\u001b[39m\n              \u001b[36m>\u001b[39m\n                \u001b[0m5\u001b[0m\n              \u001b[36m</td>\u001b[39m\n              \u001b[36m<td\u001b[39m\n                \u001b[33mclass\u001b[39m=\u001b[32m\"px-6 py-4 text-slate-600 font-medium\"\u001b[39m\n              \u001b[36m>\u001b[39m\n                \u001b[0mRs. 2,500\u001b[0m\n              \u001b[36m</td>\u001b[39m\n              \u001b[36m<td\u001b[39m\n                \u001b[33mclass\u001b[39m=\u001b[32m\"px-6 py-4\"\u001b[39m\n              \u001b[36m>\u001b[39m\n                \u001b[36m<span\u001b[39m\n                  \u001b[33mclass\u001b[39m=\u001b[32m\"text-xs font-semibold px-2.5 py-1 rounded-full bg-red-500/10 text-red-400 border border-red-500/30\"\u001b[39m\n                \u001b[36m>\u001b[39m\n                  \u001b[0mHigh\u001b[0m\n                \u001b[36m</span>\u001b[39m\n              \u001b[36m</td>\u001b[39m\n              \u001b[36m<td\u001b[39m\n                \u001b[33mclass\u001b[39m=\u001b[32m\"px-6 py-4\"\u001b[39m\n              \u001b[36m>\u001b[39m\n                \u001b[36m<span\u001b[39m\n                  \u001b[33mclass\u001b[39m=\u001b[32m\"text-xs font-semibold px-2.5 py-1 rounded-full bg-[#207D86]/10 text-[#207D86]\"\u001b[39m\n                \u001b[36m>\u001b[39m\n                  \u001b[0mOpen\u001b[0m\n                \u001b[36m</span>\u001b[39m\n              \u001b[36m</td>\u001b[39m\n              \u001b[36m<td\u001b[39m\n                \u001b[33mclass\u001b[39m=\u001b[32m\"px-6 py-4 text-xs text-slate-400\"\u001b[39m\n              \u001b[36m>\u001b[39m\n                \u001b[0m4/9/2026\u001b[0m\n              \u001b[36m</td>\u001b[39m\n              \u001b[36m<td\u001b[39m\n                \u001b[33mclass\u001b[39m=\u001b[32m\"px-6 py-4\"\u001b[39m\n              \u001b[36m>\u001b[39m\n                \u001b[36m<div\u001b[39m\n                  \u001b[33mclass\u001b[39m=\u001b[32m\"flex gap-2 justify-end\"\u001b[39m\n                \u001b[36m>\u001b[39m\n                  \u001b[36m<button\u001b[39m\n                    \u001b[33mclass\u001b[39m=\u001b[32m\"px-3 py-1.5 text-xs font-medium rounded-lg bg-[#207D86]/10 text-[#207D86] hover:bg-[#207D86]/20 transition\"\u001b[39m\n                  \u001b[36m>\u001b[39m\n                    \u001b[0mEdit\u001b[0m\n                  \u001b[36m</button>\u001b[39m\n                  \u001b[36m<button\u001b[39m\n                    \u001b[33mclass\u001b[39m=\u001b[32m\"px-3 py-1.5 text-xs font-medium rounded-lg bg-red-500/10 text-red-400 hover:bg-red-500/20 transition disabled:opacity-50\"\u001b[39m\n                  \u001b[36m>\u001b[39m\n                    \u001b[0mDelete\u001b[0m\n                  \u001b[36m</button>\u001b[39m\n                \u001b[36m</div>\u001b[39m\n              \u001b[36m</td>\u001b[39m\n            \u001b[36m</tr>\u001b[39m\n            \u001b[36m<tr\u001b[39m\n              \u001b[33mclass\u001b[39m=\u001b[32m\"border-t border-slate-50 hover:bg-[#207D86]/5 transition-all duration-150 bg-slate-50/30\"\u001b[39m\n            \u001b[36m>\u001b[39m\n              \u001b[36m<td\u001b[39m\n                \u001b[33mclass\u001b[39m=\u001b[32m\"px-6 py-4\"\u001b[39m\n              \u001b[36m>\u001b[39m\n                \u001b[36m<p\u001b[39m\n                  \u001b[33mclass\u001b[39m=\u001b[32m\"font-semibold text-[#0A1D32]\"\u001b[39m\n                \u001b[36m>\u001b[39m\n                  \u001b[0mNotebooks\u001b[0m\n                \u001b[36m</p>\u001b[39m\n                \u001b[36m<p\u001b[39m\n                  \u001b[33mclass\u001b[39m=\u001b[32m\"text-xs text-slate-400 mt-0.5 line-clamp-1\"\u001b[39m\n                \u001b[36m>\u001b[39m\n                  \u001b[0mA4 notebooks\u001b[0m\n                \u001b[36m</p>\u001b[39m\n              \u001b[36m</td>\u001b[39m\n              \u001b[36m<td\u001b[39m\n                \u001b[33mclass\u001b[39m=\u001b[32m\"px-6 py-4 text-slate-600 font-medium\"\u001b[39m\n              \u001b[36m>\u001b[39m\n                \u001b[0m20\u001b[0m\n              \u001b[36m</td>\u001b[39m\n              \u001b[36m<td\u001b[39m\n                \u001b[33mclass\u001b[39m=\u001b[32m\"px-6 py-4 text-slate-600 font-medium\"\u001b[39m\n              \u001b[36m>\u001b[39m\n                \u001b[0mRs. 1,500\u001b[0m\n              \u001b[36m</td>\u001b[39m\n              \u001b[36m<td\u001b[39m\n                \u001b[33mclass\u001b[39m=\u001b[32m\"px-6 py-4\"\u001b[39m\n              \u001b[36m>\u001b[39m\n                \u001b[36m<span\u001b[39m\n                  \u001b[33mclass\u001b[39m=\u001b[32m\"text-xs font-semibold px-2.5 py-1 rounded-full bg-yellow-500/10 text-yellow-400 border border-yellow-500/30\"\u001b[39m\n                \u001b[36m>\u001b[39m\n                  \u001b[0mMedium\u001b[0m\n                \u001b[36m</span>\u001b[39m\n              \u001b[36m</td>\u001b[39m\n              \u001b[36m<td\u001b[39m\n                \u001b[33mclass\u001b[39m=\u001b[32m\"px-6 py-4\"\u001b[39m\n              \u001b[36m>\u001b[39m\n                \u001b[36m<span\u001b[39m\n                  \u001b[33mclass\u001b[39m=\u001b[32m\"text-xs font-semibold px-2.5 py-1 rounded-full bg-green-500/10 text-green-500\"\u001b[39m\n                \u001b[36m>\u001b[39m\n                  \u001b[0mFulfilled\u001b[0m\n                \u001b[36m</span>\u001b[39m\n              \u001b[36m</td>\u001b[39m\n              \u001b[36m<td\u001b[39m\n                \u001b[33mclass\u001b[39m=\u001b[32m\"px-6 py-4 text-xs text-slate-400\"\u001b[39m\n              \u001b[36m>\u001b[39m\n                \u001b[0m4/9/2026\u001b[0m\n              \u001b[36m</td>\u001b[39m\n              \u001b[36m<td\u001b[39m\n                \u001b[33mclass\u001b[39m=\u001b[32m\"px-6 py-4\"\u001b[39m\n              \u001b[36m>\u001b[39m\n                \u001b[36m<div\u001b[39m\n                  \u001b[33mclass\u001b[39m=\u001b[32m\"flex gap-2 justify-end\"\u001b[39m\n                \u001b[36m>\u001b[39m\n                  \u001b[36m<span\u001b[39m\n                    \u001b[33mclass\u001b[39m=\u001b[32m\"text-xs text-slate-300 italic\"\u001b[39m\n                  \u001b[36m>\u001b[39m\n                    \u001b[0mLocked\u001b[0m\n                  \u001b[36m</span>\u001b[39m\n                \u001b[36m</div>\u001b[39m\n              \u001b[36m</td>\u001b[39m\n            \u001b[36m</tr>\u001b[39m\n          \u001b[36m</tbody>\u001b[39m\n        \u001b[36m</table>\u001b[39m\n      \u001b[36m</div>\u001b[39m\n      \u001b[36m<div\u001b[39m\n        \u001b[33mclass\u001b[39m=\u001b[32m\"md:hidden flex flex-col gap-4\"\u001b[39m\n      \u001b[36m>\u001b[39m\n        \u001b[36m<div\u001b[39m\n          \u001b[33mclass\u001b[39m=\u001b[32m\"bg-white rounded-2xl border border-slate-100 shadow-sm p-5 flex flex-col gap-3\"\u001b[39m\n        \u001b[36m>\u001b[39m\n          \u001b[36m<div\u001b[39m\n            \u001b[33mclass\u001b[39m=\u001b[32m\"flex items-start justify-between gap-2\"\u001b[39m\n          \u001b[36m>\u001b[39m\n            \u001b[36m<div\u001b[39m\n              \u001b[33mclass\u001b[39m=\u001b[32m\"flex-1\"\u001b[39m\n            \u001b[36m>\u001b[39m\n              \u001b[36m<p\u001b[39m\n                \u001b[33mclass\u001b[39m=\u001b[32m\"font-semibold text-[#0A1D32] text-sm\"\u001b[39m\n              \u001b[36m>\u001b[39m\n                \u001b[0mGeometry Boxes\u001b[0m\n              \u001b[36m</p>\u001b[39m\n              \u001b[36m<p\u001b[39m\n                \u001b[33mclass\u001b[39m=\u001b[32m\"text-xs text-slate-400 mt-0.5 line-clamp-2\"\u001b[39m\n              \u001b[36m>\u001b[39m\n                \u001b[0mFor grade 10\u001b[0m\n              \u001b[36m</p>\u001b[39m\n            \u001b[36m</div>\u001b[39m\n            \u001b[36m<span\u001b[39m\n              \u001b[33mclass\u001b[39m=\u001b[32m\"text-xs font-semibold px-2.5 py-1 rounded-full shrink-0 bg-red-500/10 text-red-400 border border-red-500/30\"\u001b[39m\n            \u001b[36m>\u001b[39m\n              \u001b[0mHigh\u001b[0m\n            \u001b[36m</span>\u001b[39m\n          \u001b[36m</div>\u001b[39m\n          \u001b[36m<div\u001b[39m\n            \u001b[33mclass\u001b[39m=\u001b[32m\"flex flex-wrap gap-3 text-xs text-slate-500\"\u001b[39m\n          \u001b[36m>\u001b[39m\n            \u001b[36m<span>\u001b[39m\n              \u001b[0m📦 Qty: \u001b[0m\n              \u001b[36m<strong\u001b[39m\n                \u001b[33mclass\u001b[39m=\u001b[32m\"text-slate-700\"\u001b[39m\n              \u001b[36m>\u001b[39m\n                \u001b[0m5\u001b[0m\n              \u001b[36m</strong>\u001b[39m\n            \u001b[36m</span>\u001b[39m\n            \u001b[36m<span>\u001b[39m\n              \u001b[0m💰 \u001b[0m\n              \u001b[36m<strong\u001b[39m\n                \u001b[33mclass\u001b[39m=\u001b[32m\"text-slate-700\"\u001b[39m\n              \u001b[36m>\u001b[39m\n                \u001b[0mRs. 2,500\u001b[0m\n              \u001b[36m</strong>\u001b[39m\n            \u001b[36m</span>\u001b[39m\n            \u001b[36m<span>\u001b[39m\n              \u001b[0m📅 \u001b[0m\n              \u001b[0m4/9/2026\u001b[0m\n            \u001b[36m</span>\u001b[39m\n          \u001b[36m</div>\u001b[39m\n          \u001b[36m<div\u001b[39m\n            \u001b[33mclass\u001b[39m=\u001b[32m\"flex items-center justify-between pt-2 border-t border-slate-100\"\u001b[39m\n          \u001b[36m>\u001b[39m\n            \u001b[36m<span\u001b[39m\n              \u001b[33mclass\u001b[39m=\u001b[32m\"text-xs font-semibold px-2.5 py-1 rounded-full bg-[#207D86]/10 text-[#207D86]\"\u001b[39m\n            \u001b[36m>\u001b[39m\n              \u001b[0mOpen\u001b[0m\n            \u001b[36m</span>\u001b[39m\n            \u001b[36m<div\u001b[39m\n              \u001b[33mclass\u001b[39m=\u001b[32m\"flex gap-2\"\u001b[39m\n            \u001b[36m>\u001b[39m\n              \u001b[36m<button\u001b[39m\n                \u001b[33mclass\u001b[39m=\u001b[32m\"px-3 py-1.5 text-xs font-medium rounded-lg bg-[#207D86]/10 text-[#207D86] hover:bg-[#207D86]/20 transition\"\u001b[39m\n              \u001b[36m>\u001b[39m\n                \u001b[0mEdit\u001b[0m\n              \u001b[36m</button>\u001b[39m\n              \u001b[36m<button\u001b[39m\n                \u001b[33mclass\u001b[39m=\u001b[32m\"px-3 py-1.5 text-xs font-medium rounded-lg bg-red-500/10 text-red-400 hover:bg-red-500/20 transition disabled:opacity-50\"\u001b[39m\n              \u001b[36m>\u001b[39m\n                \u001b[0mDelete\u001b[0m\n              \u001b[36m</button>\u001b[39m\n            \u001b[36m</div>\u001b[39m\n          \u001b[36m</div>\u001b[39m\n        \u001b[36m</div>\u001b[39m\n        \u001b[36m<div\u001b[39m\n          \u001b[33mclass\u001b[39m=\u001b[32m\"bg-white rounded-2xl border border-slate-100 shadow-sm p-5 flex flex-col gap-3\"\u001b[39m\n        \u001b[36m>\u001b[39m\n          \u001b[36m<div\u001b[39m\n            \u001b[33mclass\u001b[39m=\u001b[32m\"flex items-start justify-between gap-2\"\u001b[39m\n          \u001b[36m>\u001b[39m\n            \u001b[36m<div\u001b[39m\n              \u001b[33mclass\u001b[39m=\u001b[32m\"flex-1\"\u001b[39m\n            \u001b[36m>\u001b[39m\n              \u001b[36m<p\u001b[39m\n                \u001b[33mclass\u001b[39m=\u001b[32m\"font-semibold text-[#0A1D32] text-sm\"\u001b[39m\n              \u001b[36m>\u001b[39m\n                \u001b[0mNotebooks\u001b[0m\n              \u001b[36m</p>\u001b[39m\n              \u001b[36m<p\u001b[39m\n                \u001b[33mclass\u001b[39m=\u001b[32m\"text-xs text-slate-400 mt-0.5 line-clamp-2\"\u001b[39m\n              \u001b[36m>\u001b[39m\n                \u001b[0mA4 notebooks\u001b[0m\n              \u001b[36m</p>\u001b[39m\n            \u001b[36m</div>\u001b[39m\n            \u001b[36m<span\u001b[39m\n              \u001b[33mclass\u001b[39m=\u001b[32m\"text-xs font-semibold px-2.5 py-1 rounded-full shrink-0 bg-yellow-500/10 text-yellow-400 border border-yellow-500/30\"\u001b[39m\n            \u001b[36m>\u001b[39m\n              \u001b[0mMedium\u001b[0m\n            \u001b[36m</span>\u001b[39m\n          \u001b[36m</div>\u001b[39m\n          \u001b[36m<div\u001b[39m\n            \u001b[33mclass\u001b[39m=\u001b[32m\"flex flex-wrap gap-3 text-xs text-slate-500\"\u001b[39m\n          \u001b[36m>\u001b[39m\n            \u001b[36m<span>\u001b[39m\n              \u001b[0m📦 Qty: \u001b[0m\n              \u001b[36m<strong\u001b[39m\n                \u001b[33mclass\u001b[39m=\u001b[32m\"text-slate-700\"\u001b[39m\n              \u001b[36m>\u001b[39m\n                \u001b[0m20\u001b[0m\n              \u001b[36m</strong>\u001b[39m\n            \u001b[36m</span>\u001b[39m\n            \u001b[36m<span>\u001b[39m\n              \u001b[0m💰 \u001b[0m\n              \u001b[36m<strong\u001b[39m\n                \u001b[33mclass\u001b[39m=\u001b[32m\"text-slate-700\"\u001b[39m\n              \u001b[36m>\u001b[39m\n                \u001b[0mRs. 1,500\u001b[0m\n              \u001b[36m</strong>\u001b[39m\n            \u001b[36m</span>\u001b[39m\n            \u001b[36m<span>\u001b[39m\n              \u001b[0m📅 \u001b[0m\n              \u001b[0m4/9/2026\u001b[0m\n            \u001b[36m</span>\u001b[39m\n          \u001b[36m</div>\u001b[39m\n          \u001b[36m<div\u001b[39m\n            \u001b[33mclass\u001b[39m=\u001b[32m\"flex items-center justify-between pt-2 border-t border-slate-100\"\u001b[39m\n          \u001b[36m>\u001b[39m\n            \u001b[36m<span\u001b[39m\n              \u001b[33mclass\u001b[39m=\u001b[32m\"text-xs font-semibold px-2.5 py-1 rounded-full bg-green-500/10 text-green-500\"\u001b[39m\n            \u001b[36m>\u001b[39m\n              \u001b[0mFulfilled\u001b[0m\n            \u001b[36m</span>\u001b[39m\n            \u001b[36m<span\u001b[39m\n              \u001b[33mclass\u001b[39m=\u001b[32m\"text-xs text-slate-300 italic\"\u001b[39m\n            \u001b[36m>\u001b[39m\n              \u001b[0mLocked\u001b[0m\n            \u001b[36m</span>\u001b[39m\n          \u001b[36m</div>\u001b[39m\n        \u001b[36m</div>\u001b[39m\n      \u001b[36m</div>\u001b[39m\n    \u001b[36m</div>\u001b[39m\n  \u001b[36m</div>\u001b[39m\n\u001b[36m</body>\u001b[39m\n    at waitForWrapper (C:\\Users\\tharu\\Documents\\GitHub\\LearnBridge\\apps\\web\\node_modules\\@testing-library\\dom\\dist\\wait-for.js:163:27)\n    at Object.<anonymous> (C:\\Users\\tharu\\Documents\\GitHub\\LearnBridge\\apps\\web\\src\\__tests__\\NeedsRegistry.test.jsx:80:18)\n    at Promise.finally.completed (C:\\Users\\tharu\\Documents\\GitHub\\LearnBridge\\apps\\web\\node_modules\\jest-circus\\build\\jestAdapterInit.js:1557:28)\n    at new Promise (<anonymous>)\n    at callAsyncCircusFn (C:\\Users\\tharu\\Documents\\GitHub\\LearnBridge\\apps\\web\\node_modules\\jest-circus\\build\\jestAdapterInit.js:1497:10)\n    at _callCircusTest (C:\\Users\\tharu\\Documents\\GitHub\\LearnBridge\\apps\\web\\node_modules\\jest-circus\\build\\jestAdapterInit.js:1007:40)\n    at _runTest (C:\\Users\\tharu\\Documents\\GitHub\\LearnBridge\\apps\\web\\node_modules\\jest-circus\\build\\jestAdapterInit.js:947:3)\n    at C:\\Users\\tharu\\Documents\\GitHub\\LearnBridge\\apps\\web\\node_modules\\jest-circus\\build\\jestAdapterInit.js:849:7\n    at _runTestsForDescribeBlock (C:\\Users\\tharu\\Documents\\GitHub\\LearnBridge\\apps\\web\\node_modules\\jest-circus\\build\\jestAdapterInit.js:862:11)\n    at _runTestsForDescribeBlock (C:\\Users\\tharu\\Documents\\GitHub\\LearnBridge\\apps\\web\\node_modules\\jest-circus\\build\\jestAdapterInit.js:857:11)\n    at run (C:\\Users\\tharu\\Documents\\GitHub\\LearnBridge\\apps\\web\\node_modules\\jest-circus\\build\\jestAdapterInit.js:761:3)\n    at runAndTransformResultsToJestFormat (C:\\Users\\tharu\\Documents\\GitHub\\LearnBridge\\apps\\web\\node_modules\\jest-circus\\build\\jestAdapterInit.js:1918:21)\n    at jestAdapter (C:\\Users\\tharu\\Documents\\GitHub\\LearnBridge\\apps\\web\\node_modules\\jest-circus\\build\\runner.js:101:19)\n    at runTestInternal (C:\\Users\\tharu\\Documents\\GitHub\\LearnBridge\\apps\\web\\node_modules\\jest-runner\\build\\index.js:275:16)\n    at runTest (C:\\Users\\tharu\\Documents\\GitHub\\LearnBridge\\apps\\web\\node_modules\\jest-runner\\build\\index.js:343:7)"],"fullName":"NeedsRegistry renders summary cards with correct counts","invocations":1,"location":null,"numPassingAsserts":17,"retryReasons":[],"startAt":1775757784903,"status":"failed","title":"renders summary cards with correct counts"},{"ancestorTitles":["NeedsRegistry"],"duration":27,"failing":false,"failureDetails":[],"failureMessages":[],"fullName":"NeedsRegistry shows empty state when no needs","invocations":1,"location":null,"numPassingAsserts":1,"retryReasons":[],"startAt":1775757785915,"status":"passed","title":"shows empty state when no needs"},{"ancestorTitles":["NeedsRegistry"],"duration":15,"failing":false,"failureDetails":[],"failureMessages":[],"fullName":"NeedsRegistry shows error toast when fetch fails","invocations":1,"location":null,"numPassingAsserts":1,"retryReasons":[],"startAt":1775757785943,"status":"passed","title":"shows error toast when fetch fails"},{"ancestorTitles":["NeedsRegistry"],"duration":1009,"failing":false,"failureDetails":[{"name":"TestingLibraryElementError"}],"failureMessages":["Error: Found multiple elements with the text: Geometry Boxes\n\nHere are the matching elements:\n\nIgnored nodes: comments, script, style\n\u001b[36m<p\u001b[39m\n  \u001b[33mclass\u001b[39m=\u001b[32m\"font-semibold text-[#0A1D32]\"\u001b[39m\n\u001b[36m>\u001b[39m\n  \u001b[0mGeometry Boxes\u001b[0m\n\u001b[36m</p>\u001b[39m\n\nIgnored nodes: comments, script, style\n\u001b[36m<p\u001b[39m\n  \u001b[33mclass\u001b[39m=\u001b[32m\"font-semibold text-[#0A1D32] text-sm\"\u001b[39m\n\u001b[36m>\u001b[39m\n  \u001b[0mGeometry Boxes\u001b[0m\n\u001b[36m</p>\u001b[39m\n\n(If this is intentional, then use the `*AllBy*` variant of the query (like `queryAllByText`, `getAllByText`, or `findAllByText`)).\n\nIgnored nodes: comments, script, style\n\u001b[36m<body>\u001b[39m\n  \u001b[36m<div>\u001b[39m\n    \u001b[36m<div\u001b[39m\n      \u001b[33mclass\u001b[39m=\u001b[32m\"p-4 sm:p-8 min-h-screen\"\u001b[39m\n    \u001b[36m>\u001b[39m\n      \u001b[36m<div\u001b[39m\n        \u001b[33mclass\u001b[39m=\u001b[32m\"flex flex-col sm:flex-row sm:items-center justify-between gap-3 mb-1\"\u001b[39m\n      \u001b[36m>\u001b[39m\n        \u001b[36m<div>\u001b[39m\n          \u001b[36m<h1\u001b[39m\n            \u001b[33mclass\u001b[39m=\u001b[32m\"text-xl sm:text-2xl font-bold text-[#0A1D32]\"\u001b[39m\n          \u001b[36m>\u001b[39m\n            \u001b[0mNeeds Registry\u001b[0m\n          \u001b[36m</h1>\u001b[39m\n          \u001b[36m<p\u001b[39m\n            \u001b[33mclass\u001b[39m=\u001b[32m\"text-slate-500 text-sm mt-0.5\"\u001b[39m\n          \u001b[36m>\u001b[39m\n            \u001b[0mPost and manage your school's resource requirements.\u001b[0m\n          \u001b[36m</p>\u001b[39m\n        \u001b[36m</div>\u001b[39m\n        \u001b[36m<button\u001b[39m\n          \u001b[33mclass\u001b[39m=\u001b[32m\"w-full sm:w-auto px-5 py-2.5 text-sm font-semibold rounded-xl bg-linear-to-r from-[#207D86] to-[#4CAF50] text-white hover:shadow-lg hover:scale-[1.02] transition-all duration-200\"\u001b[39m\n        \u001b[36m>\u001b[39m\n          \u001b[0m+ Post New Need\u001b[0m\n        \u001b[36m</button>\u001b[39m\n      \u001b[36m</div>\u001b[39m\n      \u001b[36m<div\u001b[39m\n        \u001b[33mclass\u001b[39m=\u001b[32m\"grid grid-cols-2 lg:grid-cols-4 gap-3 sm:gap-4 mt-6 mb-8\"\u001b[39m\n      \u001b[36m>\u001b[39m\n        \u001b[36m<div\u001b[39m\n          \u001b[33mclass\u001b[39m=\u001b[32m\"bg-linear-to-r from-[#207D86] to-[#4CAF50] rounded-2xl p-4 sm:p-5 text-white shadow-lg\"\u001b[39m\n        \u001b[36m>\u001b[39m\n          \u001b[36m<div\u001b[39m\n            \u001b[33mclass\u001b[39m=\u001b[32m\"flex items-center justify-between\"\u001b[39m\n          \u001b[36m>\u001b[39m\n            \u001b[36m<div>\u001b[39m\n              \u001b[36m<p\u001b[39m\n                \u001b[33mclass\u001b[39m=\u001b[32m\"text-xs text-white/70 font-medium\"\u001b[39m\n              \u001b[36m>\u001b[39m\n                \u001b[0mTotal Posted\u001b[0m\n              \u001b[36m</p>\u001b[39m\n              \u001b[36m<p\u001b[39m\n                \u001b[33mclass\u001b[39m=\u001b[32m\"text-2xl sm:text-3xl font-bold mt-1\"\u001b[39m\n              \u001b[36m>\u001b[39m\n                \u001b[0m2\u001b[0m\n              \u001b[36m</p>\u001b[39m\n            \u001b[36m</div>\u001b[39m\n            \u001b[36m<span\u001b[39m\n              \u001b[33mclass\u001b[39m=\u001b[32m\"text-2xl sm:text-3xl\"\u001b[39m\n            \u001b[36m>\u001b[39m\n              \u001b[0m📋\u001b[0m\n            \u001b[36m</span>\u001b[39m\n          \u001b[36m</div>\u001b[39m\n        \u001b[36m</div>\u001b[39m\n        \u001b[36m<div\u001b[39m\n          \u001b[33mclass\u001b[39m=\u001b[32m\"bg-linear-to-r from-blue-500 to-blue-600 rounded-2xl p-4 sm:p-5 text-white shadow-lg\"\u001b[39m\n        \u001b[36m>\u001b[39m\n          \u001b[36m<div\u001b[39m\n            \u001b[33mclass\u001b[39m=\u001b[32m\"flex items-center justify-between\"\u001b[39m\n          \u001b[36m>\u001b[39m\n            \u001b[36m<div>\u001b[39m\n              \u001b[36m<p\u001b[39m\n                \u001b[33mclass\u001b[39m=\u001b[32m\"text-xs text-white/70 font-medium\"\u001b[39m\n              \u001b[36m>\u001b[39m\n                \u001b[0mOpen\u001b[0m\n              \u001b[36m</p>\u001b[39m\n              \u001b[36m<p\u001b[39m\n                \u001b[33mclass\u001b[39m=\u001b[32m\"text-2xl sm:text-3xl font-bold mt-1\"\u001b[39m\n              \u001b[36m>\u001b[39m\n                \u001b[0m1\u001b[0m\n              \u001b[36m</p>\u001b[39m\n            \u001b[36m</div>\u001b[39m\n            \u001b[36m<span\u001b[39m\n              \u001b[33mclass\u001b[39m=\u001b[32m\"text-2xl sm:text-3xl\"\u001b[39m\n            \u001b[36m>\u001b[39m\n              \u001b[0m🟢\u001b[0m\n            \u001b[36m</span>\u001b[39m\n          \u001b[36m</div>\u001b[39m\n        \u001b[36m</div>\u001b[39m\n        \u001b[36m<div\u001b[39m\n          \u001b[33mclass\u001b[39m=\u001b[32m\"bg-linear-to-r from-yellow-400 to-yellow-500 rounded-2xl p-4 sm:p-5 text-white shadow-lg\"\u001b[39m\n        \u001b[36m>\u001b[39m\n          \u001b[36m<div\u001b[39m\n            \u001b[33mclass\u001b[39m=\u001b[32m\"flex items-center justify-between\"\u001b[39m\n          \u001b[36m>\u001b[39m\n            \u001b[36m<div>\u001b[39m\n              \u001b[36m<p\u001b[39m\n                \u001b[33mclass\u001b[39m=\u001b[32m\"text-xs text-white/70 font-medium\"\u001b[39m\n              \u001b[36m>\u001b[39m\n                \u001b[0mPledged\u001b[0m\n              \u001b[36m</p>\u001b[39m\n              \u001b[36m<p\u001b[39m\n                \u001b[33mclass\u001b[39m=\u001b[32m\"text-2xl sm:text-3xl font-bold mt-1\"\u001b[39m\n              \u001b[36m>\u001b[39m\n                \u001b[0m0\u001b[0m\n              \u001b[36m</p>\u001b[39m\n            \u001b[36m</div>\u001b[39m\n            \u001b[36m<span\u001b[39m\n              \u001b[33mclass\u001b[39m=\u001b[32m\"text-2xl sm:text-3xl\"\u001b[39m\n            \u001b[36m>\u001b[39m\n              \u001b[0m⏳\u001b[0m\n            \u001b[36m</span>\u001b[39m\n          \u001b[36m</div>\u001b[39m\n        \u001b[36m</div>\u001b[39m\n        \u001b[36m<div\u001b[39m\n          \u001b[33mclass\u001b[39m=\u001b[32m\"bg-linear-to-r from-green-400 to-green-600 rounded-2xl p-4 sm:p-5 text-white shadow-lg\"\u001b[39m\n        \u001b[36m>\u001b[39m\n          \u001b[36m<div\u001b[39m\n            \u001b[33mclass\u001b[39m=\u001b[32m\"flex items-center justify-between\"\u001b[39m\n          \u001b[36m>\u001b[39m\n            \u001b[36m<div>\u001b[39m\n              \u001b[36m<p\u001b[39m\n                \u001b[33mclass\u001b[39m=\u001b[32m\"text-xs text-white/70 font-medium\"\u001b[39m\n              \u001b[36m>\u001b[39m\n                \u001b[0mFulfilled\u001b[0m\n              \u001b[36m</p>\u001b[39m\n              \u001b[36m<p\u001b[39m\n                \u001b[33mclass\u001b[39m=\u001b[32m\"text-2xl sm:text-3xl font-bold mt-1\"\u001b[39m\n              \u001b[36m>\u001b[39m\n                \u001b[0m1\u001b[0m\n              \u001b[36m</p>\u001b[39m\n            \u001b[36m</div>\u001b[39m\n            \u001b[36m<span\u001b[39m\n              \u001b[33mclass\u001b[39m=\u001b[32m\"text-2xl sm:text-3xl\"\u001b[39m\n            \u001b[36m>\u001b[39m\n              \u001b[0m✅\u001b[0m\n            \u001b[36m</span>\u001b[39m\n          \u001b[36m</div>\u001b[39m\n        \u001b[36m</div>\u001b[39m\n      \u001b[36m</div>\u001b[39m\n      \u001b[36m<div\u001b[39m\n        \u001b[33mclass\u001b[39m=\u001b[32m\"hidden md:block bg-white rounded-2xl border border-slate-100 shadow-sm overflow-hidden\"\u001b[39m\n      \u001b[36m>\u001b[39m\n        \u001b[36m<table\u001b[39m\n          \u001b[33mclass\u001b[39m=\u001b[32m\"w-full text-sm\"\u001b[39m\n        \u001b[36m>\u001b[39m\n          \u001b[36m<thead>\u001b[39m\n            \u001b[36m<tr\u001b[39m\n              \u001b[33mclass\u001b[39m=\u001b[32m\"bg-slate-50 text-slate-400 text-xs uppercase tracking-widest\"\u001b[39m\n            \u001b[36m>\u001b[39m\n              \u001b[36m<th\u001b[39m\n                \u001b[33mclass\u001b[39m=\u001b[32m\"text-left px-6 py-4 font-semibold\"\u001b[39m\n              \u001b[36m>\u001b[39m\n                \u001b[0mItem\u001b[0m\n              \u001b[36m</th>\u001b[39m\n              \u001b[36m<th\u001b[39m\n                \u001b[33mclass\u001b[39m=\u001b[32m\"text-left px-6 py-4 font-semibold\"\u001b[39m\n              \u001b[36m>\u001b[39m\n                \u001b[0mQty\u001b[0m\n              \u001b[36m</th>\u001b[39m\n              \u001b[36m<th\u001b[39m\n                \u001b[33mclass\u001b[39m=\u001b[32m\"text-left px-6 py-4 font-semibold\"\u001b[39m\n              \u001b[36m>\u001b[39m\n                \u001b[0mAmount (LKR)\u001b[0m\n              \u001b[36m</th>\u001b[39m\n              \u001b[36m<th\u001b[39m\n                \u001b[33mclass\u001b[39m=\u001b[32m\"text-left px-6 py-4 font-semibold\"\u001b[39m\n              \u001b[36m>\u001b[39m\n                \u001b[0mUrgency\u001b[0m\n              \u001b[36m</th>\u001b[39m\n              \u001b[36m<th\u001b[39m\n                \u001b[33mclass\u001b[39m=\u001b[32m\"text-left px-6 py-4 font-semibold\"\u001b[39m\n              \u001b[36m>\u001b[39m\n                \u001b[0mStatus\u001b[0m\n              \u001b[36m</th>\u001b[39m\n              \u001b[36m<th\u001b[39m\n                \u001b[33mclass\u001b[39m=\u001b[32m\"text-left px-6 py-4 font-semibold\"\u001b[39m\n              \u001b[36m>\u001b[39m\n                \u001b[0mPosted\u001b[0m\n              \u001b[36m</th>\u001b[39m\n              \u001b[36m<th\u001b[39m\n                \u001b[33mclass\u001b[39m=\u001b[32m\"text-right px-6 py-4 font-semibold\"\u001b[39m\n              \u001b[36m>\u001b[39m\n                \u001b[0mActions\u001b[0m\n              \u001b[36m</th>\u001b[39m\n            \u001b[36m</tr>\u001b[39m\n          \u001b[36m</thead>\u001b[39m\n          \u001b[36m<tbody>\u001b[39m\n            \u001b[36m<tr\u001b[39m\n              \u001b[33mclass\u001b[39m=\u001b[32m\"border-t border-slate-50 hover:bg-[#207D86]/5 transition-all duration-150 bg-white\"\u001b[39m\n            \u001b[36m>\u001b[39m\n              \u001b[36m<td\u001b[39m\n                \u001b[33mclass\u001b[39m=\u001b[32m\"px-6 py-4\"\u001b[39m\n              \u001b[36m>\u001b[39m\n                \u001b[36m<p\u001b[39m\n                  \u001b[33mclass\u001b[39m=\u001b[32m\"font-semibold text-[#0A1D32]\"\u001b[39m\n                \u001b[36m>\u001b[39m\n                  \u001b[0mGeometry Boxes\u001b[0m\n                \u001b[36m</p>\u001b[39m\n                \u001b[36m<p\u001b[39m\n                  \u001b[33mclass\u001b[39m=\u001b[32m\"text-xs text-slate-400 mt-0.5 line-clamp-1\"\u001b[39m\n                \u001b[36m>\u001b[39m\n                  \u001b[0mFor grade 10\u001b[0m\n                \u001b[36m</p>\u001b[39m\n              \u001b[36m</td>\u001b[39m\n              \u001b[36m<td\u001b[39m\n                \u001b[33mclass\u001b[39m=\u001b[32m\"px-6 py-4 text-slate-600 font-medium\"\u001b[39m\n              \u001b[36m>\u001b[39m\n                \u001b[0m5\u001b[0m\n              \u001b[36m</td>\u001b[39m\n              \u001b[36m<td\u001b[39m\n                \u001b[33mclass\u001b[39m=\u001b[32m\"px-6 py-4 text-slate-600 font-medium\"\u001b[39m\n              \u001b[36m>\u001b[39m\n                \u001b[0mRs. 2,500\u001b[0m\n              \u001b[36m</td>\u001b[39m\n              \u001b[36m<td\u001b[39m\n                \u001b[33mclass\u001b[39m=\u001b[32m\"px-6 py-4\"\u001b[39m\n              \u001b[36m>\u001b[39m\n                \u001b[36m<span\u001b[39m\n                  \u001b[33mclass\u001b[39m=\u001b[32m\"text-xs font-semibold px-2.5 py-1 rounded-full bg-red-500/10 text-red-400 border border-red-500/30\"\u001b[39m\n                \u001b[36m>\u001b[39m\n                  \u001b[0mHigh\u001b[0m\n                \u001b[36m</span>\u001b[39m\n              \u001b[36m</td>\u001b[39m\n              \u001b[36m<td\u001b[39m\n                \u001b[33mclass\u001b[39m=\u001b[32m\"px-6 py-4\"\u001b[39m\n              \u001b[36m>\u001b[39m\n                \u001b[36m<span\u001b[39m\n                  \u001b[33mclass\u001b[39m=\u001b[32m\"text-xs font-semibold px-2.5 py-1 rounded-full bg-[#207D86]/10 text-[#207D86]\"\u001b[39m\n                \u001b[36m>\u001b[39m\n                  \u001b[0mOpen\u001b[0m\n                \u001b[36m</span>\u001b[39m\n              \u001b[36m</td>\u001b[39m\n              \u001b[36m<td\u001b[39m\n                \u001b[33mclass\u001b[39m=\u001b[32m\"px-6 py-4 text-xs text-slate-400\"\u001b[39m\n              \u001b[36m>\u001b[39m\n                \u001b[0m4/9/2026\u001b[0m\n              \u001b[36m</td>\u001b[39m\n              \u001b[36m<td\u001b[39m\n                \u001b[33mclass\u001b[39m=\u001b[32m\"px-6 py-4\"\u001b[39m\n              \u001b[36m>\u001b[39m\n                \u001b[36m<div\u001b[39m\n                  \u001b[33mclass\u001b[39m=\u001b[32m\"flex gap-2 justify-end\"\u001b[39m\n                \u001b[36m>\u001b[39m\n                  \u001b[36m<button\u001b[39m\n                    \u001b[33mclass\u001b[39m=\u001b[32m\"px-3 py-1.5 text-xs font-medium rounded-lg bg-[#207D86]/10 text-[#207D86] hover:bg-[#207D86]/20 transition\"\u001b[39m\n                  \u001b[36m>\u001b[39m\n                    \u001b[0mEdit\u001b[0m\n                  \u001b[36m</button>\u001b[39m\n                  \u001b[36m<button\u001b[39m\n                    \u001b[33mclass\u001b[39m=\u001b[32m\"px-3 py-1.5 text-xs font-medium rounded-lg bg-red-500/10 text-red-400 hover:bg-red-500/20 transition disabled:opacity-50\"\u001b[39m\n                  \u001b[36m>\u001b[39m\n                    \u001b[0mDelete\u001b[0m\n                  \u001b[36m</button>\u001b[39m\n                \u001b[36m</div>\u001b[39m\n              \u001b[36m</td>\u001b[39m\n            \u001b[36m</tr>\u001b[39m\n            \u001b[36m<tr\u001b[39m\n              \u001b[33mclass\u001b[39m=\u001b[32m\"border-t border-slate-50 hover:bg-[#207D86]/5 transition-all duration-150 bg-slate-50/30\"\u001b[39m\n            \u001b[36m>\u001b[39m\n              \u001b[36m<td\u001b[39m\n                \u001b[33mclass\u001b[39m=\u001b[32m\"px-6 py-4\"\u001b[39m\n              \u001b[36m>\u001b[39m\n                \u001b[36m<p\u001b[39m\n                  \u001b[33mclass\u001b[39m=\u001b[32m\"font-semibold text-[#0A1D32]\"\u001b[39m\n                \u001b[36m>\u001b[39m\n                  \u001b[0mNotebooks\u001b[0m\n                \u001b[36m</p>\u001b[39m\n                \u001b[36m<p\u001b[39m\n                  \u001b[33mclass\u001b[39m=\u001b[32m\"text-xs text-slate-400 mt-0.5 line-clamp-1\"\u001b[39m\n                \u001b[36m>\u001b[39m\n                  \u001b[0mA4 notebooks\u001b[0m\n                \u001b[36m</p>\u001b[39m\n              \u001b[36m</td>\u001b[39m\n              \u001b[36m<td\u001b[39m\n                \u001b[33mclass\u001b[39m=\u001b[32m\"px-6 py-4 text-slate-600 font-medium\"\u001b[39m\n              \u001b[36m>\u001b[39m\n                \u001b[0m20\u001b[0m\n              \u001b[36m</td>\u001b[39m\n              \u001b[36m<td\u001b[39m\n                \u001b[33mclass\u001b[39m=\u001b[32m\"px-6 py-4 text-slate-600 font-medium\"\u001b[39m\n              \u001b[36m>\u001b[39m\n                \u001b[0mRs. 1,500\u001b[0m\n              \u001b[36m</td>\u001b[39m\n              \u001b[36m<td\u001b[39m\n                \u001b[33mclass\u001b[39m=\u001b[32m\"px-6 py-4\"\u001b[39m\n              \u001b[36m>\u001b[39m\n                \u001b[36m<span\u001b[39m\n                  \u001b[33mclass\u001b[39m=\u001b[32m\"text-xs font-semibold px-2.5 py-1 rounded-full bg-yellow-500/10 text-yellow-400 border border-yellow-500/30\"\u001b[39m\n                \u001b[36m>\u001b[39m\n                  \u001b[0mMedium\u001b[0m\n                \u001b[36m</span>\u001b[39m\n              \u001b[36m</td>\u001b[39m\n              \u001b[36m<td\u001b[39m\n                \u001b[33mclass\u001b[39m=\u001b[32m\"px-6 py-4\"\u001b[39m\n              \u001b[36m>\u001b[39m\n                \u001b[36m<span\u001b[39m\n                  \u001b[33mclass\u001b[39m=\u001b[32m\"text-xs font-semibold px-2.5 py-1 rounded-full bg-green-500/10 text-green-500\"\u001b[39m\n                \u001b[36m>\u001b[39m\n                  \u001b[0mFulfilled\u001b[0m\n                \u001b[36m</span>\u001b[39m\n              \u001b[36m</td>\u001b[39m\n              \u001b[36m<td\u001b[39m\n                \u001b[33mclass\u001b[39m=\u001b[32m\"px-6 py-4 text-xs text-slate-400\"\u001b[39m\n              \u001b[36m>\u001b[39m\n                \u001b[0m4/9/2026\u001b[0m\n              \u001b[36m</td>\u001b[39m\n              \u001b[36m<td\u001b[39m\n                \u001b[33mclass\u001b[39m=\u001b[32m\"px-6 py-4\"\u001b[39m\n              \u001b[36m>\u001b[39m\n                \u001b[36m<div\u001b[39m\n                  \u001b[33mclass\u001b[39m=\u001b[32m\"flex gap-2 justify-end\"\u001b[39m\n                \u001b[36m>\u001b[39m\n                  \u001b[36m<span\u001b[39m\n                    \u001b[33mclass\u001b[39m=\u001b[32m\"text-xs text-slate-300 italic\"\u001b[39m\n                  \u001b[36m>\u001b[39m\n                    \u001b[0mLocked\u001b[0m\n                  \u001b[36m</span>\u001b[39m\n                \u001b[36m</div>\u001b[39m\n              \u001b[36m</td>\u001b[39m\n            \u001b[36m</tr>\u001b[39m\n          \u001b[36m</tbody>\u001b[39m\n        \u001b[36m</table>\u001b[39m\n      \u001b[36m</div>\u001b[39m\n      \u001b[36m<div\u001b[39m\n        \u001b[33mclass\u001b[39m=\u001b[32m\"md:hidden flex flex-col gap-4\"\u001b[39m\n      \u001b[36m>\u001b[39m\n        \u001b[36m<div\u001b[39m\n          \u001b[33mclass\u001b[39m=\u001b[32m\"bg-white rounded-2xl border border-slate-100 shadow-sm p-5 flex flex-col gap-3\"\u001b[39m\n        \u001b[36m>\u001b[39m\n          \u001b[36m<div\u001b[39m\n            \u001b[33mclass\u001b[39m=\u001b[32m\"flex items-start justify-between gap-2\"\u001b[39m\n          \u001b[36m>\u001b[39m\n            \u001b[36m<div\u001b[39m\n              \u001b[33mclass\u001b[39m=\u001b[32m\"flex-1\"\u001b[39m\n            \u001b[36m>\u001b[39m\n              \u001b[36m<p\u001b[39m\n                \u001b[33mclass\u001b[39m=\u001b[32m\"font-semibold text-[#0A1D32] text-sm\"\u001b[39m\n              \u001b[36m>\u001b[39m\n                \u001b[0mGeometry Boxes\u001b[0m\n              \u001b[36m</p>\u001b[39m\n              \u001b[36m<p\u001b[39m\n                \u001b[33mclass\u001b[39m=\u001b[32m\"text-xs text-slate-400 mt-0.5 line-clamp-2\"
[...]
39m\n                \u001b[36m>\u001b[39m\n                  \u001b[0mLow\u001b[0m\n                \u001b[36m</span>\u001b[39m\n              \u001b[36m</div>\u001b[39m\n              \u001b[36m<p\u001b[39m\n                \u001b[33mclass\u001b[39m=\u001b[32m\"text-sm text-slate-500 line-clamp-2\"\u001b[39m\n              \u001b[36m>\u001b[39m\n                \u001b[0mA4 notebooks\u001b[0m\n              \u001b[36m</p>\u001b[39m\n              \u001b[36m<div\u001b[39m\n                \u001b[33mclass\u001b[39m=\u001b[32m\"flex gap-4 text-xs text-slate-400\"\u001b[39m\n              \u001b[36m>\u001b[39m\n                \u001b[36m<span>\u001b[39m\n                  \u001b[0m📦 Qty: \u001b[0m\n                  \u001b[36m<strong\u001b[39m\n                    \u001b[33mclass\u001b[39m=\u001b[32m\"text-slate-700\"\u001b[39m\n                  \u001b[36m>\u001b[39m\n                    \u001b[0m20\u001b[0m\n                  \u001b[36m</strong>\u001b[39m\n                \u001b[36m</span>\u001b[39m\n                \u001b[36m<span>\u001b[39m\n                  \u001b[0m📅 \u001b[0m\n                  \u001b[0m4/9/2026\u001b[0m\n                \u001b[36m</span>\u001b[39m\n              \u001b[36m</div>\u001b[39m\n              \u001b[36m<div\u001b[39m\n                \u001b[33mclass\u001b[39m=\u001b[32m\"flex items-center justify-between pt-3 border-t border-slate-100\"\u001b[39m\n              \u001b[36m>\u001b[39m\n                \u001b[36m<span\u001b[39m\n                  \u001b[33mclass\u001b[39m=\u001b[32m\"text-xs font-semibold px-3 py-1 rounded-full bg-yellow-500/10 text-yellow-500\"\u001b[39m\n                \u001b[36m>\u001b[39m\n                  \u001b[0mPledged\u001b[0m\n                \u001b[36m</span>\u001b[39m\n              \u001b[36m</div>\u001b[39m\n              \u001b[36m<div\u001b[39m\n                \u001b[33mclass\u001b[39m=\u001b[32m\"text-center py-1\"\u001b[39m\n              \u001b[36m>\u001b[39m\n                \u001b[36m<span\u001b[39m\n                  \u001b[33mclass\u001b[39m=\u001b[32m\"text-xs font-semibold px-4 py-1.5 rounded-full bg-yellow-500/10 text-yellow-500\"\u001b[39m\n                \u001b[36m>\u001b[39m\n                  \u001b[0mPledged\u001b[0m\n                \u001b[36m</span>\u001b[39m\n              \u001b[36m</div>\u001b[39m\n            \u001b[36m</div>\u001b[39m\n          \u001b[36m</div>\u001b[39m\n        \u001b[36m</div>\u001b[39m\n      \u001b[36m</div>\u001b[39m\n    \u001b[36m</body>\u001b[39m\n\u001b[2m\u001b[22m\n\u001b[2m    \u001b[0m \u001b[90m 251 |\u001b[39m   test(\u001b[32m\"shows Open status badge\"\u001b[39m\u001b[33m,\u001b[39m \u001b[36masync\u001b[39m () \u001b[33m=>\u001b[39m {\u001b[22m\n\u001b[2m     \u001b[90m 252 |\u001b[39m     render(\u001b[33m<\u001b[39m\u001b[33mBrowseNeeds\u001b[39m \u001b[33m/\u001b[39m\u001b[33m>\u001b[39m)\u001b[33m;\u001b[39m\u001b[22m\n\u001b[2m    \u001b[31m\u001b[1m>\u001b[22m\u001b[2m\u001b[39m\u001b[90m 253 |\u001b[39m     \u001b[36mawait\u001b[39m waitFor(() \u001b[33m=>\u001b[39m {\u001b[22m\n\u001b[2m     \u001b[90m     |\u001b[39m                  \u001b[31m\u001b[1m^\u001b[22m\u001b[2m\u001b[39m\u001b[22m\n\u001b[2m     \u001b[90m 254 |\u001b[39m       expect(screen\u001b[33m.\u001b[39mgetByText(\u001b[32m\"Open\"\u001b[39m))\u001b[33m.\u001b[39mtoBeInTheDocument()\u001b[33m;\u001b[39m\u001b[22m\n\u001b[2m     \u001b[90m 255 |\u001b[39m     })\u001b[33m;\u001b[39m\u001b[22m\n\u001b[2m     \u001b[90m 256 |\u001b[39m   })\u001b[33m;\u001b[39m\u001b[0m\u001b[22m\n\u001b[2m\u001b[22m\n\u001b[2m      \u001b[2mat waitForWrapper (\u001b[22m\u001b[2mnode_modules/@testing-library/dom/dist/wait-for.js\u001b[2m:163:27)\u001b[22m\u001b[2m\u001b[22m\n\u001b[2m      \u001b[2mat Object.<anonymous> (\u001b[22m\u001b[2m\u001b[0m\u001b[36msrc/__tests__/BrowseNeeds.test.jsx\u001b[39m\u001b[0m\u001b[2m:253:18)\u001b[22m\u001b[2m\u001b[22m\n\n\u001b[1m\u001b[31m  \u001b[1m● \u001b[22m\u001b[1mBrowseNeeds › shows Pledged status badge\u001b[39m\u001b[22m\n\n    Found multiple elements with the text: Pledged\n\n    Here are the matching elements:\n\n    Ignored nodes: comments, script, style\n    \u001b[36m<option\u001b[39m\n      \u001b[33mvalue\u001b[39m=\u001b[32m\"Pledged\"\u001b[39m\n    \u001b[36m>\u001b[39m\n      \u001b[0mPledged\u001b[0m\n    \u001b[36m</option>\u001b[39m\n\n    Ignored nodes: comments, script, style\n    \u001b[36m<span\u001b[39m\n      \u001b[33mclass\u001b[39m=\u001b[32m\"text-xs font-semibold px-3 py-1 rounded-full bg-yellow-500/10 text-yellow-500\"\u001b[39m\n    \u001b[36m>\u001b[39m\n      \u001b[0mPledged\u001b[0m\n    \u001b[36m</span>\u001b[39m\n\n    Ignored nodes: comments, script, style\n    \u001b[36m<span\u001b[39m\n      \u001b[33mclass\u001b[39m=\u001b[32m\"text-xs font-semibold px-4 py-1.5 rounded-full bg-yellow-500/10 text-yellow-500\"\u001b[39m\n    \u001b[36m>\u001b[39m\n      \u001b[0mPledged\u001b[0m\n    \u001b[36m</span>\u001b[39m\n\n    (If this is intentional, then use the `*AllBy*` variant of the query (like `queryAllByText`, `getAllByText`, or `findAllByText`)).\n\n    Ignored nodes: comments, script, style\n    \u001b[36m<body>\u001b[39m\n      \u001b[36m<div>\u001b[39m\n        \u001b[36m<div\u001b[39m\n          \u001b[33mclass\u001b[39m=\u001b[32m\"p-8 min-h-screen\"\u001b[39m\n        \u001b[36m>\u001b[39m\n          \u001b[36m<h1\u001b[39m\n            \u001b[33mclass\u001b[39m=\u001b[32m\"text-2xl font-bold text-[#0A1D32] mb-1\"\u001b[39m\n          \u001b[36m>\u001b[39m\n            \u001b[0mBrowse School Needs\u001b[0m\n          \u001b[36m</h1>\u001b[39m\n          \u001b[36m<p\u001b[39m\n            \u001b[33mclass\u001b[39m=\u001b[32m\"text-slate-500 text-sm mb-6\"\u001b[39m\n          \u001b[36m>\u001b[39m\n            \u001b[0mSupport verified schools by pledging or donating.\u001b[0m\n          \u001b[36m</p>\u001b[39m\n          \u001b[36m<div\u001b[39m\n            \u001b[33mclass\u001b[39m=\u001b[32m\"flex flex-wrap gap-3 mb-6 bg-white p-5 rounded-2xl border border-white/40 shadow-lg backdrop-blur-sm\"\u001b[39m\n          \u001b[36m>\u001b[39m\n            \u001b[36m<input\u001b[39m\n              \u001b[33mclass\u001b[39m=\u001b[32m\"rounded-xl px-4 py-2 text-sm border border-slate-200 focus:outline-none focus:ring-2 focus:ring-[#207D86] transition w-52\"\u001b[39m\n              \u001b[33mplaceholder\u001b[39m=\u001b[32m\"Search item...\"\u001b[39m\n              \u001b[33mtype\u001b[39m=\u001b[32m\"text\"\u001b[39m\n              \u001b[33mvalue\u001b[39m=\u001b[32m\"\"\u001b[39m\n            \u001b[36m/>\u001b[39m\n            \u001b[36m<select\u001b[39m\n              \u001b[33mclass\u001b[39m=\u001b[32m\"rounded-xl px-4 py-2 text-sm border border-slate-200 focus:outline-none focus:ring-2 focus:ring-[#207D86]\"\u001b[39m\n            \u001b[36m>\u001b[39m\n              \u001b[36m<option\u001b[39m\n                \u001b[33mvalue\u001b[39m=\u001b[32m\"\"\u001b[39m\n              \u001b[36m>\u001b[39m\n                \u001b[0mAll Urgency\u001b[0m\n              \u001b[36m</option>\u001b[39m\n              \u001b[36m<option\u001b[39m\n                \u001b[33mvalue\u001b[39m=\u001b[32m\"High\"\u001b[39m\n              \u001b[36m>\u001b[39m\n                \u001b[0m🔴 High\u001b[0m\n              \u001b[36m</option>\u001b[39m\n              \u001b[36m<option\u001b[39m\n                \u001b[33mvalue\u001b[39m=\u001b[32m\"Medium\"\u001b[39m\n              \u001b[36m>\u001b[39m\n                \u001b[0m🟡 Medium\u001b[0m\n              \u001b[36m</option>\u001b[39m\n              \u001b[36m<option\u001b[39m\n                \u001b[33mvalue\u001b[39m=\u001b[32m\"Low\"\u001b[39m\n              \u001b[36m>\u001b[39m\n                \u001b[0m🟢 Low\u001b[0m\n              \u001b[36m</option>\u001b[39m\n            \u001b[36m</select>\u001b[39m\n            \u001b[36m<select\u001b[39m\n              \u001b[33mclass\u001b[39m=\u001b[32m\"rounded-xl px-4 py-2 text-sm border border-slate-200 focus:outline-none focus:ring-2 focus:ring-[#207D86]\"\u001b[39m\n            \u001b[36m>\u001b[39m\n              \u001b[36m<option\u001b[39m\n                \u001b[33mvalue\u001b[39m=\u001b[32m\"\"\u001b[39m\n              \u001b[36m>\u001b[39m\n                \u001b[0mAll Status\u001b[0m\n              \u001b[36m</option>\u001b[39m\n              \u001b[36m<option\u001b[39m\n                \u001b[33mvalue\u001b[39m=\u001b[32m\"Open\"\u001b[39m\n              \u001b[36m>\u001b[39m\n                \u001b[0mOpen\u001b[0m\n              \u001b[36m</option>\u001b[39m\n              \u001b[36m<option\u001b[39m\n                \u001b[33mvalue\u001b[39m=\u001b[32m\"Pledged\"\u001b[39m\n              \u001b[36m>\u001b[39m\n                \u001b[0mPledged\u001b[0m\n              \u001b[36m</option>\u001b[39m\n              \u001b[36m<option\u001b[39m\n                \u001b[33mvalue\u001b[39m=\u001b[32m\"Fulfilled\"\u001b[39m\n              \u001b[36m>\u001b[39m\n                \u001b[0mFulfilled\u001b[0m\n              \u001b[36m</option>\u001b[39m\n            \u001b[36m</select>\u001b[39m\n            \u001b[36m<button\u001b[39m\n              \u001b[33mclass\u001b[39m=\u001b[32m\"ml-auto text-sm font-medium text-[#207D86] hover:text-[#4CAF50] transition\"\u001b[39m\n            \u001b[36m>\u001b[39m\n              \u001b[0mClear Filters\u001b[0m\n            \u001b[36m</button>\u001b[39m\n          \u001b[36m</div>\u001b[39m\n          \u001b[36m<p\u001b[39m\n            \u001b[33mclass\u001b[39m=\u001b[32m\"text-xs text-slate-400 mb-5\"\u001b[39m\n          \u001b[36m>\u001b[39m\n            \u001b[0mShowing \u001b[0m\n            \u001b[0m2\u001b[0m\n            \u001b[0m of \u001b[0m\n            \u001b[0m2\u001b[0m\n            \u001b[0m results\u001b[0m\n          \u001b[36m</p>\u001b[39m\n          \u001b[36m<div\u001b[39m\n            \u001b[33mclass\u001b[39m=\u001b[32m\"grid grid-cols-1 sm:grid-cols-2 lg:grid-cols-3 gap-6\"\u001b[39m\n          \u001b[36m>\u001b[39m\n            \u001b[36m<div\u001b[39m\n              \u001b[33mclass\u001b[39m=\u001b[32m\"bg-white rounded-2xl border border-slate-100 p-6 flex flex-col gap-4 transition-all duration-300 hover:shadow-[0_10px_30px_rgba(0,0,0,0.12)] hover:-translate-y-1\"\u001b[39m\n            \u001b[36m>\u001b[39m\n              \u001b[36m<div\u001b[39m\n                \u001b[33mclass\u001b[39m=\u001b[32m\"flex justify-between items-start\"\u001b[39m\n              \u001b[36m>\u001b[39m\n                \u001b[36m<div>\u001b[39m\n                  \u001b[36m<h2\u001b[39m\n                    \u001b[33mclass\u001b[39m=\u001b[32m\"font-semibold text-[#0A1D32] text-base\"\u001b[39m\n                  \u001b[36m>\u001b[39m\n                    \u001b[0mProjector Screen\u001b[0m\n                  \u001b[36m</h2>\u001b[39m\n                  \u001b[36m<p\u001b[39m\n                    \u001b[33mclass\u001b[39m=\u001b[32m\"text-xs text-slate-400 mt-1\"\u001b[39m\n                  \u001b[36m>\u001b[39m\n                    \u001b[0m🏫 \u001b[0m\n                    \u001b[0mVerified School\u001b[0m\n                  \u001b[36m</p>\u001b[39m\n                \u001b[36m</div>\u001b[39m\n                \u001b[36m<span\u001b[39m\n                  \u001b[33mclass\u001b[39m=\u001b[32m\"text-xs font-semibold px-3 py-1 rounded-full bg-red-500/10 text-red-400 border border-red-500/30\"\u001b[39m\n                \u001b[36m>\u001b[39m\n                  \u001b[0mHigh\u001b[0m\n                \u001b[36m</span>\u001b[39m\n              \u001b[36m</div>\u001b[39m\n              \u001b[36m<p\u001b[39m\n                \u001b[33mclass\u001b[39m=\u001b[32m\"text-sm text-slate-500 line-clamp-2\"\u001b[39m\n              \u001b[36m>\u001b[39m\n                \u001b[0mFor hall presentations\u001b[0m\n              \u001b[36m</p>\u001b[39m\n              \u001b[36m<div\u001b[39m\n                \u001b[33mclass\u001b[39m=\u001b[32m\"flex gap-4 text-xs text-slate-400\"\u001b[39m\n              \u001b[36m>\u001b[39m\n                \u001b[36m<span>\u001b[39m\n                  \u001b[0m📦 Qty: \u001b[0m\n                  \u001b[36m<strong\u001b[39m\n                    \u001b[33mclass\u001b[39m=\u001b[32m\"text-slate-700\"\u001b[39m\n                  \u001b[36m>\u001b[39m\n                    \u001b[0m1\u001b[0m\n                  \u001b[36m</strong>\u001b[39m\n                \u001b[36m</span>\u001b[39m\n                \u001b[36m<span>\u001b[39m\n                  \u001b[0m💰 Rs. \u001b[0m\n                  \u001b[36m<strong\u001b[39m\n                    \u001b[33mclass\u001b[39m=\u001b[32m\"text-slate-700\"\u001b[39m\n                  \u001b[36m>\u001b[39m\n                    \u001b[0m15,000\u001b[0m\n                  \u001b[36m</strong>\u001b[39m\n                \u001b[36m</span>\u001b[39m\n              \u001b[36m</div>\u001b[39m\n              \u001b[36m<div\u001b[39m\n                \u001b[33mclass\u001b[39m=\u001b[32m\"flex items-center justify-between pt-3 border-t border-slate-100\"\u001b[39m\n              \u001b[36m>\u001b[39m\n                \u001b[36m<span\u001b[39m\n                  \u001b[33mclass\u001b[39m=\u001b[32m\"text-xs font-semibold px-3 py-1 rounded-full bg-[#207D86]/10 text-[#207D86]\"\u001b[39m\n                \u001b[36m>\u001b[39m\n                  \u001b[0mOpen\u001b[0m\n                \u001b[36m</span>\u001b[39m\n              \u001b[36m</div>\u001b[39m\n              \u001b[36m<div\u001b[39m\n                \u001b[33mclass\u001b[39m=\u001b[32m\"flex gap-2\"\u001b[39m\n              \u001b[36m>\u001b[39m\n                \u001b[36m<button\u001b[39m\n                  \u001b[33mclass\u001b[39m=\u001b[32m\"flex-1 py-2 text-sm rounded-xl font-medium border-2 border-[#207D86] text-[#207D86] hover:bg-[#207D86]/10 transition-all duration-200 disabled:opacity-50\"\u001b[39m\n                \u001b[36m>\u001b[39m\n                  \u001b[0mPledge 🤝\u001b[0m\n                \u001b[36m</button>\u001b[39m\n                \u001b[36m<button\u001b[39m\n                  \u001b[33mclass\u001b[39m=\u001b[32m\"flex-1 py-2 text-sm rounded-xl font-medium bg-linear-to-r from-[#207D86] to-[#4CAF50] text-white hover:shadow-lg hover:scale-[1.02] transition-all duration-200 disabled:opacity-50\"\u001b[39m\n                \u001b[36m>\u001b[39m\n                  \u001b[0mPay 💳\u001b[0m\n                \u001b[36m</button>\u001b[39m\n              \u001b[36m</div>\u001b[39m\n            \u001b[36m</div>\u001b[39m\n            \u001b[36m<div\u001b[39m\n              \u001b[33mclass\u001b[39m=\u001b[32m\"bg-white rounded-2xl border border-slate-100 p-6 flex flex-col gap-4 transition-all duration-300 hover:shadow-[0_10px_30px_rgba(0,0,0,0.12)] hover:-translate-y-1\"\u001b[39m\n            \u001b[36m>\u001b[39m\n              \u001b[36m<div\u001b[39m\n                \u001b[33mclass\u001b[39m=\u001b[32m\"flex justify-between items-start\"\u001b[39m\n              \u001b[36m>\u001b[39m\n                \u001b[36m<div>\u001b[39m\n                  \u001b[36m<h2\u001b[39m\n                    \u001b[33mclass\u001b[39m=\u001b[32m\"font-semibold text-[#0A1D32] text-base\"\u001b[39m\n                  \u001b[36m>\u001b[39m\n                    \u001b[0mNotebooks\u001b[0m\n                  \u001b[36m</h2>\u001b[39m\n                  \u001b[36m<p\u001b[39m\n                    \u001b[33mclass\u001b[39m=\u001b[32m\"text-xs text-slate-400 mt-1\"\u001b[39m\n                  \u001b[36m>\u001b[39m\n                    \u001b[0m🏫 \u001b[0m\n                    \u001b[0mVerified School\u001b[0m\n                  \u001b[36m</p>\u001b[39m\n                \u001b[36m</div>\u001b[39m\n                \u001b[36m<span\u001b[39m\n                  \u001b[33mclass\u001b[39m=\u001b[32m\"text-xs font-semibold px-3 py-1 rounded-full bg-green-500/10 text-green-400 border border-green-500/30\"\u001b[39m\n                \u001b[36m>\u001b[39m\n                  \u001b[0mLow\u001b[0m\n                \u001b[36m</span>\u001b[39m\n              \u001b[36m</div>\u001b[39m\n              \u001b[36m<p\u001b[39m\n                \u001b[33mclass\u001b[39m=\u001b[32m\"text-sm text-slate-500 line-clamp-2\"\u001b[39m\n              \u001b[36m>\u001b[39m\n                \u001b[0mA4 notebooks\u001b[0m\n              \u001b[36m</p>\u001b[39m\n              \u001b[36m<div\u001b[39m\n                \u001b[33mclass\u001b[39m=\u001b[32m\"flex gap-4 text-xs text-slate-400\"\u001b[39m\n              \u001b[36m>\u001b[39m\n                \u001b[36m<span>\u001b[39m\n                  \u001b[0m📦 Qty: \u001b[0m\n                  \u001b[36m<strong\u001b[39m\n                    \u001b[33mclass\u001b[39m=\u001b[32m\"text-slate-700\"\u001b[39m\n                  \u001b[36m>\u001b[39m\n                    \u001b[0m20\u001b[0m\n                  \u001b[36m</strong>\u001b[39m\n                \u001b[36m</span>\u001b[39m\n                \u001b[36m<span>\u001b[39m\n                  \u001b[0m📅 \u001b[0m\n                  \u001b[0m4/9/2026\u001b[0m\n                \u001b[36m</span>\u001b[39m\n              \u001b[36m</div>\u001b[39m\n              \u001b[36m<div\u001b[39m\n                \u001b[33mclass\u001b[39m=\u001b[32m\"flex items-center justify-between pt-3 border-t border-slate-100\"\u001b[39m\n              \u001b[36m>\u001b[39m\n                \u001b[36m<span\u001b[39m\n                  \u001b[33mclass\u001b[39m=\u001b[32m\"text-xs font-semibold px-3 py-1 rounded-full bg-yellow-500/10 text-yellow-500\"\u001b[39m\n                \u001b[36m>\u001b[39m\n                  \u001b[0mPledged\u001b[0m\n                \u001b[36m</span>\u001b[39m\n              \u001b[36m</div>\u001b[39m\n              \u001b[36m<div\u001b[39m\n                \u001b[33mclass\u001b[39m=\u001b[32m\"text-center py-1\"\u001b[39m\n              \u001b[36m>\u001b[39m\n                \u001b[36m<span\u001b[39m\n                  \u001b[33mclass\u001b[39m=\u001b[32m\"text-xs font-semibold px-4 py-1.5 rounded-full bg-yellow-500/10 text-yellow-500\"\u001b[39m\n                \u001b[36m>\u001b[39m\n                  \u001b[0mPledged\u001b[0m\n                \u001b[36m</span>\u001b[39m\n              \u001b[36m</div>\u001b[39m\n            \u001b[36m</div>\u001b[39m\n          \u001b[36m</div>\u001b[39m\n        \u001b[36m</div>\u001b[39m\n      \u001b[36m</div>\u001b[39m\n    \u001b[36m</body>\u001b[39m\n\u001b[2m\u001b[22m\n\u001b[2m    \u001b[0m \u001b[90m 258 |\u001b[39m   test(\u001b[32m\"shows Pledged status badge\"\u001b[39m\u001b[33m,\u001b[39m \u001b[36masync\u001b[39m () \u001b[33m=>\u001b[39m {\u001b[22m\n\u001b[2m     \u001b[90m 259 |\u001b[39m     render(\u001b[33m<\u001b[39m\u001b[33mBrowseNeeds\u001b[39m \u001b[33m/\u001b[39m\u001b[33m>\u001b[39m)\u001b[33m;\u001b[39m\u001b[22m\n\u001b[2m    \u001b[31m\u001b[1m>\u001b[22m\u001b[2m\u001b[39m\u001b[90m 260 |\u001b[39m     \u001b[36mawait\u001b[39m waitFor(() \u001b[33m=>\u001b[39m {\u001b[22m\n\u001b[2m     \u001b[90m     |\u001b[39m                  \u001b[31m\u001b[1m^\u001b[22m\u001b[2m\u001b[39m\u001b[22m\n\u001b[2m     \u001b[90m 261 |\u001b[39m       expect(screen\u001b[33m.\u001b[39mgetByText(\u001b[32m\"Pledged\"\u001b[39m))\u001b[33m.\u001b[39mtoBeInTheDocument()\u001b[33m;\u001b[39m\u001b[22m\n\u001b[2m     \u001b[90m 262 |\u001b[39m     })\u001b[33m;\u001b[39m\u001b[22m\n\u001b[2m     \u001b[90m 263 |\u001b[39m   })\u001b[33m;\u001b[39m\u001b[0m\u001b[22m\n\u001b[2m\u001b[22m\n\u001b[2m      \u001b[2mat waitForWrapper (\u001b[22m\u001b[2mnode_modules/@testing-library/dom/dist/wait-for.js\u001b[2m:163:27)\u001b[22m\u001b[2m\u001b[22m\n\u001b[2m      \u001b[2mat Object.<anonymous> (\u001b[22m\u001b[2m\u001b[0m\u001b[36msrc/__tests__/BrowseNeeds.test.jsx\u001b[39m\u001b[0m\u001b[2m:260:18)\u001b[22m\u001b[2m\u001b[22m\n","name":"C:\\Users\\tharu\\Documents\\GitHub\\LearnBridge\\apps\\web\\src\\__tests__\\BrowseNeeds.test.jsx","startTime":1775757799198,"status":"failed","summary":""}],"wasInterrupted":false}
