<?xml version="1.0" encoding="UTF-8"?>
<coverage generated="1775828639938" clover="3.2.0">
  <project timestamp="1775828639938" name="All files">
    <metrics statements="233" coveredstatements="169" conditionals="139" coveredconditionals="93" methods="75" coveredmethods="38" elements="447" coveredelements="300" complexity="0" loc="233" ncloc="233" packages="4" files="4" classes="4"/>
    <package name="api">
      <metrics statements="26" coveredstatements="6" conditionals="12" coveredconditionals="2" methods="5" coveredmethods="0"/>
      <file name="Axios.jsx" path="C:\Users\tharu\Documents\GitHub\LearnBridge\apps\web\src\api\Axios.jsx">
        <metrics statements="26" coveredstatements="6" conditionals="12" coveredconditionals="2" methods="5" coveredmethods="0"/>
        <line num="3" count="2" type="cond" truecount="2" falsecount="0"/>
        <line num="5" count="2" type="stmt"/>
        <line num="7" count="2" type="stmt"/>
        <line num="8" count="0" type="stmt"/>
        <line num="11" count="2" type="stmt"/>
        <line num="17" count="2" type="stmt"/>
        <line num="19" count="0" type="cond" truecount="0" falsecount="2"/>
        <line num="20" count="0" type="stmt"/>
        <line num="22" count="0" type="stmt"/>
        <line num="24" count="0" type="stmt"/>
        <line num="27" count="2" type="stmt"/>
        <line num="28" count="0" type="stmt"/>
        <line num="30" count="0" type="stmt"/>
        <line num="32" count="0" type="cond" truecount="0" falsecount="4"/>
        <line num="33" count="0" type="stmt"/>
        <line num="36" count="0" type="cond" truecount="0" falsecount="4"/>
        <line num="37" count="0" type="stmt"/>
        <line num="38" count="0" type="stmt"/>
        <line num="39" count="0" type="stmt"/>
        <line num="40" count="0" type="stmt"/>
        <line num="42" count="0" type="stmt"/>
        <line num="43" count="0" type="stmt"/>
        <line num="44" count="0" type="stmt"/>
        <line num="46" count="0" type="stmt"/>
        <line num="47" count="0" type="stmt"/>
        <line num="50" count="0" type="stmt"/>
      </file>
    </package>
    <package name="pages.Donor">
      <metrics statements="81" coveredstatements="68" conditionals="40" coveredconditionals="34" methods="23" coveredmethods="17"/>
      <file name="BrowseNeeds.jsx" path="C:\Users\tharu\Documents\GitHub\LearnBridge\apps\web\src\pages\Donor\BrowseNeeds.jsx">
        <metrics statements="81" coveredstatements="68" conditionals="40" coveredconditionals="34" methods="23" coveredmethods="17"/>
        <line num="6" count="1" type="stmt"/>
        <line num="8" count="1" type="stmt"/>
        <line num="15" count="90" type="stmt"/>
        <line num="16" count="90" type="stmt"/>
        <line num="17" count="90" type="stmt"/>
        <line num="18" count="90" type="stmt"/>
        <line num="19" count="90" type="stmt"/>
        <line num="20" count="90" type="stmt"/>
        <line num="22" count="90" type="stmt"/>
        <line num="28" count="90" type="stmt"/>
        <line num="29" count="23" type="stmt"/>
        <line num="32" count="90" type="stmt"/>
        <line num="33" count="24" type="stmt"/>
        <line num="34" count="24" type="stmt"/>
        <line num="35" count="24" type="stmt"/>
        <line num="36" count="23" type="stmt"/>
        <line num="37" count="23" type="stmt"/>
        <line num="39" count="1" type="stmt"/>
        <line num="41" count="24" type="stmt"/>
        <line num="45" count="90" type="stmt"/>
        <line num="46" count="51" type="stmt"/>
        <line num="47" count="51" type="cond" truecount="2" falsecount="0"/>
        <line num="48" count="3" type="stmt"/>
        <line num="49" count="9" type="stmt"/>
        <line num="52" count="51" type="cond" truecount="2" falsecount="0"/>
        <line num="53" count="3" type="stmt"/>
        <line num="55" count="51" type="cond" truecount="2" falsecount="0"/>
        <line num="56" count="3" type="stmt"/>
        <line num="58" count="51" type="stmt"/>
        <line num="59" count="51" type="stmt"/>
        <line num="63" count="90" type="stmt"/>
        <line num="64" count="2" type="stmt"/>
        <line num="65" count="2" type="stmt"/>
        <line num="66" count="2" type="stmt"/>
        <line num="67" count="1" type="stmt"/>
        <line num="68" count="1" type="stmt"/>
        <line num="70" count="1" type="cond" truecount="1" falsecount="1"/>
        <line num="72" count="2" type="stmt"/>
        <line num="77" count="90" type="stmt"/>
        <line num="78" count="3" type="stmt"/>
        <line num="79" count="3" type="stmt"/>
        <line num="81" count="3" type="cond" truecount="2" falsecount="0"/>
        <line num="82" count="1" type="stmt"/>
        <line num="83" count="1" type="stmt"/>
        <line num="86" count="2" type="stmt"/>
        <line num="87" count="1" type="stmt"/>
        <line num="90" count="1" type="stmt"/>
        <line num="91" count="0" type="stmt"/>
        <line num="92" count="0" type="stmt"/>
        <line num="93" count="0" type="stmt"/>
        <line num="97" count="0" type="stmt"/>
        <line num="98" count="0" type="stmt"/>
        <line num="100" count="0" type="stmt"/>
        <line num="101" count="0" type="stmt"/>
        <line num="105" count="1" type="stmt"/>
        <line num="106" count="0" type="stmt"/>
        <line num="107" count="0" type="stmt"/>
        <line num="110" count="1" type="stmt"/>
        <line num="111" count="0" type="stmt"/>
        <line num="114" count="1" type="stmt"/>
        <line num="116" count="1" type="cond" truecount="1" falsecount="1"/>
        <line num="118" count="3" type="stmt"/>
        <line num="121" count="90" type="stmt"/>
        <line num="122" count="90" type="stmt"/>
        <line num="127" count="90" type="cond" truecount="2" falsecount="0"/>
        <line num="128" count="46" type="stmt"/>
        <line num="135" count="44" type="stmt"/>
        <line num="149" count="3" type="stmt"/>
        <line num="155" count="1" type="stmt"/>
        <line num="166" count="1" type="stmt"/>
        <line num="176" count="1" type="stmt"/>
        <line num="195" count="113" type="stmt"/>
        <line num="210" count="0" type="stmt"/>
        <line num="211" count="0" type="stmt"/>
        <line num="213" count="0" type="stmt"/>
        <line num="231" count="113" type="stmt"/>
        <line num="233" count="113" type="stmt"/>
        <line num="239" count="113" type="stmt"/>
        <line num="241" count="113" type="stmt"/>
        <line num="290" count="2" type="stmt"/>
        <line num="300" count="3" type="stmt"/>
      </file>
    </package>
    <package name="pages.SchoolAdmin">
      <metrics statements="94" coveredstatements="79" conditionals="86" coveredconditionals="57" methods="31" coveredmethods="21"/>
      <file name="NeedsRegistry.jsx" path="C:\Users\tharu\Documents\GitHub\LearnBridge\apps\web\src\pages\SchoolAdmin\NeedsRegistry.jsx">
        <metrics statements="94" coveredstatements="79" conditionals="86" coveredconditionals="57" methods="31" coveredmethods="21"/>
        <line num="12" count="1" type="stmt"/>
        <line num="18" count="1" type="stmt"/>
        <line num="27" count="89" type="stmt"/>
        <line num="28" count="89" type="stmt"/>
        <line num="29" count="89" type="stmt"/>
        <line num="30" count="89" type="stmt"/>
        <line num="31" count="89" type="stmt"/>
        <line num="32" count="89" type="stmt"/>
        <line num="33" count="89" type="stmt"/>
        <line num="34" count="89" type="stmt"/>
        <line num="35" count="89" type="stmt"/>
        <line num="36" count="89" type="stmt"/>
        <line num="38" count="89" type="stmt"/>
        <line num="39" count="25" type="stmt"/>
        <line num="42" count="89" type="stmt"/>
        <line num="43" count="28" type="stmt"/>
        <line num="44" count="28" type="stmt"/>
        <line num="45" count="28" type="stmt"/>
        <line num="46" count="27" type="stmt"/>
        <line num="48" count="1" type="stmt"/>
        <line num="50" count="28" type="stmt"/>
        <line num="54" count="89" type="stmt"/>
        <line num="55" count="7" type="stmt"/>
        <line num="56" count="7" type="stmt"/>
        <line num="57" count="7" type="stmt"/>
        <line num="60" count="89" type="stmt"/>
        <line num="61" count="3" type="stmt"/>
        <line num="68" count="3" type="stmt"/>
        <line num="69" count="3" type="stmt"/>
        <line num="72" count="89" type="stmt"/>
        <line num="73" count="7" type="cond" truecount="4" falsecount="0"/>
        <line num="74" count="1" type="stmt"/>
        <line num="75" count="1" type="stmt"/>
        <line num="77" count="6" type="cond" truecount="2" falsecount="0"/>
        <line num="78" count="1" type="stmt"/>
        <line num="79" count="1" type="stmt"/>
        <line num="81" count="5" type="cond" truecount="4" falsecount="0"/>
        <line num="82" count="1" type="stmt"/>
        <line num="83" count="1" type="stmt"/>
        <line num="85" count="4" type="stmt"/>
        <line num="86" count="4" type="stmt"/>
        <line num="87" count="4" type="cond" truecount="2" falsecount="0"/>
        <line num="88" count="2" type="stmt"/>
        <line num="95" count="1" type="stmt"/>
        <line num="97" count="2" type="stmt"/>
        <line num="98" count="1" type="stmt"/>
        <line num="100" count="2" type="stmt"/>
        <line num="101" count="2" type="stmt"/>
        <line num="103" count="2" type="cond" truecount="1" falsecount="1"/>
        <line num="105" count="4" type="stmt"/>
        <line num="109" count="89" type="stmt"/>
        <line num="110" count="4" type="stmt"/>
        <line num="113" count="89" type="stmt"/>
        <line num="114" count="2" type="stmt"/>
        <line num="115" count="2" type="stmt"/>
        <line num="116" count="2" type="stmt"/>
        <line num="117" count="2" type="stmt"/>
        <line num="118" count="1" type="stmt"/>
        <line num="119" count="1" type="stmt"/>
        <line num="121" count="1" type="cond" truecount="1" falsecount="1"/>
        <line num="123" count="2" type="stmt"/>
        <line num="128" count="89" type="stmt"/>
        <line num="129" count="0" type="stmt"/>
        <line num="130" count="0" type="stmt"/>
        <line num="131" count="0" type="stmt"/>
        <line num="132" count="0" type="stmt"/>
        <line num="134" count="0" type="cond" truecount="0" falsecount="2"/>
        <line num="136" count="0" type="stmt"/>
        <line num="140" count="89" type="stmt"/>
        <line num="141" count="123" type="stmt"/>
        <line num="142" count="123" type="stmt"/>
        <line num="143" count="123" type="stmt"/>
        <line num="145" count="89" type="cond" truecount="2" falsecount="0"/>
        <line num="146" count="25" type="stmt"/>
        <line num="153" count="64" type="stmt"/>
        <line num="203" count="123" type="stmt"/>
        <line num="245" count="3" type="stmt"/>
        <line num="251" count="4" type="stmt"/>
        <line num="261" count="0" type="stmt"/>
        <line num="279" count="123" type="stmt"/>
        <line num="319" count="0" type="stmt"/>
        <line num="325" count="0" type="stmt"/>
        <line num="334" count="0" type="stmt"/>
        <line num="364" count="5" type="stmt"/>
        <line num="379" count="4" type="stmt"/>
        <line num="397" count="2" type="stmt"/>
        <line num="412" count="0" type="stmt"/>
        <line num="424" count="0" type="stmt"/>
        <line num="435" count="1" type="stmt"/>
        <line num="467" count="1" type="stmt"/>
        <line num="492" count="0" type="stmt"/>
        <line num="594" count="0" type="stmt"/>
        <line num="609" count="0" type="stmt"/>
        <line num="622" count="256" type="stmt"/>
      </file>
    </package>
    <package name="services">
      <metrics statements="32" coveredstatements="16" conditionals="1" coveredconditionals="0" methods="16" coveredmethods="0"/>
      <file name="donorServices.jsx" path="C:\Users\tharu\Documents\GitHub\LearnBridge\apps\web\src\services\donorServices.jsx">
        <metrics statements="32" coveredstatements="16" conditionals="1" coveredconditionals="0" methods="16" coveredmethods="0"/>
        <line num="5" count="2" type="cond" truecount="0" falsecount="1"/>
        <line num="6" count="0" type="stmt"/>
        <line num="8" count="2" type="stmt"/>
        <line num="9" count="0" type="stmt"/>
        <line num="11" count="2" type="stmt"/>
        <line num="12" count="0" type="stmt"/>
        <line num="14" count="2" type="stmt"/>
        <line num="15" count="0" type="stmt"/>
        <line num="17" count="2" type="stmt"/>
        <line num="18" count="0" type="stmt"/>
        <line num="20" count="2" type="stmt"/>
        <line num="21" count="0" type="stmt"/>
        <line num="23" count="2" type="stmt"/>
        <line num="24" count="0" type="stmt"/>
        <line num="26" count="2" type="stmt"/>
        <line num="27" count="0" type="stmt"/>
        <line num="29" count="2" type="stmt"/>
        <line num="30" count="0" type="stmt"/>
        <line num="32" count="2" type="stmt"/>
        <line num="33" count="0" type="stmt"/>
        <line num="35" count="2" type="stmt"/>
        <line num="36" count="0" type="stmt"/>
        <line num="38" count="2" type="stmt"/>
        <line num="39" count="0" type="stmt"/>
        <line num="41" count="2" type="stmt"/>
        <line num="42" count="0" type="stmt"/>
        <line num="44" count="2" type="stmt"/>
        <line num="45" count="0" type="stmt"/>
        <line num="47" count="2" type="stmt"/>
        <line num="48" count="0" type="stmt"/>
        <line num="50" count="2" type="stmt"/>
        <line num="51" count="0" type="stmt"/>
      </file>
    </package>
  </project>
</coverage>
