<?xml version="1.0" encoding="UTF-8"?>
<coverage generated="1775758259126" clover="3.2.0">
  <project timestamp="1775758259126" name="All files">
    <metrics statements="221" coveredstatements="166" conditionals="114" coveredconditionals="87" methods="69" coveredmethods="39" elements="404" coveredelements="292" complexity="0" loc="221" ncloc="221" packages="4" files="4" classes="4"/>
    <package name="api">
      <metrics statements="30" coveredstatements="10" conditionals="13" coveredconditionals="3" methods="6" coveredmethods="1"/>
      <file name="Axios.jsx" path="C:\Users\tharu\Documents\GitHub\LearnBridge\apps\web\src\api\Axios.jsx">
        <metrics statements="30" coveredstatements="10" conditionals="13" coveredconditionals="3" methods="6" coveredmethods="1"/>
        <line num="3" count="2" type="stmt"/>
        <line num="4" count="2" type="stmt"/>
        <line num="5" count="2" type="stmt"/>
        <line num="7" count="2" type="stmt"/>
        <line num="11" count="2" type="cond" truecount="3" falsecount="0"/>
        <line num="13" count="2" type="stmt"/>
        <line num="15" count="2" type="stmt"/>
        <line num="16" count="0" type="stmt"/>
        <line num="19" count="2" type="stmt"/>
        <line num="25" count="2" type="stmt"/>
        <line num="27" count="0" type="cond" truecount="0" falsecount="2"/>
        <line num="28" count="0" type="stmt"/>
        <line num="30" count="0" type="stmt"/>
        <line num="32" count="0" type="stmt"/>
        <line num="35" count="2" type="stmt"/>
        <line num="36" count="0" type="stmt"/>
        <line num="38" count="0" type="stmt"/>
        <line num="40" count="0" type="cond" truecount="0" falsecount="4"/>
        <line num="41" count="0" type="stmt"/>
        <line num="44" count="0" type="cond" truecount="0" falsecount="4"/>
        <line num="45" count="0" type="stmt"/>
        <line num="46" count="0" type="stmt"/>
        <line num="47" count="0" type="stmt"/>
        <line num="48" count="0" type="stmt"/>
        <line num="50" count="0" type="stmt"/>
        <line num="51" count="0" type="stmt"/>
        <line num="52" count="0" type="stmt"/>
        <line num="54" count="0" type="stmt"/>
        <line num="55" count="0" type="stmt"/>
        <line num="58" count="0" type="stmt"/>
      </file>
    </package>
    <package name="pages.Donor">
      <metrics statements="81" coveredstatements="66" conditionals="40" coveredconditionals="33" methods="23" coveredmethods="17"/>
      <file name="BrowseNeeds.jsx" path="C:\Users\tharu\Documents\GitHub\LearnBridge\apps\web\src\pages\Donor\BrowseNeeds.jsx">
        <metrics statements="81" coveredstatements="66" conditionals="40" coveredconditionals="33" methods="23" coveredmethods="17"/>
        <line num="6" count="1" type="stmt"/>
        <line num="8" count="1" type="stmt"/>
        <line num="15" count="75" type="stmt"/>
        <line num="16" count="75" type="stmt"/>
        <line num="17" count="75" type="stmt"/>
        <line num="18" count="75" type="stmt"/>
        <line num="19" count="75" type="stmt"/>
        <line num="20" count="75" type="stmt"/>
        <line num="22" count="75" type="stmt"/>
        <line num="28" count="75" type="stmt"/>
        <line num="29" count="19" type="stmt"/>
        <line num="32" count="75" type="stmt"/>
        <line num="33" count="20" type="stmt"/>
        <line num="34" count="20" type="stmt"/>
        <line num="35" count="20" type="stmt"/>
        <line num="36" count="19" type="stmt"/>
        <line num="37" count="19" type="stmt"/>
        <line num="39" count="1" type="stmt"/>
        <line num="41" count="20" type="stmt"/>
        <line num="45" count="75" type="stmt"/>
        <line num="46" count="42" type="stmt"/>
        <line num="47" count="42" type="cond" truecount="2" falsecount="0"/>
        <line num="48" count="2" type="stmt"/>
        <line num="49" count="4" type="stmt"/>
        <line num="52" count="42" type="cond" truecount="2" falsecount="0"/>
        <line num="53" count="2" type="stmt"/>
        <line num="55" count="42" type="cond" truecount="2" falsecount="0"/>
        <line num="56" count="2" type="stmt"/>
        <line num="58" count="42" type="stmt"/>
        <line num="59" count="42" type="stmt"/>
        <line num="63" count="75" type="stmt"/>
        <line num="64" count="2" type="stmt"/>
        <line num="65" count="2" type="stmt"/>
        <line num="66" count="2" type="stmt"/>
        <line num="67" count="1" type="stmt"/>
        <line num="68" count="1" type="stmt"/>
        <line num="70" count="1" type="cond" truecount="1" falsecount="1"/>
        <line num="72" count="2" type="stmt"/>
        <line num="77" count="75" type="stmt"/>
        <line num="78" count="2" type="stmt"/>
        <line num="79" count="2" type="stmt"/>
        <line num="81" count="2" type="cond" truecount="1" falsecount="1"/>
        <line num="82" count="0" type="stmt"/>
        <line num="83" count="0" type="stmt"/>
        <line num="86" count="2" type="stmt"/>
        <line num="87" count="1" type="stmt"/>
        <line num="90" count="1" type="stmt"/>
        <line num="91" count="0" type="stmt"/>
        <line num="92" count="0" type="stmt"/>
        <line num="93" count="0" type="stmt"/>
        <line num="97" count="0" type="stmt"/>
        <line num="98" count="0" type="stmt"/>
        <line num="100" count="0" type="stmt"/>
        <line num="101" count="0" type="stmt"/>
        <line num="105" count="1" type="stmt"/>
        <line num="106" count="0" type="stmt"/>
        <line num="107" count="0" type="stmt"/>
        <line num="110" count="1" type="stmt"/>
        <line num="111" count="0" type="stmt"/>
        <line num="114" count="1" type="stmt"/>
        <line num="116" count="1" type="cond" truecount="1" falsecount="1"/>
        <line num="118" count="2" type="stmt"/>
        <line num="121" count="75" type="stmt"/>
        <line num="122" count="75" type="stmt"/>
        <line num="127" count="75" type="cond" truecount="2" falsecount="0"/>
        <line num="128" count="38" type="stmt"/>
        <line num="135" count="37" type="stmt"/>
        <line num="149" count="2" type="stmt"/>
        <line num="155" count="1" type="stmt"/>
        <line num="166" count="1" type="stmt"/>
        <line num="176" count="1" type="stmt"/>
        <line num="195" count="65" type="stmt"/>
        <line num="210" count="0" type="stmt"/>
        <line num="211" count="0" type="stmt"/>
        <line num="213" count="0" type="stmt"/>
        <line num="231" count="65" type="stmt"/>
        <line num="233" count="65" type="stmt"/>
        <line num="239" count="65" type="stmt"/>
        <line num="241" count="65" type="stmt"/>
        <line num="290" count="2" type="stmt"/>
        <line num="300" count="2" type="stmt"/>
      </file>
    </package>
    <package name="pages.SchoolAdmin">
      <metrics statements="80" coveredstatements="75" conditionals="60" coveredconditionals="51" methods="25" coveredmethods="21"/>
      <file name="NeedsRegistry.jsx" path="C:\Users\tharu\Documents\GitHub\LearnBridge\apps\web\src\pages\SchoolAdmin\NeedsRegistry.jsx">
        <metrics statements="80" coveredstatements="75" conditionals="60" coveredconditionals="51" methods="25" coveredmethods="21"/>
        <line num="11" count="1" type="stmt"/>
        <line num="17" count="1" type="stmt"/>
        <line num="26" count="67" type="stmt"/>
        <line num="27" count="67" type="stmt"/>
        <line num="28" count="67" type="stmt"/>
        <line num="29" count="67" type="stmt"/>
        <line num="30" count="67" type="stmt"/>
        <line num="31" count="67" type="stmt"/>
        <line num="32" count="67" type="stmt"/>
        <line num="33" count="67" type="stmt"/>
        <line num="35" count="67" type="stmt"/>
        <line num="36" count="19" type="stmt"/>
        <line num="39" count="67" type="stmt"/>
        <line num="40" count="22" type="stmt"/>
        <line num="41" count="22" type="stmt"/>
        <line num="42" count="22" type="stmt"/>
        <line num="43" count="20" type="stmt"/>
        <line num="45" count="1" type="stmt"/>
        <line num="47" count="21" type="stmt"/>
        <line num="51" count="67" type="stmt"/>
        <line num="52" count="6" type="stmt"/>
        <line num="53" count="6" type="stmt"/>
        <line num="54" count="6" type="stmt"/>
        <line num="57" count="67" type="stmt"/>
        <line num="58" count="2" type="stmt"/>
        <line num="65" count="2" type="stmt"/>
        <line num="66" count="2" type="stmt"/>
        <line num="69" count="67" type="stmt"/>
        <line num="70" count="5" type="cond" truecount="4" falsecount="0"/>
        <line num="71" count="1" type="stmt"/>
        <line num="72" count="1" type="stmt"/>
        <line num="74" count="4" type="cond" truecount="2" falsecount="0"/>
        <line num="75" count="1" type="stmt"/>
        <line num="76" count="1" type="stmt"/>
        <line num="78" count="3" type="cond" truecount="4" falsecount="0"/>
        <line num="79" count="1" type="stmt"/>
        <line num="80" count="1" type="stmt"/>
        <line num="82" count="2" type="stmt"/>
        <line num="83" count="2" type="stmt"/>
        <line num="84" count="2" type="cond" truecount="2" falsecount="0"/>
        <line num="85" count="1" type="stmt"/>
        <line num="92" count="1" type="stmt"/>
        <line num="94" count="1" type="stmt"/>
        <line num="95" count="1" type="stmt"/>
        <line num="97" count="2" type="stmt"/>
        <line num="98" count="2" type="stmt"/>
        <line num="100" count="0" type="cond" truecount="0" falsecount="2"/>
        <line num="102" count="2" type="stmt"/>
        <line num="107" count="67" type="stmt"/>
        <line num="108" count="4" type="stmt"/>
        <line num="111" count="67" type="stmt"/>
        <line num="112" count="2" type="stmt"/>
        <line num="113" count="2" type="stmt"/>
        <line num="114" count="2" type="stmt"/>
        <line num="115" count="2" type="stmt"/>
        <line num="116" count="1" type="stmt"/>
        <line num="117" count="1" type="stmt"/>
        <line num="119" count="1" type="cond" truecount="1" falsecount="1"/>
        <line num="121" count="2" type="stmt"/>
        <line num="125" count="67" type="stmt"/>
        <line num="126" count="92" type="stmt"/>
        <line num="127" count="92" type="stmt"/>
        <line num="128" count="92" type="stmt"/>
        <line num="130" count="67" type="cond" truecount="2" falsecount="0"/>
        <line num="131" count="19" type="stmt"/>
        <line num="138" count="48" type="stmt"/>
        <line num="188" count="92" type="stmt"/>
        <line num="230" count="2" type="stmt"/>
        <line num="236" count="4" type="stmt"/>
        <line num="257" count="92" type="stmt"/>
        <line num="297" count="0" type="stmt"/>
        <line num="303" count="0" type="stmt"/>
        <line num="336" count="4" type="stmt"/>
        <line num="351" count="3" type="stmt"/>
        <line num="369" count="1" type="stmt"/>
        <line num="384" count="0" type="stmt"/>
        <line num="396" count="0" type="stmt"/>
        <line num="407" count="1" type="stmt"/>
        <line num="442" count="1" type="stmt"/>
        <line num="465" count="192" type="stmt"/>
      </file>
    </package>
    <package name="services">
      <metrics statements="30" coveredstatements="15" conditionals="1" coveredconditionals="0" methods="15" coveredmethods="0"/>
      <file name="donorServices.jsx" path="C:\Users\tharu\Documents\GitHub\LearnBridge\apps\web\src\services\donorServices.jsx">
        <metrics statements="30" coveredstatements="15" conditionals="1" coveredconditionals="0" methods="15" coveredmethods="0"/>
        <line num="5" count="2" type="cond" truecount="0" falsecount="1"/>
        <line num="6" count="0" type="stmt"/>
        <line num="8" count="2" type="stmt"/>
        <line num="9" count="0" type="stmt"/>
        <line num="11" count="2" type="stmt"/>
        <line num="12" count="0" type="stmt"/>
        <line num="14" count="2" type="stmt"/>
        <line num="15" count="0" type="stmt"/>
        <line num="17" count="2" type="stmt"/>
        <line num="18" count="0" type="stmt"/>
        <line num="20" count="2" type="stmt"/>
        <line num="21" count="0" type="stmt"/>
        <line num="23" count="2" type="stmt"/>
        <line num="24" count="0" type="stmt"/>
        <line num="26" count="2" type="stmt"/>
        <line num="27" count="0" type="stmt"/>
        <line num="29" count="2" type="stmt"/>
        <line num="30" count="0" type="stmt"/>
        <line num="32" count="2" type="stmt"/>
        <line num="33" count="0" type="stmt"/>
        <line num="35" count="2" type="stmt"/>
        <line num="36" count="0" type="stmt"/>
        <line num="38" count="2" type="stmt"/>
        <line num="39" count="0" type="stmt"/>
        <line num="41" count="2" type="stmt"/>
        <line num="42" count="0" type="stmt"/>
        <line num="44" count="2" type="stmt"/>
        <line num="45" count="0" type="stmt"/>
        <line num="47" count="2" type="stmt"/>
        <line num="48" count="0" type="stmt"/>
      </file>
    </package>
  </project>
</coverage>
