{"C:\\Users\\tharu\\Documents\\GitHub\\LearnBridge\\apps\\web\\src\\api\\Axios.jsx": {"path":"C:\\Users\\tharu\\Documents\\GitHub\\LearnBridge\\apps\\web\\src\\api\\Axios.jsx","statementMap":{"0":{"start":{"line":3,"column":22},"end":{"line":9,"column":1}},"1":{"start":{"line":4,"column":4},"end":{"line":8,"column":5}},"2":{"start":{"line":5,"column":8},"end":{"line":5,"column":67}},"3":{"start":{"line":7,"column":8},"end":{"line":7,"column":25}},"4":{"start":{"line":11,"column":17},"end":{"line":11,"column":94}},"5":{"start":{"line":13,"column":24},"end":{"line":13,"column":28}},"6":{"start":{"line":15,"column":30},"end":{"line":17,"column":1}},"7":{"start":{"line":16,"column":4},"end":{"line":16,"column":30}},"8":{"start":{"line":19,"column":12},"end":{"line":23,"column":2}},"9":{"start":{"line":25,"column":0},"end":{"line":33,"column":2}},"10":{"start":{"line":27,"column":8},"end":{"line":29,"column":9}},"11":{"start":{"line":28,"column":12},"end":{"line":28,"column":73}},"12":{"start":{"line":30,"column":8},"end":{"line":30,"column":22}},"13":{"start":{"line":32,"column":15},"end":{"line":32,"column":36}},"14":{"start":{"line":35,"column":0},"end":{"line":60,"column":2}},"15":{"start":{"line":36,"column":18},"end":{"line":36,"column":26}},"16":{"start":{"line":38,"column":32},"end":{"line":38,"column":44}},"17":{"start":{"line":40,"column":8},"end":{"line":42,"column":9}},"18":{"start":{"line":41,"column":12},"end":{"line":41,"column":41}},"19":{"start":{"line":44,"column":8},"end":{"line":57,"column":9}},"20":{"start":{"line":45,"column":12},"end":{"line":45,"column":42}},"21":{"start":{"line":46,"column":12},"end":{"line":56,"column":13}},"22":{"start":{"line":47,"column":33},"end":{"line":47,"column":64}},"23":{"start":{"line":48,"column":16},"end":{"line":48,"column":97}},"24":{"start":{"line":50,"column":16},"end":{"line":50,"column":49}},"25":{"start":{"line":51,"column":16},"end":{"line":51,"column":85}},"26":{"start":{"line":52,"column":16},"end":{"line":52,"column":44}},"27":{"start":{"line":54,"column":16},"end":{"line":54,"column":37}},"28":{"start":{"line":55,"column":16},"end":{"line":55,"column":52}},"29":{"start":{"line":58,"column":8},"end":{"line":58,"column":37}}},"fnMap":{"0":{"name":"(anonymous_0)","decl":{"start":{"line":3,"column":22},"end":{"line":3,"column":23}},"loc":{"start":{"line":3,"column":28},"end":{"line":9,"column":1}},"line":3},"1":{"name":"(anonymous_1)","decl":{"start":{"line":15,"column":30},"end":{"line":15,"column":31}},"loc":{"start":{"line":15,"column":41},"end":{"line":17,"column":1}},"line":15},"2":{"name":"(anonymous_2)","decl":{"start":{"line":26,"column":4},"end":{"line":26,"column":5}},"loc":{"start":{"line":26,"column":16},"end":{"line":31,"column":5}},"line":26},"3":{"name":"(anonymous_3)","decl":{"start":{"line":32,"column":4},"end":{"line":32,"column":5}},"loc":{"start":{"line":32,"column":15},"end":{"line":32,"column":36}},"line":32},"4":{"name":"(anonymous_4)","decl":{"start":{"line":36,"column":4},"end":{"line":36,"column":5}},"loc":{"start":{"line":36,"column":18},"end":{"line":36,"column":26}},"line":36},"5":{"name":"(anonymous_5)","decl":{"start":{"line":37,"column":4},"end":{"line":37,"column":5}},"loc":{"start":{"line":37,"column":21},"end":{"line":59,"column":5}},"line":37}},"branchMap":{"0":{"loc":{"start":{"line":11,"column":17},"end":{"line":11,"column":94}},"type":"binary-expr","locations":[{"start":{"line":11,"column":17},"end":{"line":11,"column":32}},{"start":{"line":11,"column":36},"end":{"line":11,"column":60}},{"start":{"line":11,"column":64},"end":{"line":11,"column":94}}],"line":11},"1":{"loc":{"start":{"line":27,"column":8},"end":{"line":29,"column":9}},"type":"if","locations":[{"start":{"line":27,"column":8},"end":{"line":29,"column":9}},{"start":{},"end":{}}],"line":27},"2":{"loc":{"start":{"line":40,"column":8},"end":{"line":42,"column":9}},"type":"if","locations":[{"start":{"line":40,"column":8},"end":{"line":42,"column":9}},{"start":{},"end":{}}],"line":40},"3":{"loc":{"start":{"line":40,"column":12},"end":{"line":40,"column":91}},"type":"binary-expr","locations":[{"start":{"line":40,"column":12},"end":{"line":40,"column":42}},{"start":{"line":40,"column":46},"end":{"line":40,"column":91}}],"line":40},"4":{"loc":{"start":{"line":44,"column":8},"end":{"line":57,"column":9}},"type":"if","locations":[{"start":{"line":44,"column":8},"end":{"line":57,"column":9}},{"start":{},"end":{}}],"line":44},"5":{"loc":{"start":{"line":44,"column":12},"end":{"line":44,"column":69}},"type":"binary-expr","locations":[{"start":{"line":44,"column":12},"end":{"line":44,"column":42}},{"start":{"line":44,"column":46},"end":{"line":44,"column":69}}],"line":44}},"s":{"0":2,"1":2,"2":2,"3":2,"4":2,"5":2,"6":2,"7":0,"8":2,"9":2,"10":0,"11":0,"12":0,"13":0,"14":2,"15":0,"16":0,"17":0,"18":0,"19":0,"20":0,"21":0,"22":0,"23":0,"24":0,"25":0,"26":0,"27":0,"28":0,"29":0},"f":{"0":2,"1":0,"2":0,"3":0,"4":0,"5":0},"b":{"0":[2,2,2],"1":[0,0],"2":[0,0],"3":[0,0],"4":[0,0],"5":[0,0]},"_coverageSchema":"1a1c01bbd47fc00a2c39e90264f33305004495a9","hash":"403fb17ec2dd6a44bf0cf7825eaaff02d3593fd6"}
,"C:\\Users\\tharu\\Documents\\GitHub\\LearnBridge\\apps\\web\\src\\pages\\Donor\\BrowseNeeds.jsx": {"path":"C:\\Users\\tharu\\Documents\\GitHub\\LearnBridge\\apps\\web\\src\\pages\\Donor\\BrowseNeeds.jsx","statementMap":{"0":{"start":{"line":6,"column":23},"end":{"line":6,"column":24}},"1":{"start":{"line":8,"column":21},"end":{"line":12,"column":1}},"2":{"start":{"line":15,"column":28},"end":{"line":15,"column":40}},"3":{"start":{"line":16,"column":34},"end":{"line":16,"column":46}},"4":{"start":{"line":17,"column":32},"end":{"line":17,"column":46}},"5":{"start":{"line":18,"column":34},"end":{"line":18,"column":48}},"6":{"start":{"line":19,"column":30},"end":{"line":19,"column":44}},"7":{"start":{"line":20,"column":40},"end":{"line":20,"column":51}},"8":{"start":{"line":22,"column":32},"end":{"line":26,"column":4}},"9":{"start":{"line":28,"column":2},"end":{"line":30,"column":9}},"10":{"start":{"line":29,"column":4},"end":{"line":29,"column":17}},"11":{"start":{"line":32,"column":21},"end":{"line":43,"column":3}},"12":{"start":{"line":33,"column":4},"end":{"line":42,"column":5}},"13":{"start":{"line":34,"column":6},"end":{"line":34,"column":23}},"14":{"start":{"line":35,"column":18},"end":{"line":35,"column":37}},"15":{"start":{"line":36,"column":6},"end":{"line":36,"column":25}},"16":{"start":{"line":37,"column":6},"end":{"line":37,"column":28}},"17":{"start":{"line":39,"column":6},"end":{"line":39,"column":43}},"18":{"start":{"line":41,"column":6},"end":{"line":41,"column":24}},"19":{"start":{"line":45,"column":2},"end":{"line":60,"column":23}},"20":{"start":{"line":46,"column":17},"end":{"line":46,"column":27}},"21":{"start":{"line":47,"column":4},"end":{"line":51,"column":5}},"22":{"start":{"line":48,"column":6},"end":{"line":50,"column":8}},"23":{"start":{"line":49,"column":8},"end":{"line":49,"column":71}},"24":{"start":{"line":52,"column":4},"end":{"line":54,"column":5}},"25":{"start":{"line":53,"column":6},"end":{"line":53,"column":67}},"26":{"start":{"line":53,"column":36},"end":{"line":53,"column":65}},"27":{"start":{"line":55,"column":4},"end":{"line":57,"column":5}},"28":{"start":{"line":56,"column":6},"end":{"line":56,"column":65}},"29":{"start":{"line":56,"column":36},"end":{"line":56,"column":63}},"30":{"start":{"line":58,"column":4},"end":{"line":58,"column":24}},"31":{"start":{"line":59,"column":4},"end":{"line":59,"column":22}},"32":{"start":{"line":63,"column":23},"end":{"line":74,"column":3}},"33":{"start":{"line":64,"column":4},"end":{"line":73,"column":5}},"34":{"start":{"line":65,"column":6},"end":{"line":65,"column":22}},"35":{"start":{"line":66,"column":6},"end":{"line":66,"column":31}},"36":{"start":{"line":67,"column":6},"end":{"line":67,"column":63}},"37":{"start":{"line":68,"column":6},"end":{"line":68,"column":19}},"38":{"start":{"line":70,"column":6},"end":{"line":70,"column":70}},"39":{"start":{"line":72,"column":6},"end":{"line":72,"column":24}},"40":{"start":{"line":77,"column":18},"end":{"line":120,"column":1}},"41":{"start":{"line":78,"column":2},"end":{"line":119,"column":3}},"42":{"start":{"line":79,"column":4},"end":{"line":79,"column":18}},"43":{"start":{"line":81,"column":4},"end":{"line":84,"column":5}},"44":{"start":{"line":82,"column":6},"end":{"line":82,"column":67}},"45":{"start":{"line":83,"column":6},"end":{"line":83,"column":13}},"46":{"start":{"line":86,"column":16},"end":{"line":86,"column":41}},"47":{"start":{"line":87,"column":24},"end":{"line":87,"column":32}},"48":{"start":{"line":90,"column":4},"end":{"line":103,"column":6}},"49":{"start":{"line":91,"column":6},"end":{"line":102,"column":7}},"50":{"start":{"line":92,"column":8},"end":{"line":92,"column":60}},"51":{"start":{"line":93,"column":8},"end":{"line":96,"column":11}},"52":{"start":{"line":97,"column":8},"end":{"line":97,"column":58}},"53":{"start":{"line":98,"column":8},"end":{"line":98,"column":21}},"54":{"start":{"line":100,"column":8},"end":{"line":100,"column":45}},"55":{"start":{"line":101,"column":8},"end":{"line":101,"column":61}},"56":{"start":{"line":105,"column":4},"end":{"line":108,"column":6}},"57":{"start":{"line":106,"column":6},"end":{"line":106,"column":40}},"58":{"start":{"line":107,"column":6},"end":{"line":107,"column":19}},"59":{"start":{"line":110,"column":4},"end":{"line":112,"column":6}},"60":{"start":{"line":111,"column":6},"end":{"line":111,"column":45}},"61":{"start":{"line":114,"column":4},"end":{"line":114,"column":45}},"62":{"start":{"line":116,"column":4},"end":{"line":116,"column":60}},"63":{"start":{"line":118,"column":4},"end":{"line":118,"column":20}},"64":{"start":{"line":121,"column":21},"end":{"line":121,"column":64}},"65":{"start":{"line":122,"column":20},"end":{"line":125,"column":3}},"66":{"start":{"line":127,"column":2},"end":{"line":133,"column":3}},"67":{"start":{"line":128,"column":4},"end":{"line":132,"column":6}},"68":{"start":{"line":135,"column":2},"end":{"line":226,"column":4}},"69":{"start":{"line":149,"column":27},"end":{"line":149,"column":77}},"70":{"start":{"line":155,"column":27},"end":{"line":155,"column":78}},"71":{"start":{"line":166,"column":27},"end":{"line":166,"column":77}},"72":{"start":{"line":176,"column":25},"end":{"line":176,"column":76}},"73":{"start":{"line":195,"column":12},"end":{"line":202,"column":14}},"74":{"start":{"line":210,"column":56},"end":{"line":210,"column":61}},"75":{"start":{"line":211,"column":12},"end":{"line":221,"column":21}},"76":{"start":{"line":213,"column":29},"end":{"line":213,"column":49}},"77":{"start":{"line":231,"column":99},"end":{"line":231,"column":103}},"78":{"start":{"line":233,"column":22},"end":{"line":237,"column":3}},"79":{"start":{"line":239,"column":17},"end":{"line":239,"column":34}},"80":{"start":{"line":241,"column":2},"end":{"line":318,"column":4}},"81":{"start":{"line":290,"column":27},"end":{"line":290,"column":40}},"82":{"start":{"line":300,"column":29},"end":{"line":300,"column":39}}},"fnMap":{"0":{"name":"BrowseNeeds","decl":{"start":{"line":14,"column":24},"end":{"line":14,"column":35}},"loc":{"start":{"line":14,"column":38},"end":{"line":227,"column":1}},"line":14},"1":{"name":"(anonymous_1)","decl":{"start":{"line":28,"column":12},"end":{"line":28,"column":13}},"loc":{"start":{"line":28,"column":18},"end":{"line":30,"column":3}},"line":28},"2":{"name":"(anonymous_2)","decl":{"start":{"line":32,"column":21},"end":{"line":32,"column":22}},"loc":{"start":{"line":32,"column":33},"end":{"line":43,"column":3}},"line":32},"3":{"name":"(anonymous_3)","decl":{"start":{"line":45,"column":12},"end":{"line":45,"column":13}},"loc":{"start":{"line":45,"column":18},"end":{"line":60,"column":3}},"line":45},"4":{"name":"(anonymous_4)","decl":{"start":{"line":48,"column":29},"end":{"line":48,"column":30}},"loc":{"start":{"line":49,"column":8},"end":{"line":49,"column":71}},"line":49},"5":{"name":"(anonymous_5)","decl":{"start":{"line":53,"column":29},"end":{"line":53,"column":30}},"loc":{"start":{"line":53,"column":36},"end":{"line":53,"column":65}},"line":53},"6":{"name":"(anonymous_6)","decl":{"start":{"line":56,"column":29},"end":{"line":56,"column":30}},"loc":{"start":{"line":56,"column":36},"end":{"line":56,"column":63}},"line":56},"7":{"name":"(anonymous_7)","decl":{"start":{"line":63,"column":23},"end":{"line":63,"column":24}},"loc":{"start":{"line":63,"column":37},"end":{"line":74,"column":3}},"line":63},"8":{"name":"(anonymous_8)","decl":{"start":{"line":77,"column":18},"end":{"line":77,"column":19}},"loc":{"start":{"line":77,"column":32},"end":{"line":120,"column":1}},"line":77},"9":{"name":"(anonymous_9)","decl":{"start":{"line":90,"column":33},"end":{"line":90,"column":34}},"loc":{"start":{"line":90,"column":58},"end":{"line":103,"column":5}},"line":90},"10":{"name":"(anonymous_10)","decl":{"start":{"line":105,"column":33},"end":{"line":105,"column":34}},"loc":{"start":{"line":105,"column":45},"end":{"line":108,"column":5}},"line":105},"11":{"name":"(anonymous_11)","decl":{"start":{"line":110,"column":29},"end":{"line":110,"column":30}},"loc":{"start":{"line":110,"column":46},"end":{"line":112,"column":5}},"line":110},"12":{"name":"(anonymous_12)","decl":{"start":{"line":149,"column":20},"end":{"line":149,"column":21}},"loc":{"start":{"line":149,"column":27},"end":{"line":149,"column":77}},"line":149},"13":{"name":"(anonymous_13)","decl":{"start":{"line":155,"column":20},"end":{"line":155,"column":21}},"loc":{"start":{"line":155,"column":27},"end":{"line":155,"column":78}},"line":155},"14":{"name":"(anonymous_14)","decl":{"start":{"line":166,"column":20},"end":{"line":166,"column":21}},"loc":{"start":{"line":166,"column":27},"end":{"line":166,"column":77}},"line":166},"15":{"name":"(anonymous_15)","decl":{"start":{"line":176,"column":19},"end":{"line":176,"column":20}},"loc":{"start":{"line":176,"column":25},"end":{"line":176,"column":76}},"line":176},"16":{"name":"(anonymous_16)","decl":{"start":{"line":194,"column":25},"end":{"line":194,"column":26}},"loc":{"start":{"line":195,"column":12},"end":{"line":202,"column":14}},"line":195},"17":{"name":"(anonymous_17)","decl":{"start":{"line":210,"column":46},"end":{"line":210,"column":47}},"loc":{"start":{"line":210,"column":56},"end":{"line":210,"column":61}},"line":210},"18":{"name":"(anonymous_18)","decl":{"start":{"line":210,"column":67},"end":{"line":210,"column":68}},"loc":{"start":{"line":211,"column":12},"end":{"line":221,"column":21}},"line":211},"19":{"name":"(anonymous_19)","decl":{"start":{"line":213,"column":23},"end":{"line":213,"column":24}},"loc":{"start":{"line":213,"column":29},"end":{"line":213,"column":49}},"line":213},"20":{"name":"NeedCard","decl":{"start":{"line":230,"column":9},"end":{"line":230,"column":17}},"loc":{"start":{"line":230,"column":63},"end":{"line":319,"column":1}},"line":230},"21":{"name":"(anonymous_21)","decl":{"start":{"line":290,"column":21},"end":{"line":290,"column":22}},"loc":{"start":{"line":290,"column":27},"end":{"line":290,"column":40}},"line":290},"22":{"name":"(anonymous_22)","decl":{"start":{"line":300,"column":23},"end":{"line":300,"column":24}},"loc":{"start":{"line":300,"column":29},"end":{"line":300,"column":39}},"line":300}},"branchMap":{"0":{"loc":{"start":{"line":47,"column":4},"end":{"line":51,"column":5}},"type":"if","locations":[{"start":{"line":47,"column":4},"end":{"line":51,"column":5}},{"start":{},"end":{}}],"line":47},"1":{"loc":{"start":{"line":52,"column":4},"end":{"line":54,"column":5}},"type":"if","locations":[{"start":{"line":52,"column":4},"end":{"line":54,"column":5}},{"start":{},"end":{}}],"line":52},"2":{"loc":{"start":{"line":55,"column":4},"end":{"line":57,"column":5}},"type":"if","locations":[{"start":{"line":55,"column":4},"end":{"line":57,"column":5}},{"start":{},"end":{}}],"line":55},"3":{"loc":{"start":{"line":70,"column":18},"end":{"line":70,"column":68}},"type":"binary-expr","locations":[{"start":{"line":70,"column":18},"end":{"line":70,"column":45}},{"start":{"line":70,"column":49},"end":{"line":70,"column":68}}],"line":70},"4":{"loc":{"start":{"line":81,"column":4},"end":{"line":84,"column":5}},"type":"if","locations":[{"start":{"line":81,"column":4},"end":{"line":84,"column":5}},{"start":{},"end":{}}],"line":81},"5":{"loc":{"start":{"line":116,"column":16},"end":{"line":116,"column":58}},"type":"binary-expr","locations":[{"start":{"line":116,"column":16},"end":{"line":116,"column":43}},{"start":{"line":116,"column":47},"end":{"line":116,"column":58}}],"line":116},"6":{"loc":{"start":{"line":127,"column":2},"end":{"line":133,"column":3}},"type":"if","locations":[{"start":{"line":127,"column":2},"end":{"line":133,"column":3}},{"start":{},"end":{}}],"line":127},"7":{"loc":{"start":{"line":188,"column":7},"end":{"line":205,"column":7}},"type":"cond-expr","locations":[{"start":{"line":189,"column":8},"end":{"line":191,"column":14}},{"start":{"line":193,"column":8},"end":{"line":204,"column":14}}],"line":188},"8":{"loc":{"start":{"line":208,"column":7},"end":{"line":224,"column":7}},"type":"binary-expr","locations":[{"start":{"line":208,"column":7},"end":{"line":208,"column":21}},{"start":{"line":209,"column":8},"end":{"line":223,"column":14}}],"line":208},"9":{"loc":{"start":{"line":215,"column":16},"end":{"line":217,"column":67}},"type":"cond-expr","locations":[{"start":{"line":216,"column":20},"end":{"line":216,"column":85}},{"start":{"line":217,"column":20},"end":{"line":217,"column":67}}],"line":215},"10":{"loc":{"start":{"line":249,"column":16},"end":{"line":249,"column":51}},"type":"binary-expr","locations":[{"start":{"line":249,"column":16},"end":{"line":249,"column":30}},{"start":{"line":249,"column":34},"end":{"line":249,"column":51}}],"line":249},"11":{"loc":{"start":{"line":259,"column":9},"end":{"line":259,"column":40}},"type":"binary-expr","locations":[{"start":{"line":259,"column":9},"end":{"line":259,"column":20}},{"start":{"line":259,"column":24},"end":{"line":259,"column":40}}],"line":259},"12":{"loc":{"start":{"line":267,"column":9},"end":{"line":271,"column":9}},"type":"binary-expr","locations":[{"start":{"line":267,"column":9},"end":{"line":267,"column":19}},{"start":{"line":268,"column":10},"end":{"line":270,"column":17}}],"line":267},"13":{"loc":{"start":{"line":272,"column":9},"end":{"line":274,"column":9}},"type":"binary-expr","locations":[{"start":{"line":272,"column":9},"end":{"line":272,"column":20}},{"start":{"line":273,"column":10},"end":{"line":273,"column":70}}],"line":272},"14":{"loc":{"start":{"line":285,"column":7},"end":{"line":315,"column":7}},"type":"cond-expr","locations":[{"start":{"line":286,"column":8},"end":{"line":308,"column":14}},{"start":{"line":310,"column":8},"end":{"line":314,"column":14}}],"line":285},"15":{"loc":{"start":{"line":291,"column":22},"end":{"line":291,"column":56}},"type":"binary-expr","locations":[{"start":{"line":291,"column":22},"end":{"line":291,"column":38}},{"start":{"line":291,"column":42},"end":{"line":291,"column":56}}],"line":291},"16":{"loc":{"start":{"line":294,"column":13},"end":{"line":294,"column":59}},"type":"cond-expr","locations":[{"start":{"line":294,"column":32},"end":{"line":294,"column":45}},{"start":{"line":294,"column":48},"end":{"line":294,"column":59}}],"line":294},"17":{"loc":{"start":{"line":298,"column":11},"end":{"line":306,"column":11}},"type":"binary-expr","locations":[{"start":{"line":298,"column":11},"end":{"line":298,"column":21}},{"start":{"line":299,"column":12},"end":{"line":305,"column":21}}],"line":298},"18":{"loc":{"start":{"line":301,"column":24},"end":{"line":301,"column":58}},"type":"binary-expr","locations":[{"start":{"line":301,"column":24},"end":{"line":301,"column":38}},{"start":{"line":301,"column":42},"end":{"line":301,"column":58}}],"line":301},"19":{"loc":{"start":{"line":304,"column":15},"end":{"line":304,"column":58}},"type":"cond-expr","locations":[{"start":{"line":304,"column":32},"end":{"line":304,"column":47}},{"start":{"line":304,"column":50},"end":{"line":304,"column":58}}],"line":304}},"s":{"0":1,"1":1,"2":75,"3":75,"4":75,"5":75,"6":75,"7":75,"8":75,"9":75,"10":19,"11":75,"12":20,"13":20,"14":20,"15":19,"16":19,"17":1,"18":20,"19":75,"20":42,"21":42,"22":2,"23":4,"24":42,"25":1,"26":2,"27":42,"28":1,"29":2,"30":42,"31":42,"32":75,"33":2,"34":2,"35":2,"36":1,"37":1,"38":1,"39":2,"40":75,"41":2,"42":2,"43":2,"44":0,"45":0,"46":2,"47":1,"48":1,"49":0,"50":0,"51":0,"52":0,"53":0,"54":0,"55":0,"56":1,"57":0,"58":0,"59":1,"60":0,"61":1,"62":1,"63":2,"64":75,"65":75,"66":75,"67":38,"68":37,"69":2,"70":1,"71":1,"72":1,"73":65,"74":0,"75":0,"76":0,"77":65,"78":65,"79":65,"80":65,"81":2,"82":2},"f":{"0":75,"1":19,"2":20,"3":42,"4":4,"5":2,"6":2,"7":2,"8":2,"9":0,"10":0,"11":0,"12":2,"13":1,"14":1,"15":1,"16":65,"17":0,"18":0,"19":0,"20":65,"21":2,"22":2},"b":{"0":[2,40],"1":[1,41],"2":[1,41],"3":[1,0],"4":[0,2],"5":[1,0],"6":[38,37],"7":[2,35],"8":[37,0],"9":[0,0],"10":[65,65],"11":[65,0],"12":[65,34],"13":[65,31],"14":[34,31],"15":[34,32],"16":[2,32],"17":[34,34],"18":[34,32],"19":[2,32]},"_coverageSchema":"1a1c01bbd47fc00a2c39e90264f33305004495a9","hash":"3fa624f28ef65b768a25545eb4f95ca4cdfb2d33"}
,"C:\\Users\\tharu\\Documents\\GitHub\\LearnBridge\\apps\\web\\src\\pages\\SchoolAdmin\\NeedsRegistry.jsx": {"path":"C:\\Users\\tharu\\Documents\\GitHub\\LearnBridge\\apps\\web\\src\\pages\\SchoolAdmin\\NeedsRegistry.jsx","statementMap":{"0":{"start":{"line":11,"column":21},"end":{"line":15,"column":1}},"1":{"start":{"line":17,"column":18},"end":{"line":23,"column":1}},"2":{"start":{"line":26,"column":28},"end":{"line":26,"column":40}},"3":{"start":{"line":27,"column":32},"end":{"line":27,"column":46}},"4":{"start":{"line":28,"column":30},"end":{"line":28,"column":45}},"5":{"start":{"line":29,"column":34},"end":{"line":29,"column":48}},"6":{"start":{"line":30,"column":36},"end":{"line":30,"column":51}},"7":{"start":{"line":31,"column":36},"end":{"line":31,"column":50}},"8":{"start":{"line":32,"column":26},"end":{"line":32,"column":45}},"9":{"start":{"line":33,"column":48},"end":{"line":33,"column":62}},"10":{"start":{"line":35,"column":2},"end":{"line":37,"column":9}},"11":{"start":{"line":36,"column":4},"end":{"line":36,"column":17}},"12":{"start":{"line":39,"column":21},"end":{"line":49,"column":3}},"13":{"start":{"line":40,"column":4},"end":{"line":48,"column":5}},"14":{"start":{"line":41,"column":6},"end":{"line":41,"column":23}},"15":{"start":{"line":42,"column":18},"end":{"line":42,"column":42}},"16":{"start":{"line":43,"column":6},"end":{"line":43,"column":25}},"17":{"start":{"line":45,"column":6},"end":{"line":45,"column":43}},"18":{"start":{"line":47,"column":6},"end":{"line":47,"column":24}},"19":{"start":{"line":51,"column":27},"end":{"line":55,"column":3}},"20":{"start":{"line":52,"column":4},"end":{"line":52,"column":23}},"21":{"start":{"line":53,"column":4},"end":{"line":53,"column":23}},"22":{"start":{"line":54,"column":4},"end":{"line":54,"column":23}},"23":{"start":{"line":57,"column":25},"end":{"line":67,"column":3}},"24":{"start":{"line":58,"column":4},"end":{"line":64,"column":7}},"25":{"start":{"line":65,"column":4},"end":{"line":65,"column":27}},"26":{"start":{"line":66,"column":4},"end":{"line":66,"column":23}},"27":{"start":{"line":69,"column":23},"end":{"line":104,"column":3}},"28":{"start":{"line":70,"column":4},"end":{"line":73,"column":5}},"29":{"start":{"line":71,"column":6},"end":{"line":71,"column":58}},"30":{"start":{"line":72,"column":6},"end":{"line":72,"column":13}},"31":{"start":{"line":74,"column":4},"end":{"line":77,"column":5}},"32":{"start":{"line":75,"column":6},"end":{"line":75,"column":54}},"33":{"start":{"line":76,"column":6},"end":{"line":76,"column":13}},"34":{"start":{"line":78,"column":4},"end":{"line":81,"column":5}},"35":{"start":{"line":79,"column":6},"end":{"line":79,"column":50}},"36":{"start":{"line":80,"column":6},"end":{"line":80,"column":13}},"37":{"start":{"line":82,"column":4},"end":{"line":103,"column":5}},"38":{"start":{"line":83,"column":6},"end":{"line":83,"column":22}},"39":{"start":{"line":84,"column":6},"end":{"line":96,"column":7}},"40":{"start":{"line":85,"column":8},"end":{"line":91,"column":11}},"41":{"start":{"line":92,"column":8},"end":{"line":92,"column":53}},"42":{"start":{"line":94,"column":8},"end":{"line":94,"column":31}},"43":{"start":{"line":95,"column":8},"end":{"line":95,"column":53}},"44":{"start":{"line":97,"column":6},"end":{"line":97,"column":26}},"45":{"start":{"line":98,"column":6},"end":{"line":98,"column":19}},"46":{"start":{"line":100,"column":6},"end":{"line":100,"column":74}},"47":{"start":{"line":102,"column":6},"end":{"line":102,"column":23}},"48":{"start":{"line":107,"column":28},"end":{"line":109,"column":3}},"49":{"start":{"line":108,"column":4},"end":{"line":108,"column":27}},"50":{"start":{"line":111,"column":30},"end":{"line":123,"column":3}},"51":{"start":{"line":112,"column":4},"end":{"line":122,"column":5}},"52":{"start":{"line":113,"column":6},"end":{"line":113,"column":35}},"53":{"start":{"line":114,"column":6},"end":{"line":114,"column":31}},"54":{"start":{"line":115,"column":6},"end":{"line":115,"column":40}},"55":{"start":{"line":116,"column":6},"end":{"line":116,"column":40}},"56":{"start":{"line":117,"column":6},"end":{"line":117,"column":19}},"57":{"start":{"line":119,"column":6},"end":{"line":119,"column":70}},"58":{"start":{"line":121,"column":6},"end":{"line":121,"column":24}},"59":{"start":{"line":125,"column":16},"end":{"line":125,"column":28}},"60":{"start":{"line":126,"column":15},"end":{"line":126,"column":62}},"61":{"start":{"line":126,"column":35},"end":{"line":126,"column":54}},"62":{"start":{"line":127,"column":18},"end":{"line":127,"column":68}},"63":{"start":{"line":127,"column":38},"end":{"line":127,"column":60}},"64":{"start":{"line":128,"column":20},"end":{"line":128,"column":72}},"65":{"start":{"line":128,"column":40},"end":{"line":128,"column":64}},"66":{"start":{"line":130,"column":2},"end":{"line":136,"column":3}},"67":{"start":{"line":131,"column":4},"end":{"line":135,"column":6}},"68":{"start":{"line":138,"column":2},"end":{"line":460,"column":4}},"69":{"start":{"line":188,"column":18},"end":{"line":248,"column":23}},"70":{"start":{"line":230,"column":45},"end":{"line":230,"column":65}},"71":{"start":{"line":236,"column":45},"end":{"line":236,"column":72}},"72":{"start":{"line":257,"column":14},"end":{"line":314,"column":20}},"73":{"start":{"line":297,"column":39},"end":{"line":297,"column":59}},"74":{"start":{"line":303,"column":39},"end":{"line":303,"column":66}},"75":{"start":{"line":336,"column":33},"end":{"line":336,"column":79}},"76":{"start":{"line":351,"column":35},"end":{"line":351,"column":81}},"77":{"start":{"line":369,"column":37},"end":{"line":369,"column":81}},"78":{"start":{"line":384,"column":33},"end":{"line":384,"column":82}},"79":{"start":{"line":396,"column":33},"end":{"line":396,"column":78}},"80":{"start":{"line":407,"column":31},"end":{"line":407,"column":50}},"81":{"start":{"line":442,"column":31},"end":{"line":442,"column":55}},"82":{"start":{"line":465,"column":2},"end":{"line":475,"column":4}}},"fnMap":{"0":{"name":"NeedsRegistry","decl":{"start":{"line":25,"column":24},"end":{"line":25,"column":37}},"loc":{"start":{"line":25,"column":40},"end":{"line":461,"column":1}},"line":25},"1":{"name":"(anonymous_1)","decl":{"start":{"line":35,"column":12},"end":{"line":35,"column":13}},"loc":{"start":{"line":35,"column":18},"end":{"line":37,"column":3}},"line":35},"2":{"name":"(anonymous_2)","decl":{"start":{"line":39,"column":21},"end":{"line":39,"column":22}},"loc":{"start":{"line":39,"column":33},"end":{"line":49,"column":3}},"line":39},"3":{"name":"(anonymous_3)","decl":{"start":{"line":51,"column":27},"end":{"line":51,"column":28}},"loc":{"start":{"line":51,"column":33},"end":{"line":55,"column":3}},"line":51},"4":{"name":"(anonymous_4)","decl":{"start":{"line":57,"column":25},"end":{"line":57,"column":26}},"loc":{"start":{"line":57,"column":35},"end":{"line":67,"column":3}},"line":57},"5":{"name":"(anonymous_5)","decl":{"start":{"line":69,"column":23},"end":{"line":69,"column":24}},"loc":{"start":{"line":69,"column":35},"end":{"line":104,"column":3}},"line":69},"6":{"name":"(anonymous_6)","decl":{"start":{"line":107,"column":28},"end":{"line":107,"column":29}},"loc":{"start":{"line":107,"column":36},"end":{"line":109,"column":3}},"line":107},"7":{"name":"(anonymous_7)","decl":{"start":{"line":111,"column":30},"end":{"line":111,"column":31}},"loc":{"start":{"line":111,"column":42},"end":{"line":123,"column":3}},"line":111},"8":{"name":"(anonymous_8)","decl":{"start":{"line":126,"column":28},"end":{"line":126,"column":29}},"loc":{"start":{"line":126,"column":35},"end":{"line":126,"column":54}},"line":126},"9":{"name":"(anonymous_9)","decl":{"start":{"line":127,"column":31},"end":{"line":127,"column":32}},"loc":{"start":{"line":127,"column":38},"end":{"line":127,"column":60}},"line":127},"10":{"name":"(anonymous_10)","decl":{"start":{"line":128,"column":33},"end":{"line":128,"column":34}},"loc":{"start":{"line":128,"column":40},"end":{"line":128,"column":64}},"line":128},"11":{"name":"(anonymous_11)","decl":{"start":{"line":187,"column":27},"end":{"line":187,"column":28}},"loc":{"start":{"line":188,"column":18},"end":{"line":248,"column":23}},"line":188},"12":{"name":"(anonymous_12)","decl":{"start":{"line":230,"column":39},"end":{"line":230,"column":40}},"loc":{"start":{"line":230,"column":45},"end":{"line":230,"column":65}},"line":230},"13":{"name":"(anonymous_13)","decl":{"start":{"line":236,"column":39},"end":{"line":236,"column":40}},"loc":{"start":{"line":236,"column":45},"end":{"line":236,"column":72}},"line":236},"14":{"name":"(anonymous_14)","decl":{"start":{"line":256,"column":23},"end":{"line":256,"column":24}},"loc":{"start":{"line":257,"column":14},"end":{"line":314,"column":20}},"line":257},"15":{"name":"(anonymous_15)","decl":{"start":{"line":297,"column":33},"end":{"line":297,"column":34}},"loc":{"start":{"line":297,"column":39},"end":{"line":297,"column":59}},"line":297},"16":{"name":"(anonymous_16)","decl":{"start":{"line":303,"column":33},"end":{"line":303,"column":34}},"loc":{"start":{"line":303,"column":39},"end":{"line":303,"column":66}},"line":303},"17":{"name":"(anonymous_17)","decl":{"start":{"line":336,"column":26},"end":{"line":336,"column":27}},"loc":{"start":{"line":336,"column":33},"end":{"line":336,"column":79}},"line":336},"18":{"name":"(anonymous_18)","decl":{"start":{"line":351,"column":28},"end":{"line":351,"column":29}},"loc":{"start":{"line":351,"column":35},"end":{"line":351,"column":81}},"line":351},"19":{"name":"(anonymous_19)","decl":{"start":{"line":369,"column":30},"end":{"line":369,"column":31}},"loc":{"start":{"line":369,"column":37},"end":{"line":369,"column":81}},"line":369},"20":{"name":"(anonymous_20)","decl":{"start":{"line":384,"column":26},"end":{"line":384,"column":27}},"loc":{"start":{"line":384,"column":33},"end":{"line":384,"column":82}},"line":384},"21":{"name":"(anonymous_21)","decl":{"start":{"line":396,"column":26},"end":{"line":396,"column":27}},"loc":{"start":{"line":396,"column":33},"end":{"line":396,"column":78}},"line":396},"22":{"name":"(anonymous_22)","decl":{"start":{"line":407,"column":25},"end":{"line":407,"column":26}},"loc":{"start":{"line":407,"column":31},"end":{"line":407,"column":50}},"line":407},"23":{"name":"(anonymous_23)","decl":{"start":{"line":442,"column":25},"end":{"line":442,"column":26}},"loc":{"start":{"line":442,"column":31},"end":{"line":442,"column":55}},"line":442},"24":{"name":"StatCard","decl":{"start":{"line":464,"column":9},"end":{"line":464,"column":17}},"loc":{"start":{"line":464,"column":52},"end":{"line":476,"column":1}},"line":464}},"branchMap":{"0":{"loc":{"start":{"line":61,"column":14},"end":{"line":61,"column":31}},"type":"binary-expr","locations":[{"start":{"line":61,"column":14},"end":{"line":61,"column":25}},{"start":{"line":61,"column":29},"end":{"line":61,"column":31}}],"line":61},"1":{"loc":{"start":{"line":62,"column":19},"end":{"line":62,"column":41}},"type":"binary-expr","locations":[{"start":{"line":62,"column":19},"end":{"line":62,"column":35}},{"start":{"line":62,"column":39},"end":{"line":62,"column":41}}],"line":62},"2":{"loc":{"start":{"line":70,"column":4},"end":{"line":73,"column":5}},"type":"if","locations":[{"start":{"line":70,"column":4},"end":{"line":73,"column":5}},{"start":{},"end":{}}],"line":70},"3":{"loc":{"start":{"line":70,"column":8},"end":{"line":70,"column":47}},"type":"binary-expr","locations":[{"start":{"line":70,"column":8},"end":{"line":70,"column":29}},{"start":{"line":70,"column":33},"end":{"line":70,"column":47}}],"line":70},"4":{"loc":{"start":{"line":74,"column":4},"end":{"line":77,"column":5}},"type":"if","locations":[{"start":{"line":74,"column":4},"end":{"line":77,"column":5}},{"start":{},"end":{}}],"line":74},"5":{"loc":{"start":{"line":78,"column":4},"end":{"line":81,"column":5}},"type":"if","locations":[{"start":{"line":78,"column":4},"end":{"line":81,"column":5}},{"start":{},"end":{}}],"line":78},"6":{"loc":{"start":{"line":78,"column":8},"end":{"line":78,"column":48}},"type":"binary-expr","locations":[{"start":{"line":78,"column":8},"end":{"line":78,"column":20}},{"start":{"line":78,"column":24},"end":{"line":78,"column":48}}],"line":78},"7":{"loc":{"start":{"line":84,"column":6},"end":{"line":96,"column":7}},"type":"if","locations":[{"start":{"line":84,"column":6},"end":{"line":96,"column":7}},{"start":{"line":93,"column":13},"end":{"line":96,"column":7}}],"line":84},"8":{"loc":{"start":{"line":100,"column":18},"end":{"line":100,"column":72}},"type":"binary-expr","locations":[{"start":{"line":100,"column":18},"end":{"line":100,"column":45}},{"start":{"line":100,"column":49},"end":{"line":100,"column":72}}],"line":100},"9":{"loc":{"start":{"line":119,"column":18},"end":{"line":119,"column":68}},"type":"binary-expr","locations":[{"start":{"line":119,"column":18},"end":{"line":119,"column":45}},{"start":{"line":119,"column":49},"end":{"line":119,"column":68}}],"line":119},"10":{"loc":{"start":{"line":130,"column":2},"end":{"line":136,"column":3}},"type":"if","locations":[{"start":{"line":130,"column":2},"end":{"line":136,"column":3}},{"start":{},"end":{}}],"line":130},"11":{"loc":{"start":{"line":166,"column":7},"end":{"line":318,"column":7}},"type":"cond-expr","locations":[{"start":{"line":167,"column":8},"end":{"line":169,"column":14}},{"start":{"line":171,"column":8},"end":{"line":317,"column":11}}],"line":166},"12":{"loc":{"start":{"line":191,"column":22},"end":{"line":191,"column":69}},"type":"cond-expr","locations":[{"start":{"line":191,"column":40},"end":{"line":191,"column":50}},{"start":{"line":191,"column":53},"end":{"line":191,"column":69}}],"line":191},"13":{"loc":{"start":{"line":196,"column":23},"end":{"line":200,"column":23}},"type":"binary-expr","locations":[{"start":{"line":196,"column":23},"end":{"line":196,"column":39}},{"start":{"line":197,"column":24},"end":{"line":199,"column":28}}],"line":196},"14":{"loc":{"start":{"line":204,"column":23},"end":{"line":204,"column":84}},"type":"cond-expr","locations":[{"start":{"line":204,"column":41},"end":{"line":204,"column":78}},{"start":{"line":204,"column":81},"end":{"line":204,"column":84}}],"line":204},"15":{"loc":{"start":{"line":213,"column":24},"end":{"line":217,"column":60}},"type":"cond-expr","locations":[{"start":{"line":214,"column":28},"end":{"line":214,"column":60}},{"start":{"line":215,"column":28},"end":{"line":217,"column":60}}],"line":213},"16":{"loc":{"start":{"line":215,"column":28},"end":{"line":217,"column":60}},"type":"cond-expr","locations":[{"start":{"line":216,"column":28},"end":{"line":216,"column":62}},{"start":{"line":217,"column":28},"end":{"line":217,"column":60}}],"line":215},"17":{"loc":{"start":{"line":227,"column":25},"end":{"line":245,"column":25}},"type":"cond-expr","locations":[{"start":{"line":228,"column":26},"end":{"line":242,"column":29}},{"start":{"line":244,"column":26},"end":{"line":244,"column":87}}],"line":227},"18":{"loc":{"start":{"line":240,"column":31},"end":{"line":240,"column":71}},"type":"cond-expr","locations":[{"start":{"line":240,"column":55},"end":{"line":240,"column":60}},{"start":{"line":240,"column":63},"end":{"line":240,"column":71}}],"line":240},"19":{"loc":{"start":{"line":264,"column":21},"end":{"line":268,"column":21}},"type":"binary-expr","locations":[{"start":{"line":264,"column":21},"end":{"line":264,"column":37}},{"start":{"line":265,"column":22},"end":{"line":267,"column":26}}],"line":264},"20":{"loc":{"start":{"line":278,"column":21},"end":{"line":278,"column":82}},"type":"cond-expr","locations":[{"start":{"line":278,"column":39},"end":{"line":278,"column":76}},{"start":{"line":278,"column":79},"end":{"line":278,"column":82}}],"line":278},"21":{"loc":{"start":{"line":285,"column":20},"end":{"line":289,"column":56}},"type":"cond-expr","locations":[{"start":{"line":286,"column":24},"end":{"line":286,"column":56}},{"start":{"line":287,"column":24},"end":{"line":289,"column":56}}],"line":285},"22":{"loc":{"start":{"line":287,"column":24},"end":{"line":289,"column":56}},"type":"cond-expr","locations":[{"start":{"line":288,"column":24},"end":{"line":288,"column":58}},{"start":{"line":289,"column":24},"end":{"line":289,"column":56}}],"line":287},"23":{"loc":{"start":{"line":294,"column":19},"end":{"line":312,"column":19}},"type":"cond-expr","locations":[{"start":{"line":295,"column":20},"end":{"line":309,"column":26}},{"start":{"line":311,"column":20},"end":{"line":311,"column":81}}],"line":294},"24":{"loc":{"start":{"line":307,"column":25},"end":{"line":307,"column":65}},"type":"cond-expr","locations":[{"start":{"line":307,"column":49},"end":{"line":307,"column":54}},{"start":{"line":307,"column":57},"end":{"line":307,"column":65}}],"line":307},"25":{"loc":{"start":{"line":321,"column":7},"end":{"line":423,"column":7}},"type":"binary-expr","locations":[{"start":{"line":321,"column":7},"end":{"line":321,"column":16}},{"start":{"line":322,"column":8},"end":{"line":422,"column":14}}],"line":321},"26":{"loc":{"start":{"line":326,"column":15},"end":{"line":326,"column":56}},"type":"cond-expr","locations":[{"start":{"line":326,"column":27},"end":{"line":326,"column":38}},{"start":{"line":326,"column":41},"end":{"line":326,"column":56}}],"line":326},"27":{"loc":{"start":{"line":417,"column":17},"end":{"line":417,"column":82}},"type":"cond-expr","locations":[{"start":{"line":417,"column":26},"end":{"line":417,"column":37}},{"start":{"line":417,"column":40},"end":{"line":417,"column":82}}],"line":417},"28":{"loc":{"start":{"line":417,"column":40},"end":{"line":417,"column":82}},"type":"cond-expr","locations":[{"start":{"line":417,"column":52},"end":{"line":417,"column":65}},{"start":{"line":417,"column":68},"end":{"line":417,"column":82}}],"line":417},"29":{"loc":{"start":{"line":426,"column":7},"end":{"line":457,"column":7}},"type":"binary-expr","locations":[{"start":{"line":426,"column":7},"end":{"line":426,"column":22}},{"start":{"line":427,"column":8},"end":{"line":456,"column":14}}],"line":426}},"s":{"0":1,"1":1,"2":67,"3":67,"4":67,"5":67,"6":67,"7":67,"8":67,"9":67,"10":67,"11":19,"12":67,"13":22,"14":22,"15":22,"16":20,"17":1,"18":21,"19":67,"20":6,"21":6,"22":6,"23":67,"24":2,"25":2,"26":2,"27":67,"28":5,"29":1,"30":1,"31":4,"32":1,"33":1,"34":3,"35":1,"36":1,"37":2,"38":2,"39":2,"40":1,"41":1,"42":1,"43":1,"44":2,"45":2,"46":0,"47":2,"48":67,"49":4,"50":67,"51":2,"52":2,"53":2,"54":2,"55":1,"56":1,"57":1,"58":2,"59":67,"60":67,"61":92,"62":67,"63":92,"64":67,"65":92,"66":67,"67":19,"68":48,"69":92,"70":2,"71":4,"72":92,"73":0,"74":0,"75":4,"76":3,"77":1,"78":0,"79":0,"80":1,"81":1,"82":192},"f":{"0":67,"1":19,"2":22,"3":6,"4":2,"5":5,"6":4,"7":2,"8":92,"9":92,"10":92,"11":92,"12":2,"13":4,"14":92,"15":0,"16":0,"17":4,"18":3,"19":1,"20":0,"21":0,"22":1,"23":1,"24":192},"b":{"0":[2,0],"1":[2,0],"2":[1,4],"3":[5,4],"4":[1,3],"5":[1,2],"6":[3,2],"7":[1,1],"8":[0,0],"9":[1,0],"10":[19,48],"11":[2,46],"12":[46,46],"13":[92,92],"14":[92,0],"15":[46,46],"16":[0,46],"17":[46,46],"18":[2,44],"19":[92,92],"20":[92,0],"21":[46,46],"22":[0,46],"23":[46,46],"24":[2,44],"25":[48,18],"26":[4,14],"27":[2,16],"28":[3,13],"29":[48,4]},"_coverageSchema":"1a1c01bbd47fc00a2c39e90264f33305004495a9","hash":"058b470c1c4c5ace063ed8f94544366a3eb8a44b"}
,"C:\\Users\\tharu\\Documents\\GitHub\\LearnBridge\\apps\\web\\src\\services\\donorServices.jsx": {"path":"C:\\Users\\tharu\\Documents\\GitHub\\LearnBridge\\apps\\web\\src\\services\\donorServices.jsx","statementMap":{"0":{"start":{"line":5,"column":27},"end":{"line":6,"column":40}},"1":{"start":{"line":6,"column":2},"end":{"line":6,"column":40}},"2":{"start":{"line":8,"column":30},"end":{"line":9,"column":32}},"3":{"start":{"line":9,"column":2},"end":{"line":9,"column":32}},"4":{"start":{"line":11,"column":30},"end":{"line":12,"column":22}},"5":{"start":{"line":12,"column":2},"end":{"line":12,"column":22}},"6":{"start":{"line":14,"column":29},"end":{"line":15,"column":34}},"7":{"start":{"line":15,"column":2},"end":{"line":15,"column":34}},"8":{"start":{"line":17,"column":31},"end":{"line":18,"column":26}},"9":{"start":{"line":18,"column":2},"end":{"line":18,"column":26}},"10":{"start":{"line":20,"column":31},"end":{"line":21,"column":27}},"11":{"start":{"line":21,"column":2},"end":{"line":21,"column":27}},"12":{"start":{"line":23,"column":34},"end":{"line":24,"column":33}},"13":{"start":{"line":24,"column":2},"end":{"line":24,"column":33}},"14":{"start":{"line":26,"column":30},"end":{"line":27,"column":49}},"15":{"start":{"line":27,"column":2},"end":{"line":27,"column":49}},"16":{"start":{"line":29,"column":26},"end":{"line":30,"column":39}},"17":{"start":{"line":30,"column":2},"end":{"line":30,"column":39}},"18":{"start":{"line":32,"column":32},"end":{"line":33,"column":42}},"19":{"start":{"line":33,"column":2},"end":{"line":33,"column":42}},"20":{"start":{"line":35,"column":26},"end":{"line":36,"column":45}},"21":{"start":{"line":36,"column":2},"end":{"line":36,"column":45}},"22":{"start":{"line":38,"column":26},"end":{"line":39,"column":42}},"23":{"start":{"line":39,"column":2},"end":{"line":39,"column":42}},"24":{"start":{"line":41,"column":31},"end":{"line":42,"column":42}},"25":{"start":{"line":42,"column":2},"end":{"line":42,"column":42}},"26":{"start":{"line":44,"column":30},"end":{"line":45,"column":37}},"27":{"start":{"line":45,"column":2},"end":{"line":45,"column":37}},"28":{"start":{"line":47,"column":35},"end":{"line":48,"column":33}},"29":{"start":{"line":48,"column":2},"end":{"line":48,"column":33}}},"fnMap":{"0":{"name":"(anonymous_0)","decl":{"start":{"line":5,"column":27},"end":{"line":5,"column":28}},"loc":{"start":{"line":6,"column":2},"end":{"line":6,"column":40}},"line":6},"1":{"name":"(anonymous_1)","decl":{"start":{"line":8,"column":30},"end":{"line":8,"column":31}},"loc":{"start":{"line":9,"column":2},"end":{"line":9,"column":32}},"line":9},"2":{"name":"(anonymous_2)","decl":{"start":{"line":11,"column":30},"end":{"line":11,"column":31}},"loc":{"start":{"line":12,"column":2},"end":{"line":12,"column":22}},"line":12},"3":{"name":"(anonymous_3)","decl":{"start":{"line":14,"column":29},"end":{"line":14,"column":30}},"loc":{"start":{"line":15,"column":2},"end":{"line":15,"column":34}},"line":15},"4":{"name":"(anonymous_4)","decl":{"start":{"line":17,"column":31},"end":{"line":17,"column":32}},"loc":{"start":{"line":18,"column":2},"end":{"line":18,"column":26}},"line":18},"5":{"name":"(anonymous_5)","decl":{"start":{"line":20,"column":31},"end":{"line":20,"column":32}},"loc":{"start":{"line":21,"column":2},"end":{"line":21,"column":27}},"line":21},"6":{"name":"(anonymous_6)","decl":{"start":{"line":23,"column":34},"end":{"line":23,"column":35}},"loc":{"start":{"line":24,"column":2},"end":{"line":24,"column":33}},"line":24},"7":{"name":"(anonymous_7)","decl":{"start":{"line":26,"column":30},"end":{"line":26,"column":31}},"loc":{"start":{"line":27,"column":2},"end":{"line":27,"column":49}},"line":27},"8":{"name":"(anonymous_8)","decl":{"start":{"line":29,"column":26},"end":{"line":29,"column":27}},"loc":{"start":{"line":30,"column":2},"end":{"line":30,"column":39}},"line":30},"9":{"name":"(anonymous_9)","decl":{"start":{"line":32,"column":32},"end":{"line":32,"column":33}},"loc":{"start":{"line":33,"column":2},"end":{"line":33,"column":42}},"line":33},"10":{"name":"(anonymous_10)","decl":{"start":{"line":35,"column":26},"end":{"line":35,"column":27}},"loc":{"start":{"line":36,"column":2},"end":{"line":36,"column":45}},"line":36},"11":{"name":"(anonymous_11)","decl":{"start":{"line":38,"column":26},"end":{"line":38,"column":27}},"loc":{"start":{"line":39,"column":2},"end":{"line":39,"column":42}},"line":39},"12":{"name":"(anonymous_12)","decl":{"start":{"line":41,"column":31},"end":{"line":41,"column":32}},"loc":{"start":{"line":42,"column":2},"end":{"line":42,"column":42}},"line":42},"13":{"name":"(anonymous_13)","decl":{"start":{"line":44,"column":30},"end":{"line":44,"column":31}},"loc":{"start":{"line":45,"column":2},"end":{"line":45,"column":37}},"line":45},"14":{"name":"(anonymous_14)","decl":{"start":{"line":47,"column":35},"end":{"line":47,"column":36}},"loc":{"start":{"line":48,"column":2},"end":{"line":48,"column":33}},"line":48}},"branchMap":{"0":{"loc":{"start":{"line":5,"column":28},"end":{"line":5,"column":40}},"type":"default-arg","locations":[{"start":{"line":5,"column":38},"end":{"line":5,"column":40}}],"line":5}},"s":{"0":2,"1":0,"2":2,"3":0,"4":2,"5":0,"6":2,"7":0,"8":2,"9":0,"10":2,"11":0,"12":2,"13":0,"14":2,"15":0,"16":2,"17":0,"18":2,"19":0,"20":2,"21":0,"22":2,"23":0,"24":2,"25":0,"26":2,"27":0,"28":2,"29":0},"f":{"0":0,"1":0,"2":0,"3":0,"4":0,"5":0,"6":0,"7":0,"8":0,"9":0,"10":0,"11":0,"12":0,"13":0,"14":0},"b":{"0":[0]},"_coverageSchema":"1a1c01bbd47fc00a2c39e90264f33305004495a9","hash":"9aec76d8795d2cbba0d0b704fa95cdae2f1fc08d"}
}
