{"C:\\Users\\tharu\\Documents\\GitHub\\LearnBridge\\apps\\web\\src\\api\\Axios.jsx": {"path":"C:\\Users\\tharu\\Documents\\GitHub\\LearnBridge\\apps\\web\\src\\api\\Axios.jsx","statementMap":{"0":{"start":{"line":3,"column":17},"end":{"line":3,"column":79}},"1":{"start":{"line":5,"column":24},"end":{"line":5,"column":28}},"2":{"start":{"line":7,"column":30},"end":{"line":9,"column":1}},"3":{"start":{"line":8,"column":4},"end":{"line":8,"column":30}},"4":{"start":{"line":11,"column":12},"end":{"line":15,"column":2}},"5":{"start":{"line":17,"column":0},"end":{"line":25,"column":2}},"6":{"start":{"line":19,"column":8},"end":{"line":21,"column":9}},"7":{"start":{"line":20,"column":12},"end":{"line":20,"column":73}},"8":{"start":{"line":22,"column":8},"end":{"line":22,"column":22}},"9":{"start":{"line":24,"column":15},"end":{"line":24,"column":36}},"10":{"start":{"line":27,"column":0},"end":{"line":52,"column":2}},"11":{"start":{"line":28,"column":18},"end":{"line":28,"column":26}},"12":{"start":{"line":30,"column":32},"end":{"line":30,"column":44}},"13":{"start":{"line":32,"column":8},"end":{"line":34,"column":9}},"14":{"start":{"line":33,"column":12},"end":{"line":33,"column":41}},"15":{"start":{"line":36,"column":8},"end":{"line":49,"column":9}},"16":{"start":{"line":37,"column":12},"end":{"line":37,"column":42}},"17":{"start":{"line":38,"column":12},"end":{"line":48,"column":13}},"18":{"start":{"line":39,"column":33},"end":{"line":39,"column":64}},"19":{"start":{"line":40,"column":16},"end":{"line":40,"column":97}},"20":{"start":{"line":42,"column":16},"end":{"line":42,"column":49}},"21":{"start":{"line":43,"column":16},"end":{"line":43,"column":85}},"22":{"start":{"line":44,"column":16},"end":{"line":44,"column":44}},"23":{"start":{"line":46,"column":16},"end":{"line":46,"column":37}},"24":{"start":{"line":47,"column":16},"end":{"line":47,"column":52}},"25":{"start":{"line":50,"column":8},"end":{"line":50,"column":37}}},"fnMap":{"0":{"name":"(anonymous_0)","decl":{"start":{"line":7,"column":30},"end":{"line":7,"column":31}},"loc":{"start":{"line":7,"column":41},"end":{"line":9,"column":1}},"line":7},"1":{"name":"(anonymous_1)","decl":{"start":{"line":18,"column":4},"end":{"line":18,"column":5}},"loc":{"start":{"line":18,"column":16},"end":{"line":23,"column":5}},"line":18},"2":{"name":"(anonymous_2)","decl":{"start":{"line":24,"column":4},"end":{"line":24,"column":5}},"loc":{"start":{"line":24,"column":15},"end":{"line":24,"column":36}},"line":24},"3":{"name":"(anonymous_3)","decl":{"start":{"line":28,"column":4},"end":{"line":28,"column":5}},"loc":{"start":{"line":28,"column":18},"end":{"line":28,"column":26}},"line":28},"4":{"name":"(anonymous_4)","decl":{"start":{"line":29,"column":4},"end":{"line":29,"column":5}},"loc":{"start":{"line":29,"column":21},"end":{"line":51,"column":5}},"line":29}},"branchMap":{"0":{"loc":{"start":{"line":3,"column":17},"end":{"line":3,"column":79}},"type":"binary-expr","locations":[{"start":{"line":3,"column":17},"end":{"line":3,"column":45}},{"start":{"line":3,"column":49},"end":{"line":3,"column":79}}],"line":3},"1":{"loc":{"start":{"line":19,"column":8},"end":{"line":21,"column":9}},"type":"if","locations":[{"start":{"line":19,"column":8},"end":{"line":21,"column":9}},{"start":{},"end":{}}],"line":19},"2":{"loc":{"start":{"line":32,"column":8},"end":{"line":34,"column":9}},"type":"if","locations":[{"start":{"line":32,"column":8},"end":{"line":34,"column":9}},{"start":{},"end":{}}],"line":32},"3":{"loc":{"start":{"line":32,"column":12},"end":{"line":32,"column":91}},"type":"binary-expr","locations":[{"start":{"line":32,"column":12},"end":{"line":32,"column":42}},{"start":{"line":32,"column":46},"end":{"line":32,"column":91}}],"line":32},"4":{"loc":{"start":{"line":36,"column":8},"end":{"line":49,"column":9}},"type":"if","locations":[{"start":{"line":36,"column":8},"end":{"line":49,"column":9}},{"start":{},"end":{}}],"line":36},"5":{"loc":{"start":{"line":36,"column":12},"end":{"line":36,"column":69}},"type":"binary-expr","locations":[{"start":{"line":36,"column":12},"end":{"line":36,"column":42}},{"start":{"line":36,"column":46},"end":{"line":36,"column":69}}],"line":36}},"s":{"0":2,"1":2,"2":2,"3":0,"4":2,"5":2,"6":0,"7":0,"8":0,"9":0,"10":2,"11":0,"12":0,"13":0,"14":0,"15":0,"16":0,"17":0,"18":0,"19":0,"20":0,"21":0,"22":0,"23":0,"24":0,"25":0},"f":{"0":0,"1":0,"2":0,"3":0,"4":0},"b":{"0":[2,2],"1":[0,0],"2":[0,0],"3":[0,0],"4":[0,0],"5":[0,0]},"_coverageSchema":"1a1c01bbd47fc00a2c39e90264f33305004495a9","hash":"88e80eb32cc5c58e51520637c0f523ced73d2d7d"}
,"C:\\Users\\tharu\\Documents\\GitHub\\LearnBridge\\apps\\web\\src\\pages\\Donor\\BrowseNeeds.jsx": {"path":"C:\\Users\\tharu\\Documents\\GitHub\\LearnBridge\\apps\\web\\src\\pages\\Donor\\BrowseNeeds.jsx","statementMap":{"0":{"start":{"line":6,"column":23},"end":{"line":6,"column":24}},"1":{"start":{"line":8,"column":21},"end":{"line":12,"column":1}},"2":{"start":{"line":15,"column":28},"end":{"line":15,"column":40}},"3":{"start":{"line":16,"column":34},"end":{"line":16,"column":46}},"4":{"start":{"line":17,"column":32},"end":{"line":17,"column":46}},"5":{"start":{"line":18,"column":34},"end":{"line":18,"column":48}},"6":{"start":{"line":19,"column":30},"end":{"line":19,"column":44}},"7":{"start":{"line":20,"column":40},"end":{"line":20,"column":51}},"8":{"start":{"line":22,"column":32},"end":{"line":26,"column":4}},"9":{"start":{"line":28,"column":2},"end":{"line":30,"column":9}},"10":{"start":{"line":29,"column":4},"end":{"line":29,"column":17}},"11":{"start":{"line":32,"column":21},"end":{"line":43,"column":3}},"12":{"start":{"line":33,"column":4},"end":{"line":42,"column":5}},"13":{"start":{"line":34,"column":6},"end":{"line":34,"column":23}},"14":{"start":{"line":35,"column":18},"end":{"line":35,"column":37}},"15":{"start":{"line":36,"column":6},"end":{"line":36,"column":25}},"16":{"start":{"line":37,"column":6},"end":{"line":37,"column":28}},"17":{"start":{"line":39,"column":6},"end":{"line":39,"column":43}},"18":{"start":{"line":41,"column":6},"end":{"line":41,"column":24}},"19":{"start":{"line":45,"column":2},"end":{"line":60,"column":23}},"20":{"start":{"line":46,"column":17},"end":{"line":46,"column":27}},"21":{"start":{"line":47,"column":4},"end":{"line":51,"column":5}},"22":{"start":{"line":48,"column":6},"end":{"line":50,"column":8}},"23":{"start":{"line":49,"column":8},"end":{"line":49,"column":71}},"24":{"start":{"line":52,"column":4},"end":{"line":54,"column":5}},"25":{"start":{"line":53,"column":6},"end":{"line":53,"column":67}},"26":{"start":{"line":53,"column":36},"end":{"line":53,"column":65}},"27":{"start":{"line":55,"column":4},"end":{"line":57,"column":5}},"28":{"start":{"line":56,"column":6},"end":{"line":56,"column":65}},"29":{"start":{"line":56,"column":36},"end":{"line":56,"column":63}},"30":{"start":{"line":58,"column":4},"end":{"line":58,"column":24}},"31":{"start":{"line":59,"column":4},"end":{"line":59,"column":22}},"32":{"start":{"line":63,"column":23},"end":{"line":74,"column":3}},"33":{"start":{"line":64,"column":4},"end":{"line":73,"column":5}},"34":{"start":{"line":65,"column":6},"end":{"line":65,"column":22}},"35":{"start":{"line":66,"column":6},"end":{"line":66,"column":31}},"36":{"start":{"line":67,"column":6},"end":{"line":67,"column":63}},"37":{"start":{"line":68,"column":6},"end":{"line":68,"column":19}},"38":{"start":{"line":70,"column":6},"end":{"line":70,"column":70}},"39":{"start":{"line":72,"column":6},"end":{"line":72,"column":24}},"40":{"start":{"line":77,"column":18},"end":{"line":120,"column":1}},"41":{"start":{"line":78,"column":2},"end":{"line":119,"column":3}},"42":{"start":{"line":79,"column":4},"end":{"line":79,"column":18}},"43":{"start":{"line":81,"column":4},"end":{"line":84,"column":5}},"44":{"start":{"line":82,"column":6},"end":{"line":82,"column":67}},"45":{"start":{"line":83,"column":6},"end":{"line":83,"column":13}},"46":{"start":{"line":86,"column":16},"end":{"line":86,"column":41}},"47":{"start":{"line":87,"column":24},"end":{"line":87,"column":32}},"48":{"start":{"line":90,"column":4},"end":{"line":103,"column":6}},"49":{"start":{"line":91,"column":6},"end":{"line":102,"column":7}},"50":{"start":{"line":92,"column":8},"end":{"line":92,"column":60}},"51":{"start":{"line":93,"column":8},"end":{"line":96,"column":11}},"52":{"start":{"line":97,"column":8},"end":{"line":97,"column":58}},"53":{"start":{"line":98,"column":8},"end":{"line":98,"column":21}},"54":{"start":{"line":100,"column":8},"end":{"line":100,"column":45}},"55":{"start":{"line":101,"column":8},"end":{"line":101,"column":61}},"56":{"start":{"line":105,"column":4},"end":{"line":108,"column":6}},"57":{"start":{"line":106,"column":6},"end":{"line":106,"column":40}},"58":{"start":{"line":107,"column":6},"end":{"line":107,"column":19}},"59":{"start":{"line":110,"column":4},"end":{"line":112,"column":6}},"60":{"start":{"line":111,"column":6},"end":{"line":111,"column":45}},"61":{"start":{"line":114,"column":4},"end":{"line":114,"column":45}},"62":{"start":{"line":116,"column":4},"end":{"line":116,"column":60}},"63":{"start":{"line":118,"column":4},"end":{"line":118,"column":20}},"64":{"start":{"line":121,"column":21},"end":{"line":121,"column":64}},"65":{"start":{"line":122,"column":20},"end":{"line":125,"column":3}},"66":{"start":{"line":127,"column":2},"end":{"line":133,"column":3}},"67":{"start":{"line":128,"column":4},"end":{"line":132,"column":6}},"68":{"start":{"line":135,"column":2},"end":{"line":226,"column":4}},"69":{"start":{"line":149,"column":27},"end":{"line":149,"column":77}},"70":{"start":{"line":155,"column":27},"end":{"line":155,"column":78}},"71":{"start":{"line":166,"column":27},"end":{"line":166,"column":77}},"72":{"start":{"line":176,"column":25},"end":{"line":176,"column":76}},"73":{"start":{"line":195,"column":12},"end":{"line":202,"column":14}},"74":{"start":{"line":210,"column":56},"end":{"line":210,"column":61}},"75":{"start":{"line":211,"column":12},"end":{"line":221,"column":21}},"76":{"start":{"line":213,"column":29},"end":{"line":213,"column":49}},"77":{"start":{"line":231,"column":99},"end":{"line":231,"column":103}},"78":{"start":{"line":233,"column":22},"end":{"line":237,"column":3}},"79":{"start":{"line":239,"column":17},"end":{"line":239,"column":34}},"80":{"start":{"line":241,"column":2},"end":{"line":318,"column":4}},"81":{"start":{"line":290,"column":27},"end":{"line":290,"column":40}},"82":{"start":{"line":300,"column":29},"end":{"line":300,"column":39}}},"fnMap":{"0":{"name":"BrowseNeeds","decl":{"start":{"line":14,"column":24},"end":{"line":14,"column":35}},"loc":{"start":{"line":14,"column":38},"end":{"line":227,"column":1}},"line":14},"1":{"name":"(anonymous_1)","decl":{"start":{"line":28,"column":12},"end":{"line":28,"column":13}},"loc":{"start":{"line":28,"column":18},"end":{"line":30,"column":3}},"line":28},"2":{"name":"(anonymous_2)","decl":{"start":{"line":32,"column":21},"end":{"line":32,"column":22}},"loc":{"start":{"line":32,"column":33},"end":{"line":43,"column":3}},"line":32},"3":{"name":"(anonymous_3)","decl":{"start":{"line":45,"column":12},"end":{"line":45,"column":13}},"loc":{"start":{"line":45,"column":18},"end":{"line":60,"column":3}},"line":45},"4":{"name":"(anonymous_4)","decl":{"start":{"line":48,"column":29},"end":{"line":48,"column":30}},"loc":{"start":{"line":49,"column":8},"end":{"line":49,"column":71}},"line":49},"5":{"name":"(anonymous_5)","decl":{"start":{"line":53,"column":29},"end":{"line":53,"column":30}},"loc":{"start":{"line":53,"column":36},"end":{"line":53,"column":65}},"line":53},"6":{"name":"(anonymous_6)","decl":{"start":{"line":56,"column":29},"end":{"line":56,"column":30}},"loc":{"start":{"line":56,"column":36},"end":{"line":56,"column":63}},"line":56},"7":{"name":"(anonymous_7)","decl":{"start":{"line":63,"column":23},"end":{"line":63,"column":24}},"loc":{"start":{"line":63,"column":37},"end":{"line":74,"column":3}},"line":63},"8":{"name":"(anonymous_8)","decl":{"start":{"line":77,"column":18},"end":{"line":77,"column":19}},"loc":{"start":{"line":77,"column":32},"end":{"line":120,"column":1}},"line":77},"9":{"name":"(anonymous_9)","decl":{"start":{"line":90,"column":33},"end":{"line":90,"column":34}},"loc":{"start":{"line":90,"column":58},"end":{"line":103,"column":5}},"line":90},"10":{"name":"(anonymous_10)","decl":{"start":{"line":105,"column":33},"end":{"line":105,"column":34}},"loc":{"start":{"line":105,"column":45},"end":{"line":108,"column":5}},"line":105},"11":{"name":"(anonymous_11)","decl":{"start":{"line":110,"column":29},"end":{"line":110,"column":30}},"loc":{"start":{"line":110,"column":46},"end":{"line":112,"column":5}},"line":110},"12":{"name":"(anonymous_12)","decl":{"start":{"line":149,"column":20},"end":{"line":149,"column":21}},"loc":{"start":{"line":149,"column":27},"end":{"line":149,"column":77}},"line":149},"13":{"name":"(anonymous_13)","decl":{"start":{"line":155,"column":20},"end":{"line":155,"column":21}},"loc":{"start":{"line":155,"column":27},"end":{"line":155,"column":78}},"line":155},"14":{"name":"(anonymous_14)","decl":{"start":{"line":166,"column":20},"end":{"line":166,"column":21}},"loc":{"start":{"line":166,"column":27},"end":{"line":166,"column":77}},"line":166},"15":{"name":"(anonymous_15)","decl":{"start":{"line":176,"column":19},"end":{"line":176,"column":20}},"loc":{"start":{"line":176,"column":25},"end":{"line":176,"column":76}},"line":176},"16":{"name":"(anonymous_16)","decl":{"start":{"line":194,"column":25},"end":{"line":194,"column":26}},"loc":{"start":{"line":195,"column":12},"end":{"line":202,"column":14}},"line":195},"17":{"name":"(anonymous_17)","decl":{"start":{"line":210,"column":46},"end":{"line":210,"column":47}},"loc":{"start":{"line":210,"column":56},"end":{"line":210,"column":61}},"line":210},"18":{"name":"(anonymous_18)","decl":{"start":{"line":210,"column":67},"end":{"line":210,"column":68}},"loc":{"start":{"line":211,"column":12},"end":{"line":221,"column":21}},"line":211},"19":{"name":"(anonymous_19)","decl":{"start":{"line":213,"column":23},"end":{"line":213,"column":24}},"loc":{"start":{"line":213,"column":29},"end":{"line":213,"column":49}},"line":213},"20":{"name":"NeedCard","decl":{"start":{"line":230,"column":9},"end":{"line":230,"column":17}},"loc":{"start":{"line":230,"column":63},"end":{"line":319,"column":1}},"line":230},"21":{"name":"(anonymous_21)","decl":{"start":{"line":290,"column":21},"end":{"line":290,"column":22}},"loc":{"start":{"line":290,"column":27},"end":{"line":290,"column":40}},"line":290},"22":{"name":"(anonymous_22)","decl":{"start":{"line":300,"column":23},"end":{"line":300,"column":24}},"loc":{"start":{"line":300,"column":29},"end":{"line":300,"column":39}},"line":300}},"branchMap":{"0":{"loc":{"start":{"line":47,"column":4},"end":{"line":51,"column":5}},"type":"if","locations":[{"start":{"line":47,"column":4},"end":{"line":51,"column":5}},{"start":{},"end":{}}],"line":47},"1":{"loc":{"start":{"line":52,"column":4},"end":{"line":54,"column":5}},"type":"if","locations":[{"start":{"line":52,"column":4},"end":{"line":54,"column":5}},{"start":{},"end":{}}],"line":52},"2":{"loc":{"start":{"line":55,"column":4},"end":{"line":57,"column":5}},"type":"if","locations":[{"start":{"line":55,"column":4},"end":{"line":57,"column":5}},{"start":{},"end":{}}],"line":55},"3":{"loc":{"start":{"line":70,"column":18},"end":{"line":70,"column":68}},"type":"binary-expr","locations":[{"start":{"line":70,"column":18},"end":{"line":70,"column":45}},{"start":{"line":70,"column":49},"end":{"line":70,"column":68}}],"line":70},"4":{"loc":{"start":{"line":81,"column":4},"end":{"line":84,"column":5}},"type":"if","locations":[{"start":{"line":81,"column":4},"end":{"line":84,"column":5}},{"start":{},"end":{}}],"line":81},"5":{"loc":{"start":{"line":116,"column":16},"end":{"line":116,"column":58}},"type":"binary-expr","locations":[{"start":{"line":116,"column":16},"end":{"line":116,"column":43}},{"start":{"line":116,"column":47},"end":{"line":116,"column":58}}],"line":116},"6":{"loc":{"start":{"line":127,"column":2},"end":{"line":133,"column":3}},"type":"if","locations":[{"start":{"line":127,"column":2},"end":{"line":133,"column":3}},{"start":{},"end":{}}],"line":127},"7":{"loc":{"start":{"line":188,"column":7},"end":{"line":205,"column":7}},"type":"cond-expr","locations":[{"start":{"line":189,"column":8},"end":{"line":191,"column":14}},{"start":{"line":193,"column":8},"end":{"line":204,"column":14}}],"line":188},"8":{"loc":{"start":{"line":208,"column":7},"end":{"line":224,"column":7}},"type":"binary-expr","locations":[{"start":{"line":208,"column":7},"end":{"line":208,"column":21}},{"start":{"line":209,"column":8},"end":{"line":223,"column":14}}],"line":208},"9":{"loc":{"start":{"line":215,"column":16},"end":{"line":217,"column":67}},"type":"cond-expr","locations":[{"start":{"line":216,"column":20},"end":{"line":216,"column":85}},{"start":{"line":217,"column":20},"end":{"line":217,"column":67}}],"line":215},"10":{"loc":{"start":{"line":249,"column":16},"end":{"line":249,"column":51}},"type":"binary-expr","locations":[{"start":{"line":249,"column":16},"end":{"line":249,"column":30}},{"start":{"line":249,"column":34},"end":{"line":249,"column":51}}],"line":249},"11":{"loc":{"start":{"line":259,"column":9},"end":{"line":259,"column":40}},"type":"binary-expr","locations":[{"start":{"line":259,"column":9},"end":{"line":259,"column":20}},{"start":{"line":259,"column":24},"end":{"line":259,"column":40}}],"line":259},"12":{"loc":{"start":{"line":267,"column":9},"end":{"line":271,"column":9}},"type":"binary-expr","locations":[{"start":{"line":267,"column":9},"end":{"line":267,"column":19}},{"start":{"line":268,"column":10},"end":{"line":270,"column":17}}],"line":267},"13":{"loc":{"start":{"line":272,"column":9},"end":{"line":274,"column":9}},"type":"binary-expr","locations":[{"start":{"line":272,"column":9},"end":{"line":272,"column":20}},{"start":{"line":273,"column":10},"end":{"line":273,"column":70}}],"line":272},"14":{"loc":{"start":{"line":285,"column":7},"end":{"line":315,"column":7}},"type":"cond-expr","locations":[{"start":{"line":286,"column":8},"end":{"line":308,"column":14}},{"start":{"line":310,"column":8},"end":{"line":314,"column":14}}],"line":285},"15":{"loc":{"start":{"line":291,"column":22},"end":{"line":291,"column":56}},"type":"binary-expr","locations":[{"start":{"line":291,"column":22},"end":{"line":291,"column":38}},{"start":{"line":291,"column":42},"end":{"line":291,"column":56}}],"line":291},"16":{"loc":{"start":{"line":294,"column":13},"end":{"line":294,"column":59}},"type":"cond-expr","locations":[{"start":{"line":294,"column":32},"end":{"line":294,"column":45}},{"start":{"line":294,"column":48},"end":{"line":294,"column":59}}],"line":294},"17":{"loc":{"start":{"line":298,"column":11},"end":{"line":306,"column":11}},"type":"binary-expr","locations":[{"start":{"line":298,"column":11},"end":{"line":298,"column":21}},{"start":{"line":299,"column":12},"end":{"line":305,"column":21}}],"line":298},"18":{"loc":{"start":{"line":301,"column":24},"end":{"line":301,"column":58}},"type":"binary-expr","locations":[{"start":{"line":301,"column":24},"end":{"line":301,"column":38}},{"start":{"line":301,"column":42},"end":{"line":301,"column":58}}],"line":301},"19":{"loc":{"start":{"line":304,"column":15},"end":{"line":304,"column":58}},"type":"cond-expr","locations":[{"start":{"line":304,"column":32},"end":{"line":304,"column":47}},{"start":{"line":304,"column":50},"end":{"line":304,"column":58}}],"line":304}},"s":{"0":1,"1":1,"2":90,"3":90,"4":90,"5":90,"6":90,"7":90,"8":90,"9":90,"10":23,"11":90,"12":24,"13":24,"14":24,"15":23,"16":23,"17":1,"18":24,"19":90,"20":51,"21":51,"22":3,"23":9,"24":51,"25":1,"26":3,"27":51,"28":1,"29":3,"30":51,"31":51,"32":90,"33":2,"34":2,"35":2,"36":1,"37":1,"38":1,"39":2,"40":90,"41":3,"42":3,"43":3,"44":1,"45":1,"46":2,"47":1,"48":1,"49":0,"50":0,"51":0,"52":0,"53":0,"54":0,"55":0,"56":1,"57":0,"58":0,"59":1,"60":0,"61":1,"62":1,"63":3,"64":90,"65":90,"66":90,"67":46,"68":44,"69":3,"70":1,"71":1,"72":1,"73":113,"74":0,"75":0,"76":0,"77":113,"78":113,"79":113,"80":113,"81":2,"82":3},"f":{"0":90,"1":23,"2":24,"3":51,"4":9,"5":3,"6":3,"7":2,"8":3,"9":0,"10":0,"11":0,"12":3,"13":1,"14":1,"15":1,"16":113,"17":0,"18":0,"19":0,"20":113,"21":2,"22":3},"b":{"0":[3,48],"1":[1,50],"2":[1,50],"3":[1,0],"4":[1,2],"5":[1,0],"6":[46,44],"7":[3,41],"8":[44,0],"9":[0,0],"10":[113,113],"11":[113,0],"12":[113,77],"13":[113,72],"14":[41,72],"15":[41,39],"16":[2,39],"17":[41,41],"18":[41,39],"19":[2,39]},"_coverageSchema":"1a1c01bbd47fc00a2c39e90264f33305004495a9","hash":"3fa624f28ef65b768a25545eb4f95ca4cdfb2d33"}
,"C:\\Users\\tharu\\Documents\\GitHub\\LearnBridge\\apps\\web\\src\\pages\\SchoolAdmin\\NeedsRegistry.jsx": {"path":"C:\\Users\\tharu\\Documents\\GitHub\\LearnBridge\\apps\\web\\src\\pages\\SchoolAdmin\\NeedsRegistry.jsx","statementMap":{"0":{"start":{"line":12,"column":21},"end":{"line":16,"column":1}},"1":{"start":{"line":18,"column":18},"end":{"line":24,"column":1}},"2":{"start":{"line":27,"column":28},"end":{"line":27,"column":40}},"3":{"start":{"line":28,"column":32},"end":{"line":28,"column":46}},"4":{"start":{"line":29,"column":30},"end":{"line":29,"column":45}},"5":{"start":{"line":30,"column":34},"end":{"line":30,"column":48}},"6":{"start":{"line":31,"column":36},"end":{"line":31,"column":51}},"7":{"start":{"line":32,"column":36},"end":{"line":32,"column":50}},"8":{"start":{"line":33,"column":26},"end":{"line":33,"column":45}},"9":{"start":{"line":34,"column":48},"end":{"line":34,"column":62}},"10":{"start":{"line":35,"column":38},"end":{"line":35,"column":52}},"11":{"start":{"line":36,"column":42},"end":{"line":36,"column":57}},"12":{"start":{"line":38,"column":2},"end":{"line":40,"column":9}},"13":{"start":{"line":39,"column":4},"end":{"line":39,"column":17}},"14":{"start":{"line":42,"column":21},"end":{"line":52,"column":3}},"15":{"start":{"line":43,"column":4},"end":{"line":51,"column":5}},"16":{"start":{"line":44,"column":6},"end":{"line":44,"column":23}},"17":{"start":{"line":45,"column":18},"end":{"line":45,"column":42}},"18":{"start":{"line":46,"column":6},"end":{"line":46,"column":25}},"19":{"start":{"line":48,"column":6},"end":{"line":48,"column":43}},"20":{"start":{"line":50,"column":6},"end":{"line":50,"column":24}},"21":{"start":{"line":54,"column":27},"end":{"line":58,"column":3}},"22":{"start":{"line":55,"column":4},"end":{"line":55,"column":23}},"23":{"start":{"line":56,"column":4},"end":{"line":56,"column":23}},"24":{"start":{"line":57,"column":4},"end":{"line":57,"column":23}},"25":{"start":{"line":60,"column":25},"end":{"line":70,"column":3}},"26":{"start":{"line":61,"column":4},"end":{"line":67,"column":7}},"27":{"start":{"line":68,"column":4},"end":{"line":68,"column":27}},"28":{"start":{"line":69,"column":4},"end":{"line":69,"column":23}},"29":{"start":{"line":72,"column":23},"end":{"line":107,"column":3}},"30":{"start":{"line":73,"column":4},"end":{"line":76,"column":5}},"31":{"start":{"line":74,"column":6},"end":{"line":74,"column":58}},"32":{"start":{"line":75,"column":6},"end":{"line":75,"column":13}},"33":{"start":{"line":77,"column":4},"end":{"line":80,"column":5}},"34":{"start":{"line":78,"column":6},"end":{"line":78,"column":54}},"35":{"start":{"line":79,"column":6},"end":{"line":79,"column":13}},"36":{"start":{"line":81,"column":4},"end":{"line":84,"column":5}},"37":{"start":{"line":82,"column":6},"end":{"line":82,"column":50}},"38":{"start":{"line":83,"column":6},"end":{"line":83,"column":13}},"39":{"start":{"line":85,"column":4},"end":{"line":106,"column":5}},"40":{"start":{"line":86,"column":6},"end":{"line":86,"column":22}},"41":{"start":{"line":87,"column":6},"end":{"line":99,"column":7}},"42":{"start":{"line":88,"column":8},"end":{"line":94,"column":11}},"43":{"start":{"line":95,"column":8},"end":{"line":95,"column":53}},"44":{"start":{"line":97,"column":8},"end":{"line":97,"column":31}},"45":{"start":{"line":98,"column":8},"end":{"line":98,"column":53}},"46":{"start":{"line":100,"column":6},"end":{"line":100,"column":26}},"47":{"start":{"line":101,"column":6},"end":{"line":101,"column":19}},"48":{"start":{"line":103,"column":6},"end":{"line":103,"column":74}},"49":{"start":{"line":105,"column":6},"end":{"line":105,"column":23}},"50":{"start":{"line":109,"column":28},"end":{"line":111,"column":3}},"51":{"start":{"line":110,"column":4},"end":{"line":110,"column":27}},"52":{"start":{"line":113,"column":30},"end":{"line":125,"column":3}},"53":{"start":{"line":114,"column":4},"end":{"line":124,"column":5}},"54":{"start":{"line":115,"column":6},"end":{"line":115,"column":35}},"55":{"start":{"line":116,"column":6},"end":{"line":116,"column":31}},"56":{"start":{"line":117,"column":6},"end":{"line":117,"column":40}},"57":{"start":{"line":118,"column":6},"end":{"line":118,"column":40}},"58":{"start":{"line":119,"column":6},"end":{"line":119,"column":19}},"59":{"start":{"line":121,"column":6},"end":{"line":121,"column":70}},"60":{"start":{"line":123,"column":6},"end":{"line":123,"column":24}},"61":{"start":{"line":128,"column":26},"end":{"line":138,"column":3}},"62":{"start":{"line":129,"column":4},"end":{"line":137,"column":5}},"63":{"start":{"line":130,"column":6},"end":{"line":130,"column":28}},"64":{"start":{"line":131,"column":18},"end":{"line":131,"column":47}},"65":{"start":{"line":132,"column":6},"end":{"line":132,"column":30}},"66":{"start":{"line":134,"column":6},"end":{"line":134,"column":82}},"67":{"start":{"line":136,"column":6},"end":{"line":136,"column":29}},"68":{"start":{"line":140,"column":16},"end":{"line":140,"column":28}},"69":{"start":{"line":141,"column":15},"end":{"line":141,"column":62}},"70":{"start":{"line":141,"column":35},"end":{"line":141,"column":54}},"71":{"start":{"line":142,"column":18},"end":{"line":142,"column":68}},"72":{"start":{"line":142,"column":38},"end":{"line":142,"column":60}},"73":{"start":{"line":143,"column":20},"end":{"line":143,"column":72}},"74":{"start":{"line":143,"column":40},"end":{"line":143,"column":64}},"75":{"start":{"line":145,"column":2},"end":{"line":151,"column":3}},"76":{"start":{"line":146,"column":4},"end":{"line":150,"column":6}},"77":{"start":{"line":153,"column":2},"end":{"line":604,"column":4}},"78":{"start":{"line":203,"column":18},"end":{"line":270,"column":23}},"79":{"start":{"line":245,"column":45},"end":{"line":245,"column":65}},"80":{"start":{"line":251,"column":45},"end":{"line":251,"column":72}},"81":{"start":{"line":261,"column":43},"end":{"line":261,"column":68}},"82":{"start":{"line":279,"column":14},"end":{"line":342,"column":20}},"83":{"start":{"line":319,"column":39},"end":{"line":319,"column":59}},"84":{"start":{"line":325,"column":39},"end":{"line":325,"column":66}},"85":{"start":{"line":334,"column":37},"end":{"line":334,"column":62}},"86":{"start":{"line":364,"column":33},"end":{"line":364,"column":79}},"87":{"start":{"line":379,"column":35},"end":{"line":379,"column":81}},"88":{"start":{"line":397,"column":37},"end":{"line":397,"column":81}},"89":{"start":{"line":412,"column":33},"end":{"line":412,"column":82}},"90":{"start":{"line":424,"column":33},"end":{"line":424,"column":78}},"91":{"start":{"line":435,"column":31},"end":{"line":435,"column":50}},"92":{"start":{"line":467,"column":31},"end":{"line":467,"column":55}},"93":{"start":{"line":492,"column":31},"end":{"line":492,"column":50}},"94":{"start":{"line":594,"column":29},"end":{"line":594,"column":48}},"95":{"start":{"line":609,"column":2},"end":{"line":617,"column":4}},"96":{"start":{"line":622,"column":2},"end":{"line":632,"column":4}}},"fnMap":{"0":{"name":"NeedsRegistry","decl":{"start":{"line":26,"column":24},"end":{"line":26,"column":37}},"loc":{"start":{"line":26,"column":40},"end":{"line":605,"column":1}},"line":26},"1":{"name":"(anonymous_1)","decl":{"start":{"line":38,"column":12},"end":{"line":38,"column":13}},"loc":{"start":{"line":38,"column":18},"end":{"line":40,"column":3}},"line":38},"2":{"name":"(anonymous_2)","decl":{"start":{"line":42,"column":21},"end":{"line":42,"column":22}},"loc":{"start":{"line":42,"column":33},"end":{"line":52,"column":3}},"line":42},"3":{"name":"(anonymous_3)","decl":{"start":{"line":54,"column":27},"end":{"line":54,"column":28}},"loc":{"start":{"line":54,"column":33},"end":{"line":58,"column":3}},"line":54},"4":{"name":"(anonymous_4)","decl":{"start":{"line":60,"column":25},"end":{"line":60,"column":26}},"loc":{"start":{"line":60,"column":35},"end":{"line":70,"column":3}},"line":60},"5":{"name":"(anonymous_5)","decl":{"start":{"line":72,"column":23},"end":{"line":72,"column":24}},"loc":{"start":{"line":72,"column":35},"end":{"line":107,"column":3}},"line":72},"6":{"name":"(anonymous_6)","decl":{"start":{"line":109,"column":28},"end":{"line":109,"column":29}},"loc":{"start":{"line":109,"column":36},"end":{"line":111,"column":3}},"line":109},"7":{"name":"(anonymous_7)","decl":{"start":{"line":113,"column":30},"end":{"line":113,"column":31}},"loc":{"start":{"line":113,"column":42},"end":{"line":125,"column":3}},"line":113},"8":{"name":"(anonymous_8)","decl":{"start":{"line":128,"column":26},"end":{"line":128,"column":27}},"loc":{"start":{"line":128,"column":44},"end":{"line":138,"column":3}},"line":128},"9":{"name":"(anonymous_9)","decl":{"start":{"line":141,"column":28},"end":{"line":141,"column":29}},"loc":{"start":{"line":141,"column":35},"end":{"line":141,"column":54}},"line":141},"10":{"name":"(anonymous_10)","decl":{"start":{"line":142,"column":31},"end":{"line":142,"column":32}},"loc":{"start":{"line":142,"column":38},"end":{"line":142,"column":60}},"line":142},"11":{"name":"(anonymous_11)","decl":{"start":{"line":143,"column":33},"end":{"line":143,"column":34}},"loc":{"start":{"line":143,"column":40},"end":{"line":143,"column":64}},"line":143},"12":{"name":"(anonymous_12)","decl":{"start":{"line":202,"column":27},"end":{"line":202,"column":28}},"loc":{"start":{"line":203,"column":18},"end":{"line":270,"column":23}},"line":203},"13":{"name":"(anonymous_13)","decl":{"start":{"line":245,"column":39},"end":{"line":245,"column":40}},"loc":{"start":{"line":245,"column":45},"end":{"line":245,"column":65}},"line":245},"14":{"name":"(anonymous_14)","decl":{"start":{"line":251,"column":39},"end":{"line":251,"column":40}},"loc":{"start":{"line":251,"column":45},"end":{"line":251,"column":72}},"line":251},"15":{"name":"(anonymous_15)","decl":{"start":{"line":261,"column":37},"end":{"line":261,"column":38}},"loc":{"start":{"line":261,"column":43},"end":{"line":261,"column":68}},"line":261},"16":{"name":"(anonymous_16)","decl":{"start":{"line":278,"column":23},"end":{"line":278,"column":24}},"loc":{"start":{"line":279,"column":14},"end":{"line":342,"column":20}},"line":279},"17":{"name":"(anonymous_17)","decl":{"start":{"line":319,"column":33},"end":{"line":319,"column":34}},"loc":{"start":{"line":319,"column":39},"end":{"line":319,"column":59}},"line":319},"18":{"name":"(anonymous_18)","decl":{"start":{"line":325,"column":33},"end":{"line":325,"column":34}},"loc":{"start":{"line":325,"column":39},"end":{"line":325,"column":66}},"line":325},"19":{"name":"(anonymous_19)","decl":{"start":{"line":334,"column":31},"end":{"line":334,"column":32}},"loc":{"start":{"line":334,"column":37},"end":{"line":334,"column":62}},"line":334},"20":{"name":"(anonymous_20)","decl":{"start":{"line":364,"column":26},"end":{"line":364,"column":27}},"loc":{"start":{"line":364,"column":33},"end":{"line":364,"column":79}},"line":364},"21":{"name":"(anonymous_21)","decl":{"start":{"line":379,"column":28},"end":{"line":379,"column":29}},"loc":{"start":{"line":379,"column":35},"end":{"line":379,"column":81}},"line":379},"22":{"name":"(anonymous_22)","decl":{"start":{"line":397,"column":30},"end":{"line":397,"column":31}},"loc":{"start":{"line":397,"column":37},"end":{"line":397,"column":81}},"line":397},"23":{"name":"(anonymous_23)","decl":{"start":{"line":412,"column":26},"end":{"line":412,"column":27}},"loc":{"start":{"line":412,"column":33},"end":{"line":412,"column":82}},"line":412},"24":{"name":"(anonymous_24)","decl":{"start":{"line":424,"column":26},"end":{"line":424,"column":27}},"loc":{"start":{"line":424,"column":33},"end":{"line":424,"column":78}},"line":424},"25":{"name":"(anonymous_25)","decl":{"start":{"line":435,"column":25},"end":{"line":435,"column":26}},"loc":{"start":{"line":435,"column":31},"end":{"line":435,"column":50}},"line":435},"26":{"name":"(anonymous_26)","decl":{"start":{"line":467,"column":25},"end":{"line":467,"column":26}},"loc":{"start":{"line":467,"column":31},"end":{"line":467,"column":55}},"line":467},"27":{"name":"(anonymous_27)","decl":{"start":{"line":492,"column":25},"end":{"line":492,"column":26}},"loc":{"start":{"line":492,"column":31},"end":{"line":492,"column":50}},"line":492},"28":{"name":"(anonymous_28)","decl":{"start":{"line":594,"column":23},"end":{"line":594,"column":24}},"loc":{"start":{"line":594,"column":29},"end":{"line":594,"column":48}},"line":594},"29":{"name":"InfoRow","decl":{"start":{"line":608,"column":9},"end":{"line":608,"column":16}},"loc":{"start":{"line":608,"column":41},"end":{"line":618,"column":1}},"line":608},"30":{"name":"StatCard","decl":{"start":{"line":621,"column":9},"end":{"line":621,"column":17}},"loc":{"start":{"line":621,"column":52},"end":{"line":633,"column":1}},"line":621}},"branchMap":{"0":{"loc":{"start":{"line":64,"column":14},"end":{"line":64,"column":31}},"type":"binary-expr","locations":[{"start":{"line":64,"column":14},"end":{"line":64,"column":25}},{"start":{"line":64,"column":29},"end":{"line":64,"column":31}}],"line":64},"1":{"loc":{"start":{"line":65,"column":19},"end":{"line":65,"column":41}},"type":"binary-expr","locations":[{"start":{"line":65,"column":19},"end":{"line":65,"column":35}},{"start":{"line":65,"column":39},"end":{"line":65,"column":41}}],"line":65},"2":{"loc":{"start":{"line":73,"column":4},"end":{"line":76,"column":5}},"type":"if","locations":[{"start":{"line":73,"column":4},"end":{"line":76,"column":5}},{"start":{},"end":{}}],"line":73},"3":{"loc":{"start":{"line":73,"column":8},"end":{"line":73,"column":47}},"type":"binary-expr","locations":[{"start":{"line":73,"column":8},"end":{"line":73,"column":29}},{"start":{"line":73,"column":33},"end":{"line":73,"column":47}}],"line":73},"4":{"loc":{"start":{"line":77,"column":4},"end":{"line":80,"column":5}},"type":"if","locations":[{"start":{"line":77,"column":4},"end":{"line":80,"column":5}},{"start":{},"end":{}}],"line":77},"5":{"loc":{"start":{"line":81,"column":4},"end":{"line":84,"column":5}},"type":"if","locations":[{"start":{"line":81,"column":4},"end":{"line":84,"column":5}},{"start":{},"end":{}}],"line":81},"6":{"loc":{"start":{"line":81,"column":8},"end":{"line":81,"column":48}},"type":"binary-expr","locations":[{"start":{"line":81,"column":8},"end":{"line":81,"column":20}},{"start":{"line":81,"column":24},"end":{"line":81,"column":48}}],"line":81},"7":{"loc":{"start":{"line":87,"column":6},"end":{"line":99,"column":7}},"type":"if","locations":[{"start":{"line":87,"column":6},"end":{"line":99,"column":7}},{"start":{"line":96,"column":13},"end":{"line":99,"column":7}}],"line":87},"8":{"loc":{"start":{"line":103,"column":18},"end":{"line":103,"column":72}},"type":"binary-expr","locations":[{"start":{"line":103,"column":18},"end":{"line":103,"column":45}},{"start":{"line":103,"column":49},"end":{"line":103,"column":72}}],"line":103},"9":{"loc":{"start":{"line":121,"column":18},"end":{"line":121,"column":68}},"type":"binary-expr","locations":[{"start":{"line":121,"column":18},"end":{"line":121,"column":45}},{"start":{"line":121,"column":49},"end":{"line":121,"column":68}}],"line":121},"10":{"loc":{"start":{"line":134,"column":18},"end":{"line":134,"column":80}},"type":"binary-expr","locations":[{"start":{"line":134,"column":18},"end":{"line":134,"column":45}},{"start":{"line":134,"column":49},"end":{"line":134,"column":80}}],"line":134},"11":{"loc":{"start":{"line":145,"column":2},"end":{"line":151,"column":3}},"type":"if","locations":[{"start":{"line":145,"column":2},"end":{"line":151,"column":3}},{"start":{},"end":{}}],"line":145},"12":{"loc":{"start":{"line":181,"column":7},"end":{"line":346,"column":7}},"type":"cond-expr","locations":[{"start":{"line":182,"column":8},"end":{"line":184,"column":14}},{"start":{"line":186,"column":8},"end":{"line":345,"column":11}}],"line":181},"13":{"loc":{"start":{"line":206,"column":22},"end":{"line":206,"column":69}},"type":"cond-expr","locations":[{"start":{"line":206,"column":40},"end":{"line":206,"column":50}},{"start":{"line":206,"column":53},"end":{"line":206,"column":69}}],"line":206},"14":{"loc":{"start":{"line":211,"column":23},"end":{"line":215,"column":23}},"type":"binary-expr","locations":[{"start":{"line":211,"column":23},"end":{"line":211,"column":39}},{"start":{"line":212,"column":24},"end":{"line":214,"column":28}}],"line":211},"15":{"loc":{"start":{"line":219,"column":23},"end":{"line":219,"column":84}},"type":"cond-expr","locations":[{"start":{"line":219,"column":41},"end":{"line":219,"column":78}},{"start":{"line":219,"column":81},"end":{"line":219,"column":84}}],"line":219},"16":{"loc":{"start":{"line":228,"column":24},"end":{"line":232,"column":60}},"type":"cond-expr","locations":[{"start":{"line":229,"column":28},"end":{"line":229,"column":60}},{"start":{"line":230,"column":28},"end":{"line":232,"column":60}}],"line":228},"17":{"loc":{"start":{"line":230,"column":28},"end":{"line":232,"column":60}},"type":"cond-expr","locations":[{"start":{"line":231,"column":28},"end":{"line":231,"column":62}},{"start":{"line":232,"column":28},"end":{"line":232,"column":60}}],"line":230},"18":{"loc":{"start":{"line":242,"column":25},"end":{"line":267,"column":25}},"type":"cond-expr","locations":[{"start":{"line":243,"column":26},"end":{"line":257,"column":29}},{"start":{"line":260,"column":26},"end":{"line":266,"column":35}}],"line":242},"19":{"loc":{"start":{"line":255,"column":31},"end":{"line":255,"column":71}},"type":"cond-expr","locations":[{"start":{"line":255,"column":55},"end":{"line":255,"column":60}},{"start":{"line":255,"column":63},"end":{"line":255,"column":71}}],"line":255},"20":{"loc":{"start":{"line":265,"column":29},"end":{"line":265,"column":67}},"type":"cond-expr","locations":[{"start":{"line":265,"column":44},"end":{"line":265,"column":49}},{"start":{"line":265,"column":52},"end":{"line":265,"column":67}}],"line":265},"21":{"loc":{"start":{"line":286,"column":21},"end":{"line":290,"column":21}},"type":"binary-expr","locations":[{"start":{"line":286,"column":21},"end":{"line":286,"column":37}},{"start":{"line":287,"column":22},"end":{"line":289,"column":26}}],"line":286},"22":{"loc":{"start":{"line":300,"column":21},"end":{"line":300,"column":82}},"type":"cond-expr","locations":[{"start":{"line":300,"column":39},"end":{"line":300,"column":76}},{"start":{"line":300,"column":79},"end":{"line":300,"column":82}}],"line":300},"23":{"loc":{"start":{"line":307,"column":20},"end":{"line":311,"column":56}},"type":"cond-expr","locations":[{"start":{"line":308,"column":24},"end":{"line":308,"column":56}},{"start":{"line":309,"column":24},"end":{"line":311,"column":56}}],"line":307},"24":{"loc":{"start":{"line":309,"column":24},"end":{"line":311,"column":56}},"type":"cond-expr","locations":[{"start":{"line":310,"column":24},"end":{"line":310,"column":58}},{"start":{"line":311,"column":24},"end":{"line":311,"column":56}}],"line":309},"25":{"loc":{"start":{"line":316,"column":19},"end":{"line":340,"column":19}},"type":"cond-expr","locations":[{"start":{"line":317,"column":20},"end":{"line":331,"column":26}},{"start":{"line":333,"column":20},"end":{"line":339,"column":29}}],"line":316},"26":{"loc":{"start":{"line":329,"column":25},"end":{"line":329,"column":65}},"type":"cond-expr","locations":[{"start":{"line":329,"column":49},"end":{"line":329,"column":54}},{"start":{"line":329,"column":57},"end":{"line":329,"column":65}}],"line":329},"27":{"loc":{"start":{"line":338,"column":23},"end":{"line":338,"column":61}},"type":"cond-expr","locations":[{"start":{"line":338,"column":38},"end":{"line":338,"column":43}},{"start":{"line":338,"column":46},"end":{"line":338,"column":61}}],"line":338},"28":{"loc":{"start":{"line":349,"column":7},"end":{"line":450,"column":7}},"type":"binary-expr","locations":[{"start":{"line":349,"column":7},"end":{"line":349,"column":16}},{"start":{"line":350,"column":8},"end":{"line":449,"column":14}}],"line":349},"29":{"loc":{"start":{"line":354,"column":15},"end":{"line":354,"column":56}},"type":"cond-expr","locations":[{"start":{"line":354,"column":27},"end":{"line":354,"column":38}},{"start":{"line":354,"column":41},"end":{"line":354,"column":56}}],"line":354},"30":{"loc":{"start":{"line":445,"column":17},"end":{"line":445,"column":82}},"type":"cond-expr","locations":[{"start":{"line":445,"column":26},"end":{"line":445,"column":37}},{"start":{"line":445,"column":40},"end":{"line":445,"column":82}}],"line":445},"31":{"loc":{"start":{"line":445,"column":40},"end":{"line":445,"column":82}},"type":"cond-expr","locations":[{"start":{"line":445,"column":52},"end":{"line":445,"column":65}},{"start":{"line":445,"column":68},"end":{"line":445,"column":82}}],"line":445},"32":{"loc":{"start":{"line":453,"column":7},"end":{"line":481,"column":7}},"type":"binary-expr","locations":[{"start":{"line":453,"column":7},"end":{"line":453,"column":22}},{"start":{"line":454,"column":8},"end":{"line":480,"column":14}}],"line":453},"33":{"loc":{"start":{"line":484,"column":7},"end":{"line":601,"column":7}},"type":"binary-expr","locations":[{"start":{"line":484,"column":7},"end":{"line":484,"column":17}},{"start":{"line":485,"column":8},"end":{"line":600,"column":14}}],"line":484},"34":{"loc":{"start":{"line":522,"column":54},"end":{"line":522,"column":90}},"type":"binary-expr","locations":[{"start":{"line":522,"column":54},"end":{"line":522,"column":83}},{"start":{"line":522,"column":87},"end":{"line":522,"column":90}}],"line":522},"35":{"loc":{"start":{"line":527,"column":18},"end":{"line":529,"column":25}},"type":"cond-expr","locations":[{"start":{"line":528,"column":22},"end":{"line":528,"column":98}},{"start":{"line":529,"column":22},"end":{"line":529,"column":25}}],"line":527},"36":{"loc":{"start":{"line":528,"column":61},"end":{"line":528,"column":96}},"type":"binary-expr","locations":[{"start":{"line":528,"column":61},"end":{"line":528,"column":90}},{"start":{"line":528,"column":94},"end":{"line":528,"column":96}}],"line":528},"37":{"loc":{"start":{"line":536,"column":18},"end":{"line":542,"column":25}},"type":"cond-expr","locations":[{"start":{"line":537,"column":22},"end":{"line":541,"column":24}},{"start":{"line":542,"column":22},"end":{"line":542,"column":25}}],"line":536},"38":{"loc":{"start":{"line":559,"column":18},"end":{"line":561,"column":41}},"type":"cond-expr","locations":[{"start":{"line":560,"column":22},"end":{"line":560,"column":70}},{"start":{"line":561,"column":22},"end":{"line":561,"column":41}}],"line":559},"39":{"loc":{"start":{"line":567,"column":23},"end":{"line":567,"column":76}},"type":"binary-expr","locations":[{"start":{"line":567,"column":23},"end":{"line":567,"column":53}},{"start":{"line":567,"column":57},"end":{"line":567,"column":76}}],"line":567},"40":{"loc":{"start":{"line":578,"column":18},"end":{"line":580,"column":25}},"type":"cond-expr","locations":[{"start":{"line":579,"column":22},"end":{"line":579,"column":80}},{"start":{"line":580,"column":22},"end":{"line":580,"column":25}}],"line":578},"41":{"loc":{"start":{"line":583,"column":15},"end":{"line":589,"column":15}},"type":"binary-expr","locations":[{"start":{"line":583,"column":15},"end":{"line":583,"column":45}},{"start":{"line":584,"column":16},"end":{"line":588,"column":18}}],"line":583},"42":{"loc":{"start":{"line":614,"column":58},"end":{"line":614,"column":70}},"type":"binary-expr","locations":[{"start":{"line":614,"column":58},"end":{"line":614,"column":63}},{"start":{"line":614,"column":67},"end":{"line":614,"column":70}}],"line":614}},"s":{"0":1,"1":1,"2":89,"3":89,"4":89,"5":89,"6":89,"7":89,"8":89,"9":89,"10":89,"11":89,"12":89,"13":25,"14":89,"15":28,"16":28,"17":28,"18":27,"19":1,"20":28,"21":89,"22":7,"23":7,"24":7,"25":89,"26":3,"27":3,"28":3,"29":89,"30":7,"31":1,"32":1,"33":6,"34":1,"35":1,"36":5,"37":1,"38":1,"39":4,"40":4,"41":4,"42":2,"43":1,"44":2,"45":1,"46":2,"47":2,"48":2,"49":4,"50":89,"51":4,"52":89,"53":2,"54":2,"55":2,"56":2,"57":1,"58":1,"59":1,"60":2,"61":89,"62":0,"63":0,"64":0,"65":0,"66":0,"67":0,"68":89,"69":89,"70":123,"71":89,"72":123,"73":89,"74":123,"75":89,"76":25,"77":64,"78":123,"79":3,"80":4,"81":0,"82":123,"83":0,"84":0,"85":0,"86":5,"87":4,"88":2,"89":0,"90":0,"91":1,"92":1,"93":0,"94":0,"95":0,"96":256},"f":{"0":89,"1":25,"2":28,"3":7,"4":3,"5":7,"6":4,"7":2,"8":0,"9":123,"10":123,"11":123,"12":123,"13":3,"14":4,"15":0,"16":123,"17":0,"18":0,"19":0,"20":5,"21":4,"22":2,"23":0,"24":0,"25":1,"26":1,"27":0,"28":0,"29":0,"30":256},"b":{"0":[3,0],"1":[3,0],"2":[1,6],"3":[7,6],"4":[1,5],"5":[1,4],"6":[5,4],"7":[2,2],"8":[2,0],"9":[1,0],"10":[0,0],"11":[25,64],"12":[2,62],"13":[62,61],"14":[123,123],"15":[123,0],"16":[61,62],"17":[1,61],"18":[61,62],"19":[2,59],"20":[0,62],"21":[123,123],"22":[123,0],"23":[61,62],"24":[1,61],"25":[61,62],"26":[2,59],"27":[0,62],"28":[64,27],"29":[7,20],"30":[4,23],"31":[5,18],"32":[64,4],"33":[64,0],"34":[0,0],"35":[0,0],"36":[0,0],"37":[0,0],"38":[0,0],"39":[0,0],"40":[0,0],"41":[0,0],"42":[0,0]},"_coverageSchema":"1a1c01bbd47fc00a2c39e90264f33305004495a9","hash":"a1827a734c21d9317439418c14578b19f9046601"}
,"C:\\Users\\tharu\\Documents\\GitHub\\LearnBridge\\apps\\web\\src\\services\\donorServices.jsx": {"path":"C:\\Users\\tharu\\Documents\\GitHub\\LearnBridge\\apps\\web\\src\\services\\donorServices.jsx","statementMap":{"0":{"start":{"line":5,"column":27},"end":{"line":6,"column":40}},"1":{"start":{"line":6,"column":2},"end":{"line":6,"column":40}},"2":{"start":{"line":8,"column":30},"end":{"line":9,"column":32}},"3":{"start":{"line":9,"column":2},"end":{"line":9,"column":32}},"4":{"start":{"line":11,"column":30},"end":{"line":12,"column":22}},"5":{"start":{"line":12,"column":2},"end":{"line":12,"column":22}},"6":{"start":{"line":14,"column":29},"end":{"line":15,"column":34}},"7":{"start":{"line":15,"column":2},"end":{"line":15,"column":34}},"8":{"start":{"line":17,"column":31},"end":{"line":18,"column":26}},"9":{"start":{"line":18,"column":2},"end":{"line":18,"column":26}},"10":{"start":{"line":20,"column":31},"end":{"line":21,"column":27}},"11":{"start":{"line":21,"column":2},"end":{"line":21,"column":27}},"12":{"start":{"line":23,"column":34},"end":{"line":24,"column":33}},"13":{"start":{"line":24,"column":2},"end":{"line":24,"column":33}},"14":{"start":{"line":26,"column":30},"end":{"line":27,"column":49}},"15":{"start":{"line":27,"column":2},"end":{"line":27,"column":49}},"16":{"start":{"line":29,"column":26},"end":{"line":30,"column":39}},"17":{"start":{"line":30,"column":2},"end":{"line":30,"column":39}},"18":{"start":{"line":32,"column":32},"end":{"line":33,"column":42}},"19":{"start":{"line":33,"column":2},"end":{"line":33,"column":42}},"20":{"start":{"line":35,"column":26},"end":{"line":36,"column":45}},"21":{"start":{"line":36,"column":2},"end":{"line":36,"column":45}},"22":{"start":{"line":38,"column":31},"end":{"line":39,"column":48}},"23":{"start":{"line":39,"column":2},"end":{"line":39,"column":48}},"24":{"start":{"line":41,"column":26},"end":{"line":42,"column":42}},"25":{"start":{"line":42,"column":2},"end":{"line":42,"column":42}},"26":{"start":{"line":44,"column":31},"end":{"line":45,"column":42}},"27":{"start":{"line":45,"column":2},"end":{"line":45,"column":42}},"28":{"start":{"line":47,"column":30},"end":{"line":48,"column":37}},"29":{"start":{"line":48,"column":2},"end":{"line":48,"column":37}},"30":{"start":{"line":50,"column":35},"end":{"line":51,"column":33}},"31":{"start":{"line":51,"column":2},"end":{"line":51,"column":33}}},"fnMap":{"0":{"name":"(anonymous_0)","decl":{"start":{"line":5,"column":27},"end":{"line":5,"column":28}},"loc":{"start":{"line":6,"column":2},"end":{"line":6,"column":40}},"line":6},"1":{"name":"(anonymous_1)","decl":{"start":{"line":8,"column":30},"end":{"line":8,"column":31}},"loc":{"start":{"line":9,"column":2},"end":{"line":9,"column":32}},"line":9},"2":{"name":"(anonymous_2)","decl":{"start":{"line":11,"column":30},"end":{"line":11,"column":31}},"loc":{"start":{"line":12,"column":2},"end":{"line":12,"column":22}},"line":12},"3":{"name":"(anonymous_3)","decl":{"start":{"line":14,"column":29},"end":{"line":14,"column":30}},"loc":{"start":{"line":15,"column":2},"end":{"line":15,"column":34}},"line":15},"4":{"name":"(anonymous_4)","decl":{"start":{"line":17,"column":31},"end":{"line":17,"column":32}},"loc":{"start":{"line":18,"column":2},"end":{"line":18,"column":26}},"line":18},"5":{"name":"(anonymous_5)","decl":{"start":{"line":20,"column":31},"end":{"line":20,"column":32}},"loc":{"start":{"line":21,"column":2},"end":{"line":21,"column":27}},"line":21},"6":{"name":"(anonymous_6)","decl":{"start":{"line":23,"column":34},"end":{"line":23,"column":35}},"loc":{"start":{"line":24,"column":2},"end":{"line":24,"column":33}},"line":24},"7":{"name":"(anonymous_7)","decl":{"start":{"line":26,"column":30},"end":{"line":26,"column":31}},"loc":{"start":{"line":27,"column":2},"end":{"line":27,"column":49}},"line":27},"8":{"name":"(anonymous_8)","decl":{"start":{"line":29,"column":26},"end":{"line":29,"column":27}},"loc":{"start":{"line":30,"column":2},"end":{"line":30,"column":39}},"line":30},"9":{"name":"(anonymous_9)","decl":{"start":{"line":32,"column":32},"end":{"line":32,"column":33}},"loc":{"start":{"line":33,"column":2},"end":{"line":33,"column":42}},"line":33},"10":{"name":"(anonymous_10)","decl":{"start":{"line":35,"column":26},"end":{"line":35,"column":27}},"loc":{"start":{"line":36,"column":2},"end":{"line":36,"column":45}},"line":36},"11":{"name":"(anonymous_11)","decl":{"start":{"line":38,"column":31},"end":{"line":38,"column":32}},"loc":{"start":{"line":39,"column":2},"end":{"line":39,"column":48}},"line":39},"12":{"name":"(anonymous_12)","decl":{"start":{"line":41,"column":26},"end":{"line":41,"column":27}},"loc":{"start":{"line":42,"column":2},"end":{"line":42,"column":42}},"line":42},"13":{"name":"(anonymous_13)","decl":{"start":{"line":44,"column":31},"end":{"line":44,"column":32}},"loc":{"start":{"line":45,"column":2},"end":{"line":45,"column":42}},"line":45},"14":{"name":"(anonymous_14)","decl":{"start":{"line":47,"column":30},"end":{"line":47,"column":31}},"loc":{"start":{"line":48,"column":2},"end":{"line":48,"column":37}},"line":48},"15":{"name":"(anonymous_15)","decl":{"start":{"line":50,"column":35},"end":{"line":50,"column":36}},"loc":{"start":{"line":51,"column":2},"end":{"line":51,"column":33}},"line":51}},"branchMap":{"0":{"loc":{"start":{"line":5,"column":28},"end":{"line":5,"column":40}},"type":"default-arg","locations":[{"start":{"line":5,"column":38},"end":{"line":5,"column":40}}],"line":5}},"s":{"0":2,"1":0,"2":2,"3":0,"4":2,"5":0,"6":2,"7":0,"8":2,"9":0,"10":2,"11":0,"12":2,"13":0,"14":2,"15":0,"16":2,"17":0,"18":2,"19":0,"20":2,"21":0,"22":2,"23":0,"24":2,"25":0,"26":2,"27":0,"28":2,"29":0,"30":2,"31":0},"f":{"0":0,"1":0,"2":0,"3":0,"4":0,"5":0,"6":0,"7":0,"8":0,"9":0,"10":0,"11":0,"12":0,"13":0,"14":0,"15":0},"b":{"0":[0]},"_coverageSchema":"1a1c01bbd47fc00a2c39e90264f33305004495a9","hash":"0c0d2e36b73270d2dba68c1aae6d5b82df0106ec"}
}
