TN:
SF:src\api\Axios.jsx
FN:3,(anonymous_0)
FN:15,(anonymous_1)
FN:26,(anonymous_2)
FN:32,(anonymous_3)
FN:36,(anonymous_4)
FN:37,(anonymous_5)
FNF:6
FNH:1
FNDA:2,(anonymous_0)
FNDA:0,(anonymous_1)
FNDA:0,(anonymous_2)
FNDA:0,(anonymous_3)
FNDA:0,(anonymous_4)
FNDA:0,(anonymous_5)
DA:3,2
DA:4,2
DA:5,2
DA:7,2
DA:11,2
DA:13,2
DA:15,2
DA:16,0
DA:19,2
DA:25,2
DA:27,0
DA:28,0
DA:30,0
DA:32,0
DA:35,2
DA:36,0
DA:38,0
DA:40,0
DA:41,0
DA:44,0
DA:45,0
DA:46,0
DA:47,0
DA:48,0
DA:50,0
DA:51,0
DA:52,0
DA:54,0
DA:55,0
DA:58,0
LF:30
LH:10
BRDA:11,0,0,2
BRDA:11,0,1,2
BRDA:11,0,2,2
BRDA:27,1,0,0
BRDA:27,1,1,0
BRDA:40,2,0,0
BRDA:40,2,1,0
BRDA:40,3,0,0
BRDA:40,3,1,0
BRDA:44,4,0,0
BRDA:44,4,1,0
BRDA:44,5,0,0
BRDA:44,5,1,0
BRF:13
BRH:3
end_of_record
TN:
SF:src\pages\Donor\BrowseNeeds.jsx
FN:14,BrowseNeeds
FN:28,(anonymous_1)
FN:32,(anonymous_2)
FN:45,(anonymous_3)
FN:48,(anonymous_4)
FN:53,(anonymous_5)
FN:56,(anonymous_6)
FN:63,(anonymous_7)
FN:77,(anonymous_8)
FN:90,(anonymous_9)
FN:105,(anonymous_10)
FN:110,(anonymous_11)
FN:149,(anonymous_12)
FN:155,(anonymous_13)
FN:166,(anonymous_14)
FN:176,(anonymous_15)
FN:194,(anonymous_16)
FN:210,(anonymous_17)
FN:210,(anonymous_18)
FN:213,(anonymous_19)
FN:230,NeedCard
FN:290,(anonymous_21)
FN:300,(anonymous_22)
FNF:23
FNH:17
FNDA:75,BrowseNeeds
FNDA:19,(anonymous_1)
FNDA:20,(anonymous_2)
FNDA:42,(anonymous_3)
FNDA:4,(anonymous_4)
FNDA:2,(anonymous_5)
FNDA:2,(anonymous_6)
FNDA:2,(anonymous_7)
FNDA:2,(anonymous_8)
FNDA:0,(anonymous_9)
FNDA:0,(anonymous_10)
FNDA:0,(anonymous_11)
FNDA:2,(anonymous_12)
FNDA:1,(anonymous_13)
FNDA:1,(anonymous_14)
FNDA:1,(anonymous_15)
FNDA:65,(anonymous_16)
FNDA:0,(anonymous_17)
FNDA:0,(anonymous_18)
FNDA:0,(anonymous_19)
FNDA:65,NeedCard
FNDA:2,(anonymous_21)
FNDA:2,(anonymous_22)
DA:6,1
DA:8,1
DA:15,75
DA:16,75
DA:17,75
DA:18,75
DA:19,75
DA:20,75
DA:22,75
DA:28,75
DA:29,19
DA:32,75
DA:33,20
DA:34,20
DA:35,20
DA:36,19
DA:37,19
DA:39,1
DA:41,20
DA:45,75
DA:46,42
DA:47,42
DA:48,2
DA:49,4
DA:52,42
DA:53,2
DA:55,42
DA:56,2
DA:58,42
DA:59,42
DA:63,75
DA:64,2
DA:65,2
DA:66,2
DA:67,1
DA:68,1
DA:70,1
DA:72,2
DA:77,75
DA:78,2
DA:79,2
DA:81,2
DA:82,0
DA:83,0
DA:86,2
DA:87,1
DA:90,1
DA:91,0
DA:92,0
DA:93,0
DA:97,0
DA:98,0
DA:100,0
DA:101,0
DA:105,1
DA:106,0
DA:107,0
DA:110,1
DA:111,0
DA:114,1
DA:116,1
DA:118,2
DA:121,75
DA:122,75
DA:127,75
DA:128,38
DA:135,37
DA:149,2
DA:155,1
DA:166,1
DA:176,1
DA:195,65
DA:210,0
DA:211,0
DA:213,0
DA:231,65
DA:233,65
DA:239,65
DA:241,65
DA:290,2
DA:300,2
LF:81
LH:66
BRDA:47,0,0,2
BRDA:47,0,1,40
BRDA:52,1,0,1
BRDA:52,1,1,41
BRDA:55,2,0,1
BRDA:55,2,1,41
BRDA:70,3,0,1
BRDA:70,3,1,0
BRDA:81,4,0,0
BRDA:81,4,1,2
BRDA:116,5,0,1
BRDA:116,5,1,0
BRDA:127,6,0,38
BRDA:127,6,1,37
BRDA:188,7,0,2
BRDA:188,7,1,35
BRDA:208,8,0,37
BRDA:208,8,1,0
BRDA:215,9,0,0
BRDA:215,9,1,0
BRDA:249,10,0,65
BRDA:249,10,1,65
BRDA:259,11,0,65
BRDA:259,11,1,0
BRDA:267,12,0,65
BRDA:267,12,1,34
BRDA:272,13,0,65
BRDA:272,13,1,31
BRDA:285,14,0,34
BRDA:285,14,1,31
BRDA:291,15,0,34
BRDA:291,15,1,32
BRDA:294,16,0,2
BRDA:294,16,1,32
BRDA:298,17,0,34
BRDA:298,17,1,34
BRDA:301,18,0,34
BRDA:301,18,1,32
BRDA:304,19,0,2
BRDA:304,19,1,32
BRF:40
BRH:33
end_of_record
TN:
SF:src\pages\SchoolAdmin\NeedsRegistry.jsx
FN:25,NeedsRegistry
FN:35,(anonymous_1)
FN:39,(anonymous_2)
FN:51,(anonymous_3)
FN:57,(anonymous_4)
FN:69,(anonymous_5)
FN:107,(anonymous_6)
FN:111,(anonymous_7)
FN:126,(anonymous_8)
FN:127,(anonymous_9)
FN:128,(anonymous_10)
FN:187,(anonymous_11)
FN:230,(anonymous_12)
FN:236,(anonymous_13)
FN:256,(anonymous_14)
FN:297,(anonymous_15)
FN:303,(anonymous_16)
FN:336,(anonymous_17)
FN:351,(anonymous_18)
FN:369,(anonymous_19)
FN:384,(anonymous_20)
FN:396,(anonymous_21)
FN:407,(anonymous_22)
FN:442,(anonymous_23)
FN:464,StatCard
FNF:25
FNH:21
FNDA:67,NeedsRegistry
FNDA:19,(anonymous_1)
FNDA:22,(anonymous_2)
FNDA:6,(anonymous_3)
FNDA:2,(anonymous_4)
FNDA:5,(anonymous_5)
FNDA:4,(anonymous_6)
FNDA:2,(anonymous_7)
FNDA:92,(anonymous_8)
FNDA:92,(anonymous_9)
FNDA:92,(anonymous_10)
FNDA:92,(anonymous_11)
FNDA:2,(anonymous_12)
FNDA:4,(anonymous_13)
FNDA:92,(anonymous_14)
FNDA:0,(anonymous_15)
FNDA:0,(anonymous_16)
FNDA:4,(anonymous_17)
FNDA:3,(anonymous_18)
FNDA:1,(anonymous_19)
FNDA:0,(anonymous_20)
FNDA:0,(anonymous_21)
FNDA:1,(anonymous_22)
FNDA:1,(anonymous_23)
FNDA:192,StatCard
DA:11,1
DA:17,1
DA:26,67
DA:27,67
DA:28,67
DA:29,67
DA:30,67
DA:31,67
DA:32,67
DA:33,67
DA:35,67
DA:36,19
DA:39,67
DA:40,22
DA:41,22
DA:42,22
DA:43,20
DA:45,1
DA:47,21
DA:51,67
DA:52,6
DA:53,6
DA:54,6
DA:57,67
DA:58,2
DA:65,2
DA:66,2
DA:69,67
DA:70,5
DA:71,1
DA:72,1
DA:74,4
DA:75,1
DA:76,1
DA:78,3
DA:79,1
DA:80,1
DA:82,2
DA:83,2
DA:84,2
DA:85,1
DA:92,1
DA:94,1
DA:95,1
DA:97,2
DA:98,2
DA:100,0
DA:102,2
DA:107,67
DA:108,4
DA:111,67
DA:112,2
DA:113,2
DA:114,2
DA:115,2
DA:116,1
DA:117,1
DA:119,1
DA:121,2
DA:125,67
DA:126,92
DA:127,92
DA:128,92
DA:130,67
DA:131,19
DA:138,48
DA:188,92
DA:230,2
DA:236,4
DA:257,92
DA:297,0
DA:303,0
DA:336,4
DA:351,3
DA:369,1
DA:384,0
DA:396,0
DA:407,1
DA:442,1
DA:465,192
LF:80
LH:75
BRDA:61,0,0,2
BRDA:61,0,1,0
BRDA:62,1,0,2
BRDA:62,1,1,0
BRDA:70,2,0,1
BRDA:70,2,1,4
BRDA:70,3,0,5
BRDA:70,3,1,4
BRDA:74,4,0,1
BRDA:74,4,1,3
BRDA:78,5,0,1
BRDA:78,5,1,2
BRDA:78,6,0,3
BRDA:78,6,1,2
BRDA:84,7,0,1
BRDA:84,7,1,1
BRDA:100,8,0,0
BRDA:100,8,1,0
BRDA:119,9,0,1
BRDA:119,9,1,0
BRDA:130,10,0,19
BRDA:130,10,1,48
BRDA:166,11,0,2
BRDA:166,11,1,46
BRDA:191,12,0,46
BRDA:191,12,1,46
BRDA:196,13,0,92
BRDA:196,13,1,92
BRDA:204,14,0,92
BRDA:204,14,1,0
BRDA:213,15,0,46
BRDA:213,15,1,46
BRDA:215,16,0,0
BRDA:215,16,1,46
BRDA:227,17,0,46
BRDA:227,17,1,46
BRDA:240,18,0,2
BRDA:240,18,1,44
BRDA:264,19,0,92
BRDA:264,19,1,92
BRDA:278,20,0,92
BRDA:278,20,1,0
BRDA:285,21,0,46
BRDA:285,21,1,46
BRDA:287,22,0,0
BRDA:287,22,1,46
BRDA:294,23,0,46
BRDA:294,23,1,46
BRDA:307,24,0,2
BRDA:307,24,1,44
BRDA:321,25,0,48
BRDA:321,25,1,18
BRDA:326,26,0,4
BRDA:326,26,1,14
BRDA:417,27,0,2
BRDA:417,27,1,16
BRDA:417,28,0,3
BRDA:417,28,1,13
BRDA:426,29,0,48
BRDA:426,29,1,4
BRF:60
BRH:51
end_of_record
TN:
SF:src\services\donorServices.jsx
FN:5,(anonymous_0)
FN:8,(anonymous_1)
FN:11,(anonymous_2)
FN:14,(anonymous_3)
FN:17,(anonymous_4)
FN:20,(anonymous_5)
FN:23,(anonymous_6)
FN:26,(anonymous_7)
FN:29,(anonymous_8)
FN:32,(anonymous_9)
FN:35,(anonymous_10)
FN:38,(anonymous_11)
FN:41,(anonymous_12)
FN:44,(anonymous_13)
FN:47,(anonymous_14)
FNF:15
FNH:0
FNDA:0,(anonymous_0)
FNDA:0,(anonymous_1)
FNDA:0,(anonymous_2)
FNDA:0,(anonymous_3)
FNDA:0,(anonymous_4)
FNDA:0,(anonymous_5)
FNDA:0,(anonymous_6)
FNDA:0,(anonymous_7)
FNDA:0,(anonymous_8)
FNDA:0,(anonymous_9)
FNDA:0,(anonymous_10)
FNDA:0,(anonymous_11)
FNDA:0,(anonymous_12)
FNDA:0,(anonymous_13)
FNDA:0,(anonymous_14)
DA:5,2
DA:6,0
DA:8,2
DA:9,0
DA:11,2
DA:12,0
DA:14,2
DA:15,0
DA:17,2
DA:18,0
DA:20,2
DA:21,0
DA:23,2
DA:24,0
DA:26,2
DA:27,0
DA:29,2
DA:30,0
DA:32,2
DA:33,0
DA:35,2
DA:36,0
DA:38,2
DA:39,0
DA:41,2
DA:42,0
DA:44,2
DA:45,0
DA:47,2
DA:48,0
LF:30
LH:15
BRDA:5,0,0,0
BRF:1
BRH:0
end_of_record
