TN:
SF:src\api\Axios.jsx
FN:7,(anonymous_0)
FN:18,(anonymous_1)
FN:24,(anonymous_2)
FN:28,(anonymous_3)
FN:29,(anonymous_4)
FNF:5
FNH:0
FNDA:0,(anonymous_0)
FNDA:0,(anonymous_1)
FNDA:0,(anonymous_2)
FNDA:0,(anonymous_3)
FNDA:0,(anonymous_4)
DA:3,2
DA:5,2
DA:7,2
DA:8,0
DA:11,2
DA:17,2
DA:19,0
DA:20,0
DA:22,0
DA:24,0
DA:27,2
DA:28,0
DA:30,0
DA:32,0
DA:33,0
DA:36,0
DA:37,0
DA:38,0
DA:39,0
DA:40,0
DA:42,0
DA:43,0
DA:44,0
DA:46,0
DA:47,0
DA:50,0
LF:26
LH:6
BRDA:3,0,0,2
BRDA:3,0,1,2
BRDA:19,1,0,0
BRDA:19,1,1,0
BRDA:32,2,0,0
BRDA:32,2,1,0
BRDA:32,3,0,0
BRDA:32,3,1,0
BRDA:36,4,0,0
BRDA:36,4,1,0
BRDA:36,5,0,0
BRDA:36,5,1,0
BRF:12
BRH:2
end_of_record
TN:
SF:src\pages\Donor\BrowseNeeds.jsx
FN:14,BrowseNeeds
FN:28,(anonymous_1)
FN:32,(anonymous_2)
FN:45,(anonymous_3)
FN:48,(anonymous_4)
FN:53,(anonymous_5)
FN:56,(anonymous_6)
FN:63,(anonymous_7)
FN:77,(anonymous_8)
FN:90,(anonymous_9)
FN:105,(anonymous_10)
FN:110,(anonymous_11)
FN:149,(anonymous_12)
FN:155,(anonymous_13)
FN:166,(anonymous_14)
FN:176,(anonymous_15)
FN:194,(anonymous_16)
FN:210,(anonymous_17)
FN:210,(anonymous_18)
FN:213,(anonymous_19)
FN:230,NeedCard
FN:290,(anonymous_21)
FN:300,(anonymous_22)
FNF:23
FNH:17
FNDA:90,BrowseNeeds
FNDA:23,(anonymous_1)
FNDA:24,(anonymous_2)
FNDA:51,(anonymous_3)
FNDA:9,(anonymous_4)
FNDA:3,(anonymous_5)
FNDA:3,(anonymous_6)
FNDA:2,(anonymous_7)
FNDA:3,(anonymous_8)
FNDA:0,(anonymous_9)
FNDA:0,(anonymous_10)
FNDA:0,(anonymous_11)
FNDA:3,(anonymous_12)
FNDA:1,(anonymous_13)
FNDA:1,(anonymous_14)
FNDA:1,(anonymous_15)
FNDA:113,(anonymous_16)
FNDA:0,(anonymous_17)
FNDA:0,(anonymous_18)
FNDA:0,(anonymous_19)
FNDA:113,NeedCard
FNDA:2,(anonymous_21)
FNDA:3,(anonymous_22)
DA:6,1
DA:8,1
DA:15,90
DA:16,90
DA:17,90
DA:18,90
DA:19,90
DA:20,90
DA:22,90
DA:28,90
DA:29,23
DA:32,90
DA:33,24
DA:34,24
DA:35,24
DA:36,23
DA:37,23
DA:39,1
DA:41,24
DA:45,90
DA:46,51
DA:47,51
DA:48,3
DA:49,9
DA:52,51
DA:53,3
DA:55,51
DA:56,3
DA:58,51
DA:59,51
DA:63,90
DA:64,2
DA:65,2
DA:66,2
DA:67,1
DA:68,1
DA:70,1
DA:72,2
DA:77,90
DA:78,3
DA:79,3
DA:81,3
DA:82,1
DA:83,1
DA:86,2
DA:87,1
DA:90,1
DA:91,0
DA:92,0
DA:93,0
DA:97,0
DA:98,0
DA:100,0
DA:101,0
DA:105,1
DA:106,0
DA:107,0
DA:110,1
DA:111,0
DA:114,1
DA:116,1
DA:118,3
DA:121,90
DA:122,90
DA:127,90
DA:128,46
DA:135,44
DA:149,3
DA:155,1
DA:166,1
DA:176,1
DA:195,113
DA:210,0
DA:211,0
DA:213,0
DA:231,113
DA:233,113
DA:239,113
DA:241,113
DA:290,2
DA:300,3
LF:81
LH:68
BRDA:47,0,0,3
BRDA:47,0,1,48
BRDA:52,1,0,1
BRDA:52,1,1,50
BRDA:55,2,0,1
BRDA:55,2,1,50
BRDA:70,3,0,1
BRDA:70,3,1,0
BRDA:81,4,0,1
BRDA:81,4,1,2
BRDA:116,5,0,1
BRDA:116,5,1,0
BRDA:127,6,0,46
BRDA:127,6,1,44
BRDA:188,7,0,3
BRDA:188,7,1,41
BRDA:208,8,0,44
BRDA:208,8,1,0
BRDA:215,9,0,0
BRDA:215,9,1,0
BRDA:249,10,0,113
BRDA:249,10,1,113
BRDA:259,11,0,113
BRDA:259,11,1,0
BRDA:267,12,0,113
BRDA:267,12,1,77
BRDA:272,13,0,113
BRDA:272,13,1,72
BRDA:285,14,0,41
BRDA:285,14,1,72
BRDA:291,15,0,41
BRDA:291,15,1,39
BRDA:294,16,0,2
BRDA:294,16,1,39
BRDA:298,17,0,41
BRDA:298,17,1,41
BRDA:301,18,0,41
BRDA:301,18,1,39
BRDA:304,19,0,2
BRDA:304,19,1,39
BRF:40
BRH:34
end_of_record
TN:
SF:src\pages\SchoolAdmin\NeedsRegistry.jsx
FN:26,NeedsRegistry
FN:38,(anonymous_1)
FN:42,(anonymous_2)
FN:54,(anonymous_3)
FN:60,(anonymous_4)
FN:72,(anonymous_5)
FN:109,(anonymous_6)
FN:113,(anonymous_7)
FN:128,(anonymous_8)
FN:141,(anonymous_9)
FN:142,(anonymous_10)
FN:143,(anonymous_11)
FN:202,(anonymous_12)
FN:245,(anonymous_13)
FN:251,(anonymous_14)
FN:261,(anonymous_15)
FN:278,(anonymous_16)
FN:319,(anonymous_17)
FN:325,(anonymous_18)
FN:334,(anonymous_19)
FN:364,(anonymous_20)
FN:379,(anonymous_21)
FN:397,(anonymous_22)
FN:412,(anonymous_23)
FN:424,(anonymous_24)
FN:435,(anonymous_25)
FN:467,(anonymous_26)
FN:492,(anonymous_27)
FN:594,(anonymous_28)
FN:608,InfoRow
FN:621,StatCard
FNF:31
FNH:21
FNDA:89,NeedsRegistry
FNDA:25,(anonymous_1)
FNDA:28,(anonymous_2)
FNDA:7,(anonymous_3)
FNDA:3,(anonymous_4)
FNDA:7,(anonymous_5)
FNDA:4,(anonymous_6)
FNDA:2,(anonymous_7)
FNDA:0,(anonymous_8)
FNDA:123,(anonymous_9)
FNDA:123,(anonymous_10)
FNDA:123,(anonymous_11)
FNDA:123,(anonymous_12)
FNDA:3,(anonymous_13)
FNDA:4,(anonymous_14)
FNDA:0,(anonymous_15)
FNDA:123,(anonymous_16)
FNDA:0,(anonymous_17)
FNDA:0,(anonymous_18)
FNDA:0,(anonymous_19)
FNDA:5,(anonymous_20)
FNDA:4,(anonymous_21)
FNDA:2,(anonymous_22)
FNDA:0,(anonymous_23)
FNDA:0,(anonymous_24)
FNDA:1,(anonymous_25)
FNDA:1,(anonymous_26)
FNDA:0,(anonymous_27)
FNDA:0,(anonymous_28)
FNDA:0,InfoRow
FNDA:256,StatCard
DA:12,1
DA:18,1
DA:27,89
DA:28,89
DA:29,89
DA:30,89
DA:31,89
DA:32,89
DA:33,89
DA:34,89
DA:35,89
DA:36,89
DA:38,89
DA:39,25
DA:42,89
DA:43,28
DA:44,28
DA:45,28
DA:46,27
DA:48,1
DA:50,28
DA:54,89
DA:55,7
DA:56,7
DA:57,7
DA:60,89
DA:61,3
DA:68,3
DA:69,3
DA:72,89
DA:73,7
DA:74,1
DA:75,1
DA:77,6
DA:78,1
DA:79,1
DA:81,5
DA:82,1
DA:83,1
DA:85,4
DA:86,4
DA:87,4
DA:88,2
DA:95,1
DA:97,2
DA:98,1
DA:100,2
DA:101,2
DA:103,2
DA:105,4
DA:109,89
DA:110,4
DA:113,89
DA:114,2
DA:115,2
DA:116,2
DA:117,2
DA:118,1
DA:119,1
DA:121,1
DA:123,2
DA:128,89
DA:129,0
DA:130,0
DA:131,0
DA:132,0
DA:134,0
DA:136,0
DA:140,89
DA:141,123
DA:142,123
DA:143,123
DA:145,89
DA:146,25
DA:153,64
DA:203,123
DA:245,3
DA:251,4
DA:261,0
DA:279,123
DA:319,0
DA:325,0
DA:334,0
DA:364,5
DA:379,4
DA:397,2
DA:412,0
DA:424,0
DA:435,1
DA:467,1
DA:492,0
DA:594,0
DA:609,0
DA:622,256
LF:94
LH:79
BRDA:64,0,0,3
BRDA:64,0,1,0
BRDA:65,1,0,3
BRDA:65,1,1,0
BRDA:73,2,0,1
BRDA:73,2,1,6
BRDA:73,3,0,7
BRDA:73,3,1,6
BRDA:77,4,0,1
BRDA:77,4,1,5
BRDA:81,5,0,1
BRDA:81,5,1,4
BRDA:81,6,0,5
BRDA:81,6,1,4
BRDA:87,7,0,2
BRDA:87,7,1,2
BRDA:103,8,0,2
BRDA:103,8,1,0
BRDA:121,9,0,1
BRDA:121,9,1,0
BRDA:134,10,0,0
BRDA:134,10,1,0
BRDA:145,11,0,25
BRDA:145,11,1,64
BRDA:181,12,0,2
BRDA:181,12,1,62
BRDA:206,13,0,62
BRDA:206,13,1,61
BRDA:211,14,0,123
BRDA:211,14,1,123
BRDA:219,15,0,123
BRDA:219,15,1,0
BRDA:228,16,0,61
BRDA:228,16,1,62
BRDA:230,17,0,1
BRDA:230,17,1,61
BRDA:242,18,0,61
BRDA:242,18,1,62
BRDA:255,19,0,2
BRDA:255,19,1,59
BRDA:265,20,0,0
BRDA:265,20,1,62
BRDA:286,21,0,123
BRDA:286,21,1,123
BRDA:300,22,0,123
BRDA:300,22,1,0
BRDA:307,23,0,61
BRDA:307,23,1,62
BRDA:309,24,0,1
BRDA:309,24,1,61
BRDA:316,25,0,61
BRDA:316,25,1,62
BRDA:329,26,0,2
BRDA:329,26,1,59
BRDA:338,27,0,0
BRDA:338,27,1,62
BRDA:349,28,0,64
BRDA:349,28,1,27
BRDA:354,29,0,7
BRDA:354,29,1,20
BRDA:445,30,0,4
BRDA:445,30,1,23
BRDA:445,31,0,5
BRDA:445,31,1,18
BRDA:453,32,0,64
BRDA:453,32,1,4
BRDA:484,33,0,64
BRDA:484,33,1,0
BRDA:522,34,0,0
BRDA:522,34,1,0
BRDA:527,35,0,0
BRDA:527,35,1,0
BRDA:528,36,0,0
BRDA:528,36,1,0
BRDA:536,37,0,0
BRDA:536,37,1,0
BRDA:559,38,0,0
BRDA:559,38,1,0
BRDA:567,39,0,0
BRDA:567,39,1,0
BRDA:578,40,0,0
BRDA:578,40,1,0
BRDA:583,41,0,0
BRDA:583,41,1,0
BRDA:614,42,0,0
BRDA:614,42,1,0
BRF:86
BRH:57
end_of_record
TN:
SF:src\services\donorServices.jsx
FN:5,(anonymous_0)
FN:8,(anonymous_1)
FN:11,(anonymous_2)
FN:14,(anonymous_3)
FN:17,(anonymous_4)
FN:20,(anonymous_5)
FN:23,(anonymous_6)
FN:26,(anonymous_7)
FN:29,(anonymous_8)
FN:32,(anonymous_9)
FN:35,(anonymous_10)
FN:38,(anonymous_11)
FN:41,(anonymous_12)
FN:44,(anonymous_13)
FN:47,(anonymous_14)
FN:50,(anonymous_15)
FNF:16
FNH:0
FNDA:0,(anonymous_0)
FNDA:0,(anonymous_1)
FNDA:0,(anonymous_2)
FNDA:0,(anonymous_3)
FNDA:0,(anonymous_4)
FNDA:0,(anonymous_5)
FNDA:0,(anonymous_6)
FNDA:0,(anonymous_7)
FNDA:0,(anonymous_8)
FNDA:0,(anonymous_9)
FNDA:0,(anonymous_10)
FNDA:0,(anonymous_11)
FNDA:0,(anonymous_12)
FNDA:0,(anonymous_13)
FNDA:0,(anonymous_14)
FNDA:0,(anonymous_15)
DA:5,2
DA:6,0
DA:8,2
DA:9,0
DA:11,2
DA:12,0
DA:14,2
DA:15,0
DA:17,2
DA:18,0
DA:20,2
DA:21,0
DA:23,2
DA:24,0
DA:26,2
DA:27,0
DA:29,2
DA:30,0
DA:32,2
DA:33,0
DA:35,2
DA:36,0
DA:38,2
DA:39,0
DA:41,2
DA:42,0
DA:44,2
DA:45,0
DA:47,2
DA:48,0
DA:50,2
DA:51,0
LF:32
LH:16
BRDA:5,0,0,0
BRF:1
BRH:0
end_of_record
