<?xml version="1.0" encoding="UTF-8"?>
<coverage generated="1775812744252" clover="3.2.0">
  <project timestamp="1775812744252" name="All files">
    <metrics statements="92" coveredstatements="56" conditionals="32" coveredconditionals="17" methods="12" coveredmethods="7" elements="136" coveredelements="80" complexity="0" loc="92" ncloc="92" packages="2" files="2" classes="2"/>
    <package name="controllers">
      <metrics statements="87" coveredstatements="51" conditionals="32" coveredconditionals="17" methods="12" coveredmethods="7"/>
      <file name="QuizController.js" path="C:\Users\ROG STRIX\Desktop\PROJECTS\LearnBridge\apps\api\controllers\QuizController.js">
        <metrics statements="87" coveredstatements="51" conditionals="32" coveredconditionals="17" methods="12" coveredmethods="7"/>
        <line num="6" count="1" type="stmt"/>
        <line num="7" count="4" type="stmt"/>
        <line num="8" count="4" type="stmt"/>
        <line num="10" count="4" type="stmt"/>
        <line num="18" count="4" type="stmt"/>
        <line num="20" count="2" type="stmt"/>
        <line num="23" count="2" type="stmt"/>
        <line num="28" count="1" type="stmt"/>
        <line num="29" count="3" type="stmt"/>
        <line num="30" count="3" type="stmt"/>
        <line num="32" count="2" type="stmt"/>
        <line num="35" count="1" type="stmt"/>
        <line num="40" count="1" type="stmt"/>
        <line num="41" count="6" type="stmt"/>
        <line num="42" count="6" type="stmt"/>
        <line num="44" count="6" type="cond" truecount="4" falsecount="0"/>
        <line num="45" count="2" type="stmt"/>
        <line num="48" count="4" type="cond" truecount="2" falsecount="0"/>
        <line num="49" count="1" type="stmt"/>
        <line num="52" count="3" type="stmt"/>
        <line num="54" count="2" type="stmt"/>
        <line num="57" count="1" type="stmt"/>
        <line num="62" count="1" type="stmt"/>
        <line num="63" count="5" type="stmt"/>
        <line num="64" count="5" type="stmt"/>
        <line num="66" count="4" type="cond" truecount="4" falsecount="0"/>
        <line num="67" count="2" type="stmt"/>
        <line num="70" count="2" type="cond" truecount="2" falsecount="0"/>
        <line num="71" count="1" type="stmt"/>
        <line num="74" count="1" type="stmt"/>
        <line num="75" count="1" type="stmt"/>
        <line num="77" count="1" type="stmt"/>
        <line num="80" count="1" type="stmt"/>
        <line num="85" count="1" type="stmt"/>
        <line num="86" count="0" type="stmt"/>
        <line num="87" count="0" type="stmt"/>
        <line num="88" count="0" type="cond" truecount="0" falsecount="2"/>
        <line num="89" count="0" type="stmt"/>
        <line num="92" count="0" type="stmt"/>
        <line num="97" count="0" type="stmt"/>
        <line num="103" count="0" type="stmt"/>
        <line num="111" count="0" type="stmt"/>
        <line num="114" count="0" type="stmt"/>
        <line num="119" count="1" type="stmt"/>
        <line num="120" count="0" type="stmt"/>
        <line num="121" count="0" type="stmt"/>
        <line num="122" count="0" type="cond" truecount="0" falsecount="2"/>
        <line num="123" count="0" type="stmt"/>
        <line num="126" count="0" type="stmt"/>
        <line num="132" count="0" type="stmt"/>
        <line num="140" count="0" type="cond" truecount="0" falsecount="2"/>
        <line num="142" count="0" type="stmt"/>
        <line num="145" count="0" type="stmt"/>
        <line num="150" count="1" type="stmt"/>
        <line num="151" count="8" type="stmt"/>
        <line num="152" count="8" type="stmt"/>
        <line num="154" count="8" type="stmt"/>
        <line num="156" count="7" type="cond" truecount="2" falsecount="0"/>
        <line num="158" count="6" type="stmt"/>
        <line num="159" count="6" type="stmt"/>
        <line num="160" count="14" type="cond" truecount="2" falsecount="0"/>
        <line num="163" count="6" type="stmt"/>
        <line num="172" count="6" type="stmt"/>
        <line num="174" count="5" type="stmt"/>
        <line num="178" count="13" type="stmt"/>
        <line num="183" count="2" type="stmt"/>
        <line num="188" count="1" type="stmt"/>
        <line num="189" count="0" type="stmt"/>
        <line num="190" count="0" type="stmt"/>
        <line num="195" count="0" type="stmt"/>
        <line num="198" count="0" type="stmt"/>
        <line num="203" count="1" type="stmt"/>
        <line num="204" count="0" type="stmt"/>
        <line num="205" count="0" type="stmt"/>
        <line num="207" count="0" type="cond" truecount="0" falsecount="4"/>
        <line num="208" count="0" type="stmt"/>
        <line num="211" count="0" type="cond" truecount="0" falsecount="2"/>
        <line num="212" count="0" type="stmt"/>
        <line num="215" count="0" type="stmt"/>
        <line num="222" count="0" type="stmt"/>
        <line num="233" count="0" type="stmt"/>
        <line num="238" count="1" type="stmt"/>
        <line num="239" count="0" type="stmt"/>
        <line num="240" count="0" type="stmt"/>
        <line num="245" count="0" type="stmt"/>
        <line num="253" count="0" type="stmt"/>
        <line num="255" count="0" type="stmt"/>
      </file>
    </package>
    <package name="validators">
      <metrics statements="5" coveredstatements="5" conditionals="0" coveredconditionals="0" methods="0" coveredmethods="0"/>
      <file name="QuizValidator.js" path="C:\Users\ROG STRIX\Desktop\PROJECTS\LearnBridge\apps\api\validators\QuizValidator.js">
        <metrics statements="5" coveredstatements="5" conditionals="0" coveredconditionals="0" methods="0" coveredmethods="0"/>
        <line num="4" count="1" type="stmt"/>
        <line num="18" count="1" type="stmt"/>
        <line num="32" count="1" type="stmt"/>
        <line num="48" count="1" type="stmt"/>
        <line num="57" count="1" type="stmt"/>
      </file>
    </package>
  </project>
</coverage>
