{"C:\\Users\\ROG STRIX\\Desktop\\PROJECTS\\LearnBridge\\apps\\api\\controllers\\QuizController.js": {"path":"C:\\Users\\ROG STRIX\\Desktop\\PROJECTS\\LearnBridge\\apps\\api\\controllers\\QuizController.js","statementMap":{"0":{"start":{"line":6,"column":26},"end":{"line":25,"column":1}},"1":{"start":{"line":7,"column":4},"end":{"line":24,"column":5}},"2":{"start":{"line":8,"column":58},"end":{"line":8,"column":66}},"3":{"start":{"line":10,"column":24},"end":{"line":16,"column":10}},"4":{"start":{"line":18,"column":8},"end":{"line":18,"column":29}},"5":{"start":{"line":20,"column":8},"end":{"line":20,"column":92}},"6":{"start":{"line":23,"column":8},"end":{"line":23,"column":80}},"7":{"start":{"line":28,"column":33},"end":{"line":37,"column":1}},"8":{"start":{"line":29,"column":4},"end":{"line":36,"column":5}},"9":{"start":{"line":30,"column":24},"end":{"line":30,"column":86}},"10":{"start":{"line":32,"column":8},"end":{"line":32,"column":38}},"11":{"start":{"line":35,"column":8},"end":{"line":35,"column":80}},"12":{"start":{"line":40,"column":26},"end":{"line":59,"column":1}},"13":{"start":{"line":41,"column":4},"end":{"line":58,"column":5}},"14":{"start":{"line":42,"column":21},"end":{"line":42,"column":55}},"15":{"start":{"line":44,"column":8},"end":{"line":46,"column":9}},"16":{"start":{"line":45,"column":12},"end":{"line":45,"column":72}},"17":{"start":{"line":48,"column":8},"end":{"line":50,"column":9}},"18":{"start":{"line":49,"column":12},"end":{"line":49,"column":100}},"19":{"start":{"line":52,"column":28},"end":{"line":52,"column":96}},"20":{"start":{"line":54,"column":8},"end":{"line":54,"column":90}},"21":{"start":{"line":57,"column":8},"end":{"line":57,"column":80}},"22":{"start":{"line":62,"column":26},"end":{"line":82,"column":1}},"23":{"start":{"line":63,"column":4},"end":{"line":81,"column":5}},"24":{"start":{"line":64,"column":21},"end":{"line":64,"column":55}},"25":{"start":{"line":66,"column":8},"end":{"line":68,"column":9}},"26":{"start":{"line":67,"column":12},"end":{"line":67,"column":72}},"27":{"start":{"line":70,"column":8},"end":{"line":72,"column":9}},"28":{"start":{"line":71,"column":12},"end":{"line":71,"column":100}},"29":{"start":{"line":74,"column":8},"end":{"line":74,"column":30}},"30":{"start":{"line":75,"column":8},"end":{"line":75,"column":26}},"31":{"start":{"line":77,"column":8},"end":{"line":77,"column":72}},"32":{"start":{"line":80,"column":8},"end":{"line":80,"column":80}},"33":{"start":{"line":85,"column":34},"end":{"line":116,"column":1}},"34":{"start":{"line":86,"column":4},"end":{"line":115,"column":5}},"35":{"start":{"line":87,"column":32},"end":{"line":87,"column":48}},"36":{"start":{"line":88,"column":8},"end":{"line":90,"column":9}},"37":{"start":{"line":89,"column":12},"end":{"line":89,"column":44}},"38":{"start":{"line":92,"column":33},"end":{"line":95,"column":29}},"39":{"start":{"line":97,"column":27},"end":{"line":101,"column":26}},"40":{"start":{"line":103,"column":24},"end":{"line":109,"column":45}},"41":{"start":{"line":111,"column":8},"end":{"line":111,"column":38}},"42":{"start":{"line":114,"column":8},"end":{"line":114,"column":80}},"43":{"start":{"line":119,"column":27},"end":{"line":147,"column":1}},"44":{"start":{"line":120,"column":4},"end":{"line":146,"column":5}},"45":{"start":{"line":121,"column":32},"end":{"line":121,"column":48}},"46":{"start":{"line":122,"column":8},"end":{"line":124,"column":9}},"47":{"start":{"line":123,"column":12},"end":{"line":123,"column":72}},"48":{"start":{"line":126,"column":27},"end":{"line":130,"column":26}},"49":{"start":{"line":132,"column":21},"end":{"line":138,"column":47}},"50":{"start":{"line":140,"column":8},"end":{"line":140,"column":79}},"51":{"start":{"line":140,"column":19},"end":{"line":140,"column":79}},"52":{"start":{"line":142,"column":8},"end":{"line":142,"column":35}},"53":{"start":{"line":145,"column":8},"end":{"line":145,"column":80}},"54":{"start":{"line":150,"column":26},"end":{"line":185,"column":1}},"55":{"start":{"line":151,"column":4},"end":{"line":184,"column":5}},"56":{"start":{"line":152,"column":46},"end":{"line":152,"column":54}},"57":{"start":{"line":154,"column":21},"end":{"line":154,"column":81}},"58":{"start":{"line":156,"column":8},"end":{"line":156,"column":79}},"59":{"start":{"line":156,"column":19},"end":{"line":156,"column":79}},"60":{"start":{"line":158,"column":20},"end":{"line":158,"column":21}},"61":{"start":{"line":159,"column":8},"end":{"line":161,"column":11}},"62":{"start":{"line":160,"column":12},"end":{"line":160,"column":67}},"63":{"start":{"line":160,"column":59},"end":{"line":160,"column":67}},"64":{"start":{"line":163,"column":26},"end":{"line":170,"column":10}},"65":{"start":{"line":172,"column":8},"end":{"line":172,"column":31}},"66":{"start":{"line":174,"column":8},"end":{"line":180,"column":11}},"67":{"start":{"line":178,"column":61},"end":{"line":178,"column":83}},"68":{"start":{"line":183,"column":8},"end":{"line":183,"column":80}},"69":{"start":{"line":188,"column":33},"end":{"line":200,"column":1}},"70":{"start":{"line":189,"column":4},"end":{"line":199,"column":5}},"71":{"start":{"line":190,"column":24},"end":{"line":193,"column":48}},"72":{"start":{"line":195,"column":8},"end":{"line":195,"column":38}},"73":{"start":{"line":198,"column":8},"end":{"line":198,"column":80}},"74":{"start":{"line":203,"column":40},"end":{"line":235,"column":1}},"75":{"start":{"line":204,"column":4},"end":{"line":234,"column":5}},"76":{"start":{"line":205,"column":21},"end":{"line":205,"column":55}},"77":{"start":{"line":207,"column":8},"end":{"line":209,"column":9}},"78":{"start":{"line":208,"column":12},"end":{"line":208,"column":72}},"79":{"start":{"line":211,"column":8},"end":{"line":213,"column":9}},"80":{"start":{"line":212,"column":12},"end":{"line":212,"column":110}},"81":{"start":{"line":215,"column":24},"end":{"line":220,"column":53}},"82":{"start":{"line":222,"column":8},"end":{"line":231,"column":11}},"83":{"start":{"line":233,"column":8},"end":{"line":233,"column":87}},"84":{"start":{"line":238,"column":43},"end":{"line":257,"column":1}},"85":{"start":{"line":239,"column":4},"end":{"line":256,"column":5}},"86":{"start":{"line":240,"column":31},"end":{"line":243,"column":26}},"87":{"start":{"line":245,"column":24},"end":{"line":251,"column":53}},"88":{"start":{"line":253,"column":8},"end":{"line":253,"column":49}},"89":{"start":{"line":255,"column":8},"end":{"line":255,"column":87}}},"fnMap":{"0":{"name":"(anonymous_0)","decl":{"start":{"line":6,"column":26},"end":{"line":6,"column":27}},"loc":{"start":{"line":6,"column":46},"end":{"line":25,"column":1}},"line":6},"1":{"name":"(anonymous_1)","decl":{"start":{"line":28,"column":33},"end":{"line":28,"column":34}},"loc":{"start":{"line":28,"column":53},"end":{"line":37,"column":1}},"line":28},"2":{"name":"(anonymous_2)","decl":{"start":{"line":40,"column":26},"end":{"line":40,"column":27}},"loc":{"start":{"line":40,"column":46},"end":{"line":59,"column":1}},"line":40},"3":{"name":"(anonymous_3)","decl":{"start":{"line":62,"column":26},"end":{"line":62,"column":27}},"loc":{"start":{"line":62,"column":46},"end":{"line":82,"column":1}},"line":62},"4":{"name":"(anonymous_4)","decl":{"start":{"line":85,"column":34},"end":{"line":85,"column":35}},"loc":{"start":{"line":85,"column":54},"end":{"line":116,"column":1}},"line":85},"5":{"name":"(anonymous_5)","decl":{"start":{"line":119,"column":27},"end":{"line":119,"column":28}},"loc":{"start":{"line":119,"column":47},"end":{"line":147,"column":1}},"line":119},"6":{"name":"(anonymous_6)","decl":{"start":{"line":150,"column":26},"end":{"line":150,"column":27}},"loc":{"start":{"line":150,"column":46},"end":{"line":185,"column":1}},"line":150},"7":{"name":"(anonymous_7)","decl":{"start":{"line":159,"column":31},"end":{"line":159,"column":32}},"loc":{"start":{"line":159,"column":52},"end":{"line":161,"column":9}},"line":159},"8":{"name":"(anonymous_8)","decl":{"start":{"line":178,"column":47},"end":{"line":178,"column":48}},"loc":{"start":{"line":178,"column":61},"end":{"line":178,"column":83}},"line":178},"9":{"name":"(anonymous_9)","decl":{"start":{"line":188,"column":33},"end":{"line":188,"column":34}},"loc":{"start":{"line":188,"column":53},"end":{"line":200,"column":1}},"line":188},"10":{"name":"(anonymous_10)","decl":{"start":{"line":203,"column":40},"end":{"line":203,"column":41}},"loc":{"start":{"line":203,"column":60},"end":{"line":235,"column":1}},"line":203},"11":{"name":"(anonymous_11)","decl":{"start":{"line":238,"column":43},"end":{"line":238,"column":44}},"loc":{"start":{"line":238,"column":63},"end":{"line":257,"column":1}},"line":238}},"branchMap":{"0":{"loc":{"start":{"line":44,"column":8},"end":{"line":46,"column":9}},"type":"if","locations":[{"start":{"line":44,"column":8},"end":{"line":46,"column":9}},{"start":{},"end":{}}],"line":44},"1":{"loc":{"start":{"line":44,"column":12},"end":{"line":44,"column":35}},"type":"binary-expr","locations":[{"start":{"line":44,"column":12},"end":{"line":44,"column":17}},{"start":{"line":44,"column":21},"end":{"line":44,"column":35}}],"line":44},"2":{"loc":{"start":{"line":48,"column":8},"end":{"line":50,"column":9}},"type":"if","locations":[{"start":{"line":48,"column":8},"end":{"line":50,"column":9}},{"start":{},"end":{}}],"line":48},"3":{"loc":{"start":{"line":66,"column":8},"end":{"line":68,"column":9}},"type":"if","locations":[{"start":{"line":66,"column":8},"end":{"line":68,"column":9}},{"start":{},"end":{}}],"line":66},"4":{"loc":{"start":{"line":66,"column":12},"end":{"line":66,"column":35}},"type":"binary-expr","locations":[{"start":{"line":66,"column":12},"end":{"line":66,"column":17}},{"start":{"line":66,"column":21},"end":{"line":66,"column":35}}],"line":66},"5":{"loc":{"start":{"line":70,"column":8},"end":{"line":72,"column":9}},"type":"if","locations":[{"start":{"line":70,"column":8},"end":{"line":72,"column":9}},{"start":{},"end":{}}],"line":70},"6":{"loc":{"start":{"line":88,"column":8},"end":{"line":90,"column":9}},"type":"if","locations":[{"start":{"line":88,"column":8},"end":{"line":90,"column":9}},{"start":{},"end":{}}],"line":88},"7":{"loc":{"start":{"line":122,"column":8},"end":{"line":124,"column":9}},"type":"if","locations":[{"start":{"line":122,"column":8},"end":{"line":124,"column":9}},{"start":{},"end":{}}],"line":122},"8":{"loc":{"start":{"line":140,"column":8},"end":{"line":140,"column":79}},"type":"if","locations":[{"start":{"line":140,"column":8},"end":{"line":140,"column":79}},{"start":{},"end":{}}],"line":140},"9":{"loc":{"start":{"line":156,"column":8},"end":{"line":156,"column":79}},"type":"if","locations":[{"start":{"line":156,"column":8},"end":{"line":156,"column":79}},{"start":{},"end":{}}],"line":156},"10":{"loc":{"start":{"line":160,"column":12},"end":{"line":160,"column":67}},"type":"if","locations":[{"start":{"line":160,"column":12},"end":{"line":160,"column":67}},{"start":{},"end":{}}],"line":160},"11":{"loc":{"start":{"line":169,"column":30},"end":{"line":169,"column":52}},"type":"binary-expr","locations":[{"start":{"line":169,"column":30},"end":{"line":169,"column":46}},{"start":{"line":169,"column":50},"end":{"line":169,"column":52}}],"line":169},"12":{"loc":{"start":{"line":207,"column":8},"end":{"line":209,"column":9}},"type":"if","locations":[{"start":{"line":207,"column":8},"end":{"line":209,"column":9}},{"start":{},"end":{}}],"line":207},"13":{"loc":{"start":{"line":207,"column":12},"end":{"line":207,"column":35}},"type":"binary-expr","locations":[{"start":{"line":207,"column":12},"end":{"line":207,"column":17}},{"start":{"line":207,"column":21},"end":{"line":207,"column":35}}],"line":207},"14":{"loc":{"start":{"line":211,"column":8},"end":{"line":213,"column":9}},"type":"if","locations":[{"start":{"line":211,"column":8},"end":{"line":213,"column":9}},{"start":{},"end":{}}],"line":211},"15":{"loc":{"start":{"line":227,"column":32},"end":{"line":227,"column":59}},"type":"binary-expr","locations":[{"start":{"line":227,"column":32},"end":{"line":227,"column":54}},{"start":{"line":227,"column":58},"end":{"line":227,"column":59}}],"line":227}},"s":{"0":1,"1":4,"2":4,"3":4,"4":4,"5":2,"6":2,"7":1,"8":3,"9":3,"10":2,"11":1,"12":1,"13":6,"14":6,"15":6,"16":2,"17":4,"18":1,"19":3,"20":2,"21":1,"22":1,"23":5,"24":5,"25":4,"26":2,"27":2,"28":1,"29":1,"30":1,"31":1,"32":1,"33":1,"34":0,"35":0,"36":0,"37":0,"38":0,"39":0,"40":0,"41":0,"42":0,"43":1,"44":0,"45":0,"46":0,"47":0,"48":0,"49":0,"50":0,"51":0,"52":0,"53":0,"54":1,"55":8,"56":8,"57":8,"58":7,"59":1,"60":6,"61":6,"62":14,"63":9,"64":6,"65":6,"66":5,"67":13,"68":2,"69":1,"70":0,"71":0,"72":0,"73":0,"74":1,"75":0,"76":0,"77":0,"78":0,"79":0,"80":0,"81":0,"82":0,"83":0,"84":1,"85":0,"86":0,"87":0,"88":0,"89":0},"f":{"0":4,"1":3,"2":6,"3":5,"4":0,"5":0,"6":8,"7":14,"8":13,"9":0,"10":0,"11":0},"b":{"0":[2,4],"1":[6,5],"2":[1,3],"3":[2,2],"4":[4,3],"5":[1,1],"6":[0,0],"7":[0,0],"8":[0,0],"9":[1,6],"10":[9,5],"11":[6,0],"12":[0,0],"13":[0,0],"14":[0,0],"15":[0,0]},"_coverageSchema":"1a1c01bbd47fc00a2c39e90264f33305004495a9","hash":"221d40aaf68c66b126ca4d262d426bd6aa23c4c9"}
,"C:\\Users\\ROG STRIX\\Desktop\\PROJECTS\\LearnBridge\\apps\\api\\validators\\QuizValidator.js": {"path":"C:\\Users\\ROG STRIX\\Desktop\\PROJECTS\\LearnBridge\\apps\\api\\validators\\QuizValidator.js","statementMap":{"0":{"start":{"line":4,"column":23},"end":{"line":15,"column":2}},"1":{"start":{"line":18,"column":32},"end":{"line":29,"column":2}},"2":{"start":{"line":32,"column":32},"end":{"line":45,"column":2}},"3":{"start":{"line":48,"column":30},"end":{"line":55,"column":2}},"4":{"start":{"line":57,"column":32},"end":{"line":62,"column":2}}},"fnMap":{},"branchMap":{},"s":{"0":1,"1":1,"2":1,"3":1,"4":1},"f":{},"b":{},"_coverageSchema":"1a1c01bbd47fc00a2c39e90264f33305004495a9","hash":"a70849a7320e356979e44baefb1b1413763f31fe"}
}
