TN:
SF:controllers\QuizController.js
FN:6,(anonymous_0)
FN:28,(anonymous_1)
FN:40,(anonymous_2)
FN:62,(anonymous_3)
FN:85,(anonymous_4)
FN:119,(anonymous_5)
FN:150,(anonymous_6)
FN:159,(anonymous_7)
FN:178,(anonymous_8)
FN:188,(anonymous_9)
FN:203,(anonymous_10)
FN:238,(anonymous_11)
FNF:12
FNH:7
FNDA:4,(anonymous_0)
FNDA:3,(anonymous_1)
FNDA:6,(anonymous_2)
FNDA:5,(anonymous_3)
FNDA:0,(anonymous_4)
FNDA:0,(anonymous_5)
FNDA:8,(anonymous_6)
FNDA:14,(anonymous_7)
FNDA:13,(anonymous_8)
FNDA:0,(anonymous_9)
FNDA:0,(anonymous_10)
FNDA:0,(anonymous_11)
DA:6,1
DA:7,4
DA:8,4
DA:10,4
DA:18,4
DA:20,2
DA:23,2
DA:28,1
DA:29,3
DA:30,3
DA:32,2
DA:35,1
DA:40,1
DA:41,6
DA:42,6
DA:44,6
DA:45,2
DA:48,4
DA:49,1
DA:52,3
DA:54,2
DA:57,1
DA:62,1
DA:63,5
DA:64,5
DA:66,4
DA:67,2
DA:70,2
DA:71,1
DA:74,1
DA:75,1
DA:77,1
DA:80,1
DA:85,1
DA:86,0
DA:87,0
DA:88,0
DA:89,0
DA:92,0
DA:97,0
DA:103,0
DA:111,0
DA:114,0
DA:119,1
DA:120,0
DA:121,0
DA:122,0
DA:123,0
DA:126,0
DA:132,0
DA:140,0
DA:142,0
DA:145,0
DA:150,1
DA:151,8
DA:152,8
DA:154,8
DA:156,7
DA:158,6
DA:159,6
DA:160,14
DA:163,6
DA:172,6
DA:174,5
DA:178,13
DA:183,2
DA:188,1
DA:189,0
DA:190,0
DA:195,0
DA:198,0
DA:203,1
DA:204,0
DA:205,0
DA:207,0
DA:208,0
DA:211,0
DA:212,0
DA:215,0
DA:222,0
DA:233,0
DA:238,1
DA:239,0
DA:240,0
DA:245,0
DA:253,0
DA:255,0
LF:87
LH:51
BRDA:44,0,0,2
BRDA:44,0,1,4
BRDA:44,1,0,6
BRDA:44,1,1,5
BRDA:48,2,0,1
BRDA:48,2,1,3
BRDA:66,3,0,2
BRDA:66,3,1,2
BRDA:66,4,0,4
BRDA:66,4,1,3
BRDA:70,5,0,1
BRDA:70,5,1,1
BRDA:88,6,0,0
BRDA:88,6,1,0
BRDA:122,7,0,0
BRDA:122,7,1,0
BRDA:140,8,0,0
BRDA:140,8,1,0
BRDA:156,9,0,1
BRDA:156,9,1,6
BRDA:160,10,0,9
BRDA:160,10,1,5
BRDA:169,11,0,6
BRDA:169,11,1,0
BRDA:207,12,0,0
BRDA:207,12,1,0
BRDA:207,13,0,0
BRDA:207,13,1,0
BRDA:211,14,0,0
BRDA:211,14,1,0
BRDA:227,15,0,0
BRDA:227,15,1,0
BRF:32
BRH:17
end_of_record
TN:
SF:validators\QuizValidator.js
FNF:0
FNH:0
DA:4,1
DA:18,1
DA:32,1
DA:48,1
DA:57,1
LF:5
LH:5
BRF:0
BRH:0
end_of_record
